[2025-12-08T00:16:06.549+0000] {local_task_job_runner.py:120} INFO - ::group::Pre task execution logs
[2025-12-08T00:16:06.592+0000] {taskinstance.py:2073} INFO - Dependencies all met for dep_context=non-requeueable deps ti=<TaskInstance: drive_to_refine.mplus_stt manual__2025-12-08T00:16:05.531280+00:00 [queued]>
[2025-12-08T00:16:06.601+0000] {taskinstance.py:2073} INFO - Dependencies all met for dep_context=requeueable deps ti=<TaskInstance: drive_to_refine.mplus_stt manual__2025-12-08T00:16:05.531280+00:00 [queued]>
[2025-12-08T00:16:06.602+0000] {taskinstance.py:2303} INFO - Starting attempt 1 of 1
[2025-12-08T00:16:06.618+0000] {taskinstance.py:2327} INFO - Executing <Task(BashOperator): mplus_stt> on 2025-12-08 00:16:05.531280+00:00
[2025-12-08T00:16:06.625+0000] {warnings.py:110} WARNING - /home/airflow/.local/lib/python3.12/site-packages/airflow/task/task_runner/standard_task_runner.py:61: DeprecationWarning: This process (pid=251) is multi-threaded, use of fork() may lead to deadlocks in the child.
  pid = os.fork()

[2025-12-08T00:16:06.627+0000] {standard_task_runner.py:63} INFO - Started process 252 to run task
[2025-12-08T00:16:06.628+0000] {standard_task_runner.py:90} INFO - Running: ['airflow', 'tasks', 'run', 'drive_to_refine', 'mplus_stt', 'manual__2025-12-08T00:16:05.531280+00:00', '--job-id', '29', '--raw', '--subdir', 'DAGS_FOLDER/source_to_target/drive_to_refine.py', '--cfg-path', '/tmp/tmpwcziu1vo']
[2025-12-08T00:16:06.631+0000] {standard_task_runner.py:91} INFO - Job 29: Subtask mplus_stt
[2025-12-08T00:16:06.721+0000] {task_command.py:426} INFO - Running <TaskInstance: drive_to_refine.mplus_stt manual__2025-12-08T00:16:05.531280+00:00 [running]> on host 07340001eaa2
[2025-12-08T00:16:06.848+0000] {taskinstance.py:2644} INFO - Exporting env vars: AIRFLOW_CTX_DAG_OWNER='airflow' AIRFLOW_CTX_DAG_ID='drive_to_refine' AIRFLOW_CTX_TASK_ID='mplus_stt' AIRFLOW_CTX_EXECUTION_DATE='2025-12-08T00:16:05.531280+00:00' AIRFLOW_CTX_TRY_NUMBER='1' AIRFLOW_CTX_DAG_RUN_ID='manual__2025-12-08T00:16:05.531280+00:00'
[2025-12-08T00:16:06.852+0000] {taskinstance.py:430} INFO - ::endgroup::
[2025-12-08T00:16:06.867+0000] {subprocess.py:63} INFO - Tmp dir root location: /tmp
[2025-12-08T00:16:06.869+0000] {subprocess.py:75} INFO - Running command: ['/usr/bin/bash', '-c', 'cd /script/staging ; python mplus_stt.py || exit 3']
[2025-12-08T00:16:06.882+0000] {subprocess.py:86} INFO - Output:
[2025-12-08T00:16:08.171+0000] {subprocess.py:93} INFO - Retrieving folder contents
[2025-12-08T00:16:08.941+0000] {subprocess.py:93} INFO - Retrieving folder contents completed
[2025-12-08T00:16:08.942+0000] {subprocess.py:93} INFO - Building directory structure
[2025-12-08T00:16:08.943+0000] {subprocess.py:93} INFO - Building directory structure completed
[2025-12-08T00:16:11.182+0000] {subprocess.py:93} INFO - Downloading...
[2025-12-08T00:16:11.182+0000] {subprocess.py:93} INFO - From: https://drive.google.com/uc?id=1i-9rOleCUaVOt64-SB6z0XAVeLZaxlqL
[2025-12-08T00:16:11.183+0000] {subprocess.py:93} INFO - To: /script/temp_files/STT1.csv
[2025-12-08T00:16:11.202+0000] {subprocess.py:93} INFO - Downloading all files inside Google Drive folder...
[2025-12-08T00:16:11.203+0000] {subprocess.py:93} INFO - Processing file 1i-9rOleCUaVOt64-SB6z0XAVeLZaxlqL STT1.csv
[2025-12-08T00:16:11.204+0000] {subprocess.py:93} INFO - Processing file 1bfmlLJYx2fYNf2vhwiqIYpVGdrJiKvQ- STT2.csv
[2025-12-08T00:16:11.204+0000] {subprocess.py:93} INFO -   0%|          | 0.00/11.6k [00:00<?, ?B/s]100%|██████████| 11.6k/11.6k [00:00<00:00, 12.9MB/s]
[2025-12-08T00:16:13.300+0000] {subprocess.py:93} INFO - Downloading...
[2025-12-08T00:16:13.301+0000] {subprocess.py:93} INFO - From: https://drive.google.com/uc?id=1bfmlLJYx2fYNf2vhwiqIYpVGdrJiKvQ-
[2025-12-08T00:16:13.302+0000] {subprocess.py:93} INFO - To: /script/temp_files/STT2.csv
[2025-12-08T00:16:13.303+0000] {subprocess.py:93} INFO -   0%|          | 0.00/13.8k [00:00<?, ?B/s]100%|██████████| 13.8k/13.8k [00:00<00:00, 13.4MB/s]
[2025-12-08T00:16:13.314+0000] {subprocess.py:93} INFO - Download completed
[2025-12-08T00:16:13.387+0000] {subprocess.py:93} INFO - All files downloaded to: /script/temp_files
[2025-12-08T00:16:13.388+0000] {subprocess.py:93} INFO - Found files: ['/script/temp_files/STT1.csv', '/script/temp_files/STT2.csv']
[2025-12-08T00:16:13.389+0000] {subprocess.py:93} INFO - Reading STT1.csv ...
[2025-12-08T00:16:13.390+0000] {subprocess.py:93} INFO - Reading STT2.csv ...
[2025-12-08T00:16:13.391+0000] {subprocess.py:93} INFO - 
[2025-12-08T00:16:13.392+0000] {subprocess.py:93} INFO - Saved unified parquet → /staging/mplus_stt.parquet
[2025-12-08T00:16:13.393+0000] {subprocess.py:93} INFO - 
[2025-12-08T00:16:13.394+0000] {subprocess.py:93} INFO - Removing temp folder completely...
[2025-12-08T00:16:13.395+0000] {subprocess.py:93} INFO - Temp folder removed.
[2025-12-08T00:16:13.524+0000] {subprocess.py:97} INFO - Command exited with return code 0
[2025-12-08T00:16:13.525+0000] {taskinstance.py:441} INFO - ::group::Post task execution logs
[2025-12-08T00:16:13.566+0000] {taskinstance.py:1205} INFO - Marking task as SUCCESS. dag_id=drive_to_refine, task_id=mplus_stt, execution_date=20251208T001605, start_date=20251208T001606, end_date=20251208T001613
[2025-12-08T00:16:13.603+0000] {local_task_job_runner.py:240} INFO - Task exited with return code 0
[2025-12-08T00:16:13.631+0000] {taskinstance.py:3482} INFO - 1 downstream tasks scheduled from follow-on schedule check
[2025-12-08T00:16:13.635+0000] {local_task_job_runner.py:222} INFO - ::endgroup::
