[2025-12-08T00:15:47.267+0000] {local_task_job_runner.py:120} INFO - ::group::Pre task execution logs
[2025-12-08T00:15:47.294+0000] {taskinstance.py:2073} INFO - Dependencies all met for dep_context=non-requeueable deps ti=<TaskInstance: drive_to_refine.ref_mplus_stt manual__2025-12-08T00:15:36.993798+00:00 [queued]>
[2025-12-08T00:15:47.303+0000] {taskinstance.py:2073} INFO - Dependencies all met for dep_context=requeueable deps ti=<TaskInstance: drive_to_refine.ref_mplus_stt manual__2025-12-08T00:15:36.993798+00:00 [queued]>
[2025-12-08T00:15:47.305+0000] {taskinstance.py:2303} INFO - Starting attempt 1 of 1
[2025-12-08T00:15:47.320+0000] {taskinstance.py:2327} INFO - Executing <Task(BashOperator): ref_mplus_stt> on 2025-12-08 00:15:36.993798+00:00
[2025-12-08T00:15:47.326+0000] {warnings.py:110} WARNING - /home/airflow/.local/lib/python3.12/site-packages/airflow/task/task_runner/standard_task_runner.py:61: DeprecationWarning: This process (pid=214) is multi-threaded, use of fork() may lead to deadlocks in the child.
  pid = os.fork()

[2025-12-08T00:15:47.327+0000] {standard_task_runner.py:63} INFO - Started process 215 to run task
[2025-12-08T00:15:47.327+0000] {standard_task_runner.py:90} INFO - Running: ['airflow', 'tasks', 'run', 'drive_to_refine', 'ref_mplus_stt', 'manual__2025-12-08T00:15:36.993798+00:00', '--job-id', '27', '--raw', '--subdir', 'DAGS_FOLDER/source_to_target/drive_to_refine.py', '--cfg-path', '/tmp/tmp_9_f42j9']
[2025-12-08T00:15:47.330+0000] {standard_task_runner.py:91} INFO - Job 27: Subtask ref_mplus_stt
[2025-12-08T00:15:47.402+0000] {task_command.py:426} INFO - Running <TaskInstance: drive_to_refine.ref_mplus_stt manual__2025-12-08T00:15:36.993798+00:00 [running]> on host 07340001eaa2
[2025-12-08T00:15:47.510+0000] {taskinstance.py:2644} INFO - Exporting env vars: AIRFLOW_CTX_DAG_OWNER='airflow' AIRFLOW_CTX_DAG_ID='drive_to_refine' AIRFLOW_CTX_TASK_ID='ref_mplus_stt' AIRFLOW_CTX_EXECUTION_DATE='2025-12-08T00:15:36.993798+00:00' AIRFLOW_CTX_TRY_NUMBER='1' AIRFLOW_CTX_DAG_RUN_ID='manual__2025-12-08T00:15:36.993798+00:00'
[2025-12-08T00:15:47.512+0000] {taskinstance.py:430} INFO - ::endgroup::
[2025-12-08T00:15:47.525+0000] {subprocess.py:63} INFO - Tmp dir root location: /tmp
[2025-12-08T00:15:47.527+0000] {subprocess.py:75} INFO - Running command: ['/usr/bin/bash', '-c', 'cd /script/refine ; python ref_mplus_stt.py || exit 3']
[2025-12-08T00:15:47.536+0000] {subprocess.py:86} INFO - Output:
[2025-12-08T00:15:48.739+0000] {subprocess.py:93} INFO - 2025-12-08 00:15:48,739 - ERROR - Script execution failed: connection to server at "localhost" (::1), port 5432 failed: Connection refused
[2025-12-08T00:15:48.740+0000] {subprocess.py:93} INFO - 	Is the server running on that host and accepting TCP/IP connections?
[2025-12-08T00:15:48.741+0000] {subprocess.py:93} INFO - connection to server at "localhost" (127.0.0.1), port 5432 failed: Connection refused
[2025-12-08T00:15:48.741+0000] {subprocess.py:93} INFO - 	Is the server running on that host and accepting TCP/IP connections?
[2025-12-08T00:15:48.742+0000] {subprocess.py:93} INFO - 
[2025-12-08T00:15:48.742+0000] {subprocess.py:93} INFO - Traceback (most recent call last):
[2025-12-08T00:15:48.743+0000] {subprocess.py:93} INFO -   File "/script/refine/ref_mplus_stt.py", line 115, in <module>
[2025-12-08T00:15:48.743+0000] {subprocess.py:93} INFO -     main()
[2025-12-08T00:15:48.744+0000] {subprocess.py:93} INFO -   File "/script/refine/ref_mplus_stt.py", line 81, in main
[2025-12-08T00:15:48.745+0000] {subprocess.py:93} INFO -     copy_dataframe_to_postgres(df, table, target_schema)
[2025-12-08T00:15:48.745+0000] {subprocess.py:93} INFO -   File "/script/refine/ref_mplus_stt.py", line 24, in copy_dataframe_to_postgres
[2025-12-08T00:15:48.746+0000] {subprocess.py:93} INFO -     conn = psycopg2.connect(
[2025-12-08T00:15:48.747+0000] {subprocess.py:93} INFO -            ^^^^^^^^^^^^^^^^^
[2025-12-08T00:15:48.747+0000] {subprocess.py:93} INFO -   File "/home/airflow/.local/lib/python3.12/site-packages/psycopg2/__init__.py", line 122, in connect
[2025-12-08T00:15:48.748+0000] {subprocess.py:93} INFO -     conn = _connect(dsn, connection_factory=connection_factory, **kwasync)
[2025-12-08T00:15:48.748+0000] {subprocess.py:93} INFO -            ^^^^^^^^^^^^^^^^^^^^^^^^^^^^^^^^^^^^^^^^^^^^^^^^^^^^^^^^^^^^^^^
[2025-12-08T00:15:48.748+0000] {subprocess.py:93} INFO - psycopg2.OperationalError: connection to server at "localhost" (::1), port 5432 failed: Connection refused
[2025-12-08T00:15:48.749+0000] {subprocess.py:93} INFO - 	Is the server running on that host and accepting TCP/IP connections?
[2025-12-08T00:15:48.749+0000] {subprocess.py:93} INFO - connection to server at "localhost" (127.0.0.1), port 5432 failed: Connection refused
[2025-12-08T00:15:48.749+0000] {subprocess.py:93} INFO - 	Is the server running on that host and accepting TCP/IP connections?
[2025-12-08T00:15:48.750+0000] {subprocess.py:93} INFO - 
[2025-12-08T00:15:48.843+0000] {subprocess.py:97} INFO - Command exited with return code 3
[2025-12-08T00:15:48.844+0000] {taskinstance.py:441} INFO - ::group::Post task execution logs
[2025-12-08T00:15:48.857+0000] {taskinstance.py:2890} ERROR - Task failed with exception
Traceback (most recent call last):
  File "/home/airflow/.local/lib/python3.12/site-packages/airflow/models/taskinstance.py", line 465, in _execute_task
    result = _execute_callable(context=context, **execute_callable_kwargs)
             ^^^^^^^^^^^^^^^^^^^^^^^^^^^^^^^^^^^^^^^^^^^^^^^^^^^^^^^^^^^^^
  File "/home/airflow/.local/lib/python3.12/site-packages/airflow/models/taskinstance.py", line 432, in _execute_callable
    return execute_callable(context=context, **execute_callable_kwargs)
           ^^^^^^^^^^^^^^^^^^^^^^^^^^^^^^^^^^^^^^^^^^^^^^^^^^^^^^^^^^^^
  File "/home/airflow/.local/lib/python3.12/site-packages/airflow/models/baseoperator.py", line 400, in wrapper
    return func(self, *args, **kwargs)
           ^^^^^^^^^^^^^^^^^^^^^^^^^^^
  File "/home/airflow/.local/lib/python3.12/site-packages/airflow/operators/bash.py", line 243, in execute
    raise AirflowException(
airflow.exceptions.AirflowException: Bash command failed. The command returned a non-zero exit code 3.
[2025-12-08T00:15:48.862+0000] {taskinstance.py:1205} INFO - Marking task as FAILED. dag_id=drive_to_refine, task_id=ref_mplus_stt, execution_date=20251208T001536, start_date=20251208T001547, end_date=20251208T001548
[2025-12-08T00:15:48.878+0000] {standard_task_runner.py:110} ERROR - Failed to execute job 27 for task ref_mplus_stt (Bash command failed. The command returned a non-zero exit code 3.; 215)
[2025-12-08T00:15:48.907+0000] {local_task_job_runner.py:240} INFO - Task exited with return code 1
[2025-12-08T00:15:48.927+0000] {taskinstance.py:3482} INFO - 0 downstream tasks scheduled from follow-on schedule check
[2025-12-08T00:15:48.930+0000] {local_task_job_runner.py:222} INFO - ::endgroup::
