[2025-12-08T01:25:07.696+0000] {local_task_job_runner.py:120} INFO - ::group::Pre task execution logs
[2025-12-08T01:25:07.736+0000] {taskinstance.py:2073} INFO - Dependencies all met for dep_context=non-requeueable deps ti=<TaskInstance: dm_mplus_stt_dmart.dm_mplus_billing manual__2025-12-08T01:25:06.455362+00:00 [queued]>
[2025-12-08T01:25:07.749+0000] {taskinstance.py:2073} INFO - Dependencies all met for dep_context=requeueable deps ti=<TaskInstance: dm_mplus_stt_dmart.dm_mplus_billing manual__2025-12-08T01:25:06.455362+00:00 [queued]>
[2025-12-08T01:25:07.750+0000] {taskinstance.py:2303} INFO - Starting attempt 1 of 1
[2025-12-08T01:25:07.769+0000] {taskinstance.py:2327} INFO - Executing <Task(BashOperator): dm_mplus_billing> on 2025-12-08 01:25:06.455362+00:00
[2025-12-08T01:25:07.778+0000] {warnings.py:110} WARNING - /home/airflow/.local/lib/python3.12/site-packages/airflow/task/task_runner/standard_task_runner.py:61: DeprecationWarning: This process (pid=454) is multi-threaded, use of fork() may lead to deadlocks in the child.
  pid = os.fork()

[2025-12-08T01:25:07.780+0000] {standard_task_runner.py:63} INFO - Started process 455 to run task
[2025-12-08T01:25:07.781+0000] {standard_task_runner.py:90} INFO - Running: ['airflow', 'tasks', 'run', 'dm_mplus_stt_dmart', 'dm_mplus_billing', 'manual__2025-12-08T01:25:06.455362+00:00', '--job-id', '43', '--raw', '--subdir', 'DAGS_FOLDER/dmart/dm_mplus_billing.py', '--cfg-path', '/tmp/tmpede18mbt']
[2025-12-08T01:25:07.785+0000] {standard_task_runner.py:91} INFO - Job 43: Subtask dm_mplus_billing
[2025-12-08T01:25:07.888+0000] {task_command.py:426} INFO - Running <TaskInstance: dm_mplus_stt_dmart.dm_mplus_billing manual__2025-12-08T01:25:06.455362+00:00 [running]> on host a1c568a6392d
[2025-12-08T01:25:08.025+0000] {taskinstance.py:2644} INFO - Exporting env vars: AIRFLOW_CTX_DAG_OWNER='airflow' AIRFLOW_CTX_DAG_ID='dm_mplus_stt_dmart' AIRFLOW_CTX_TASK_ID='dm_mplus_billing' AIRFLOW_CTX_EXECUTION_DATE='2025-12-08T01:25:06.455362+00:00' AIRFLOW_CTX_TRY_NUMBER='1' AIRFLOW_CTX_DAG_RUN_ID='manual__2025-12-08T01:25:06.455362+00:00'
[2025-12-08T01:25:08.026+0000] {taskinstance.py:430} INFO - ::endgroup::
[2025-12-08T01:25:08.041+0000] {subprocess.py:63} INFO - Tmp dir root location: /tmp
[2025-12-08T01:25:08.043+0000] {subprocess.py:75} INFO - Running command: ['/usr/bin/bash', '-c', 'cd /script/dmart ; python dm_mplus_billing.py || exit 3']
[2025-12-08T01:25:08.054+0000] {subprocess.py:86} INFO - Output:
[2025-12-08T01:25:09.208+0000] {subprocess.py:93} INFO - 2025-12-08 01:25:09,208 - INFO - Running DBT: dbt run --select tag:dm_mplus_billing --target ref_prod --project-dir /script/dbt --profiles-dir /script/dbt
[2025-12-08T01:25:15.102+0000] {subprocess.py:93} INFO - 2025-12-08 01:25:15,101 - INFO - DBT run completed successfully.
[2025-12-08T01:25:15.149+0000] {subprocess.py:93} INFO - 2025-12-08 01:25:15,149 - INFO - Mengambil data dari refine.dm_mplus_billing ...
[2025-12-08T01:25:15.159+0000] {subprocess.py:93} INFO - /script/dmart/dm_mplus_billing.py:60: UserWarning: pandas only supports SQLAlchemy connectable (engine/connection) or database string URI or sqlite3 DBAPI2 connection. Other DBAPI2 objects are not tested. Please consider using SQLAlchemy.
[2025-12-08T01:25:15.160+0000] {subprocess.py:93} INFO -   df = pd.read_sql(query, raw_conn)
[2025-12-08T01:25:15.162+0000] {subprocess.py:93} INFO - 2025-12-08 01:25:15,162 - INFO - Jumlah baris di refine: 100
[2025-12-08T01:25:15.163+0000] {subprocess.py:93} INFO - 2025-12-08 01:25:15,162 - INFO - Menulis data ke dmart.dm_mplus_billing ...
[2025-12-08T01:25:15.163+0000] {subprocess.py:93} INFO - /script/dmart/dm_mplus_billing.py:66: UserWarning: pandas only supports SQLAlchemy connectable (engine/connection) or database string URI or sqlite3 DBAPI2 connection. Other DBAPI2 objects are not tested. Please consider using SQLAlchemy.
[2025-12-08T01:25:15.164+0000] {subprocess.py:93} INFO -   df.to_sql(
[2025-12-08T01:25:15.168+0000] {subprocess.py:93} INFO - 2025-12-08 01:25:15,164 - ERROR - Script execution failed: 'Connection' object has no attribute 'cursor'
[2025-12-08T01:25:15.169+0000] {subprocess.py:93} INFO - Traceback (most recent call last):
[2025-12-08T01:25:15.170+0000] {subprocess.py:93} INFO -   File "/script/dmart/dm_mplus_billing.py", line 90, in main
[2025-12-08T01:25:15.171+0000] {subprocess.py:93} INFO -     copy_refine_to_dmart()
[2025-12-08T01:25:15.171+0000] {subprocess.py:93} INFO -   File "/script/dmart/dm_mplus_billing.py", line 66, in copy_refine_to_dmart
[2025-12-08T01:25:15.172+0000] {subprocess.py:93} INFO -     df.to_sql(
[2025-12-08T01:25:15.173+0000] {subprocess.py:93} INFO -   File "/home/airflow/.local/lib/python3.12/site-packages/pandas/util/_decorators.py", line 333, in wrapper
[2025-12-08T01:25:15.173+0000] {subprocess.py:93} INFO -     return func(*args, **kwargs)
[2025-12-08T01:25:15.174+0000] {subprocess.py:93} INFO -            ^^^^^^^^^^^^^^^^^^^^^
[2025-12-08T01:25:15.174+0000] {subprocess.py:93} INFO -   File "/home/airflow/.local/lib/python3.12/site-packages/pandas/core/generic.py", line 3087, in to_sql
[2025-12-08T01:25:15.175+0000] {subprocess.py:93} INFO -     return sql.to_sql(
[2025-12-08T01:25:15.175+0000] {subprocess.py:93} INFO -            ^^^^^^^^^^^
[2025-12-08T01:25:15.176+0000] {subprocess.py:93} INFO -   File "/home/airflow/.local/lib/python3.12/site-packages/pandas/io/sql.py", line 842, in to_sql
[2025-12-08T01:25:15.177+0000] {subprocess.py:93} INFO -     return pandas_sql.to_sql(
[2025-12-08T01:25:15.177+0000] {subprocess.py:93} INFO -            ^^^^^^^^^^^^^^^^^^
[2025-12-08T01:25:15.178+0000] {subprocess.py:93} INFO -   File "/home/airflow/.local/lib/python3.12/site-packages/pandas/io/sql.py", line 2850, in to_sql
[2025-12-08T01:25:15.178+0000] {subprocess.py:93} INFO -     table.create()
[2025-12-08T01:25:15.178+0000] {subprocess.py:93} INFO -   File "/home/airflow/.local/lib/python3.12/site-packages/pandas/io/sql.py", line 984, in create
[2025-12-08T01:25:15.179+0000] {subprocess.py:93} INFO -     if self.exists():
[2025-12-08T01:25:15.179+0000] {subprocess.py:93} INFO -        ^^^^^^^^^^^^^
[2025-12-08T01:25:15.180+0000] {subprocess.py:93} INFO -   File "/home/airflow/.local/lib/python3.12/site-packages/pandas/io/sql.py", line 970, in exists
[2025-12-08T01:25:15.180+0000] {subprocess.py:93} INFO -     return self.pd_sql.has_table(self.name, self.schema)
[2025-12-08T01:25:15.180+0000] {subprocess.py:93} INFO -            ^^^^^^^^^^^^^^^^^^^^^^^^^^^^^^^^^^^^^^^^^^^^^
[2025-12-08T01:25:15.181+0000] {subprocess.py:93} INFO -   File "/home/airflow/.local/lib/python3.12/site-packages/pandas/io/sql.py", line 2865, in has_table
[2025-12-08T01:25:15.181+0000] {subprocess.py:93} INFO -     return len(self.execute(query, [name]).fetchall()) > 0
[2025-12-08T01:25:15.181+0000] {subprocess.py:93} INFO -                ^^^^^^^^^^^^^^^^^^^^^^^^^^^
[2025-12-08T01:25:15.182+0000] {subprocess.py:93} INFO -   File "/home/airflow/.local/lib/python3.12/site-packages/pandas/io/sql.py", line 2672, in execute
[2025-12-08T01:25:15.182+0000] {subprocess.py:93} INFO -     cur = self.con.cursor()
[2025-12-08T01:25:15.183+0000] {subprocess.py:93} INFO -           ^^^^^^^^^^^^^^^
[2025-12-08T01:25:15.183+0000] {subprocess.py:93} INFO - AttributeError: 'Connection' object has no attribute 'cursor'
[2025-12-08T01:25:15.183+0000] {subprocess.py:93} INFO - [0m01:25:12  Running with dbt=1.7.0
[2025-12-08T01:25:15.184+0000] {subprocess.py:93} INFO - [0m01:25:12  Registered adapter: postgres=1.7.0
[2025-12-08T01:25:15.184+0000] {subprocess.py:93} INFO - [0m01:25:12  [[33mWARNING[0m]: Configuration paths exist in your dbt_project.yml file which do not apply to any resources.
[2025-12-08T01:25:15.185+0000] {subprocess.py:93} INFO - There are 1 unused configuration paths:
[2025-12-08T01:25:15.185+0000] {subprocess.py:93} INFO - - models.mplus_dbt.example
[2025-12-08T01:25:15.185+0000] {subprocess.py:93} INFO - [0m01:25:13  Found 2 models, 0 sources, 0 exposures, 0 metrics, 401 macros, 0 groups, 0 semantic models
[2025-12-08T01:25:15.186+0000] {subprocess.py:93} INFO - [0m01:25:13
[2025-12-08T01:25:15.186+0000] {subprocess.py:93} INFO - [0m01:25:13  Concurrency: 1 threads (target='ref_prod')
[2025-12-08T01:25:15.187+0000] {subprocess.py:93} INFO - [0m01:25:13
[2025-12-08T01:25:15.187+0000] {subprocess.py:93} INFO - [0m01:25:13  1 of 1 START sql table model refine.dm_mplus_billing ........................... [RUN]
[2025-12-08T01:25:15.187+0000] {subprocess.py:93} INFO - [0m01:25:13  1 of 1 OK created sql table model refine.dm_mplus_billing ...................... [[32mSELECT 100[0m in 0.18s]
[2025-12-08T01:25:15.188+0000] {subprocess.py:93} INFO - [0m01:25:13
[2025-12-08T01:25:15.189+0000] {subprocess.py:93} INFO - [0m01:25:13  Finished running 1 table model in 0 hours 0 minutes and 0.36 seconds (0.36s).
[2025-12-08T01:25:15.189+0000] {subprocess.py:93} INFO - [0m01:25:13
[2025-12-08T01:25:15.190+0000] {subprocess.py:93} INFO - [0m01:25:13  [32mCompleted successfully[0m
[2025-12-08T01:25:15.191+0000] {subprocess.py:93} INFO - [0m01:25:13
[2025-12-08T01:25:15.191+0000] {subprocess.py:93} INFO - [0m01:25:13  Done. PASS=1 WARN=0 ERROR=0 SKIP=0 TOTAL=1
[2025-12-08T01:25:15.192+0000] {subprocess.py:93} INFO - 
[2025-12-08T01:25:15.192+0000] {subprocess.py:93} INFO - Traceback (most recent call last):
[2025-12-08T01:25:15.193+0000] {subprocess.py:93} INFO -   File "/script/dmart/dm_mplus_billing.py", line 99, in <module>
[2025-12-08T01:25:15.194+0000] {subprocess.py:93} INFO -     main()
[2025-12-08T01:25:15.194+0000] {subprocess.py:93} INFO -   File "/script/dmart/dm_mplus_billing.py", line 90, in main
[2025-12-08T01:25:15.195+0000] {subprocess.py:93} INFO -     copy_refine_to_dmart()
[2025-12-08T01:25:15.195+0000] {subprocess.py:93} INFO -   File "/script/dmart/dm_mplus_billing.py", line 66, in copy_refine_to_dmart
[2025-12-08T01:25:15.196+0000] {subprocess.py:93} INFO -     df.to_sql(
[2025-12-08T01:25:15.196+0000] {subprocess.py:93} INFO -   File "/home/airflow/.local/lib/python3.12/site-packages/pandas/util/_decorators.py", line 333, in wrapper
[2025-12-08T01:25:15.197+0000] {subprocess.py:93} INFO -     return func(*args, **kwargs)
[2025-12-08T01:25:15.197+0000] {subprocess.py:93} INFO -            ^^^^^^^^^^^^^^^^^^^^^
[2025-12-08T01:25:15.198+0000] {subprocess.py:93} INFO -   File "/home/airflow/.local/lib/python3.12/site-packages/pandas/core/generic.py", line 3087, in to_sql
[2025-12-08T01:25:15.198+0000] {subprocess.py:93} INFO -     return sql.to_sql(
[2025-12-08T01:25:15.199+0000] {subprocess.py:93} INFO -            ^^^^^^^^^^^
[2025-12-08T01:25:15.199+0000] {subprocess.py:93} INFO -   File "/home/airflow/.local/lib/python3.12/site-packages/pandas/io/sql.py", line 842, in to_sql
[2025-12-08T01:25:15.200+0000] {subprocess.py:93} INFO -     return pandas_sql.to_sql(
[2025-12-08T01:25:15.200+0000] {subprocess.py:93} INFO -            ^^^^^^^^^^^^^^^^^^
[2025-12-08T01:25:15.201+0000] {subprocess.py:93} INFO -   File "/home/airflow/.local/lib/python3.12/site-packages/pandas/io/sql.py", line 2850, in to_sql
[2025-12-08T01:25:15.201+0000] {subprocess.py:93} INFO -     table.create()
[2025-12-08T01:25:15.202+0000] {subprocess.py:93} INFO -   File "/home/airflow/.local/lib/python3.12/site-packages/pandas/io/sql.py", line 984, in create
[2025-12-08T01:25:15.202+0000] {subprocess.py:93} INFO -     if self.exists():
[2025-12-08T01:25:15.202+0000] {subprocess.py:93} INFO -        ^^^^^^^^^^^^^
[2025-12-08T01:25:15.203+0000] {subprocess.py:93} INFO -   File "/home/airflow/.local/lib/python3.12/site-packages/pandas/io/sql.py", line 970, in exists
[2025-12-08T01:25:15.203+0000] {subprocess.py:93} INFO -     return self.pd_sql.has_table(self.name, self.schema)
[2025-12-08T01:25:15.204+0000] {subprocess.py:93} INFO -            ^^^^^^^^^^^^^^^^^^^^^^^^^^^^^^^^^^^^^^^^^^^^^
[2025-12-08T01:25:15.205+0000] {subprocess.py:93} INFO -   File "/home/airflow/.local/lib/python3.12/site-packages/pandas/io/sql.py", line 2865, in has_table
[2025-12-08T01:25:15.205+0000] {subprocess.py:93} INFO -     return len(self.execute(query, [name]).fetchall()) > 0
[2025-12-08T01:25:15.206+0000] {subprocess.py:93} INFO -                ^^^^^^^^^^^^^^^^^^^^^^^^^^^
[2025-12-08T01:25:15.206+0000] {subprocess.py:93} INFO -   File "/home/airflow/.local/lib/python3.12/site-packages/pandas/io/sql.py", line 2672, in execute
[2025-12-08T01:25:15.207+0000] {subprocess.py:93} INFO -     cur = self.con.cursor()
[2025-12-08T01:25:15.207+0000] {subprocess.py:93} INFO -           ^^^^^^^^^^^^^^^
[2025-12-08T01:25:15.208+0000] {subprocess.py:93} INFO - AttributeError: 'Connection' object has no attribute 'cursor'
[2025-12-08T01:25:15.284+0000] {subprocess.py:97} INFO - Command exited with return code 3
[2025-12-08T01:25:15.285+0000] {taskinstance.py:441} INFO - ::group::Post task execution logs
[2025-12-08T01:25:15.304+0000] {taskinstance.py:2890} ERROR - Task failed with exception
Traceback (most recent call last):
  File "/home/airflow/.local/lib/python3.12/site-packages/airflow/models/taskinstance.py", line 465, in _execute_task
    result = _execute_callable(context=context, **execute_callable_kwargs)
             ^^^^^^^^^^^^^^^^^^^^^^^^^^^^^^^^^^^^^^^^^^^^^^^^^^^^^^^^^^^^^
  File "/home/airflow/.local/lib/python3.12/site-packages/airflow/models/taskinstance.py", line 432, in _execute_callable
    return execute_callable(context=context, **execute_callable_kwargs)
           ^^^^^^^^^^^^^^^^^^^^^^^^^^^^^^^^^^^^^^^^^^^^^^^^^^^^^^^^^^^^
  File "/home/airflow/.local/lib/python3.12/site-packages/airflow/models/baseoperator.py", line 400, in wrapper
    return func(self, *args, **kwargs)
           ^^^^^^^^^^^^^^^^^^^^^^^^^^^
  File "/home/airflow/.local/lib/python3.12/site-packages/airflow/operators/bash.py", line 243, in execute
    raise AirflowException(
airflow.exceptions.AirflowException: Bash command failed. The command returned a non-zero exit code 3.
[2025-12-08T01:25:15.309+0000] {taskinstance.py:1205} INFO - Marking task as FAILED. dag_id=dm_mplus_stt_dmart, task_id=dm_mplus_billing, execution_date=20251208T012506, start_date=20251208T012507, end_date=20251208T012515
[2025-12-08T01:25:15.326+0000] {standard_task_runner.py:110} ERROR - Failed to execute job 43 for task dm_mplus_billing (Bash command failed. The command returned a non-zero exit code 3.; 455)
[2025-12-08T01:25:15.366+0000] {local_task_job_runner.py:240} INFO - Task exited with return code 1
[2025-12-08T01:25:15.391+0000] {taskinstance.py:3482} INFO - 0 downstream tasks scheduled from follow-on schedule check
[2025-12-08T01:25:15.394+0000] {local_task_job_runner.py:222} INFO - ::endgroup::
