[2025-12-08T01:15:48.593+0000] {local_task_job_runner.py:120} INFO - ::group::Pre task execution logs
[2025-12-08T01:15:48.624+0000] {taskinstance.py:2073} INFO - Dependencies all met for dep_context=non-requeueable deps ti=<TaskInstance: drive_to_refine.ref_mplus_stt manual__2025-12-08T01:15:39.187512+00:00 [queued]>
[2025-12-08T01:15:48.632+0000] {taskinstance.py:2073} INFO - Dependencies all met for dep_context=requeueable deps ti=<TaskInstance: drive_to_refine.ref_mplus_stt manual__2025-12-08T01:15:39.187512+00:00 [queued]>
[2025-12-08T01:15:48.634+0000] {taskinstance.py:2303} INFO - Starting attempt 1 of 1
[2025-12-08T01:15:48.649+0000] {taskinstance.py:2327} INFO - Executing <Task(BashOperator): ref_mplus_stt> on 2025-12-08 01:15:39.187512+00:00
[2025-12-08T01:15:48.656+0000] {warnings.py:110} WARNING - /home/airflow/.local/lib/python3.12/site-packages/airflow/task/task_runner/standard_task_runner.py:61: DeprecationWarning: This process (pid=248) is multi-threaded, use of fork() may lead to deadlocks in the child.
  pid = os.fork()

[2025-12-08T01:15:48.657+0000] {standard_task_runner.py:63} INFO - Started process 249 to run task
[2025-12-08T01:15:48.657+0000] {standard_task_runner.py:90} INFO - Running: ['airflow', 'tasks', 'run', 'drive_to_refine', 'ref_mplus_stt', 'manual__2025-12-08T01:15:39.187512+00:00', '--job-id', '40', '--raw', '--subdir', 'DAGS_FOLDER/source_to_target/drive_to_refine.py', '--cfg-path', '/tmp/tmpeyh_e0ew']
[2025-12-08T01:15:48.660+0000] {standard_task_runner.py:91} INFO - Job 40: Subtask ref_mplus_stt
[2025-12-08T01:15:48.744+0000] {task_command.py:426} INFO - Running <TaskInstance: drive_to_refine.ref_mplus_stt manual__2025-12-08T01:15:39.187512+00:00 [running]> on host a1c568a6392d
[2025-12-08T01:15:48.867+0000] {taskinstance.py:2644} INFO - Exporting env vars: AIRFLOW_CTX_DAG_OWNER='airflow' AIRFLOW_CTX_DAG_ID='drive_to_refine' AIRFLOW_CTX_TASK_ID='ref_mplus_stt' AIRFLOW_CTX_EXECUTION_DATE='2025-12-08T01:15:39.187512+00:00' AIRFLOW_CTX_TRY_NUMBER='1' AIRFLOW_CTX_DAG_RUN_ID='manual__2025-12-08T01:15:39.187512+00:00'
[2025-12-08T01:15:48.868+0000] {taskinstance.py:430} INFO - ::endgroup::
[2025-12-08T01:15:48.881+0000] {subprocess.py:63} INFO - Tmp dir root location: /tmp
[2025-12-08T01:15:48.883+0000] {subprocess.py:75} INFO - Running command: ['/usr/bin/bash', '-c', 'cd /script/refine ; python ref_mplus_stt.py || exit 3']
[2025-12-08T01:15:48.892+0000] {subprocess.py:86} INFO - Output:
[2025-12-08T01:15:50.118+0000] {subprocess.py:93} INFO - 2025-12-08 01:15:50,118 - INFO - Berhasil upload 550 rows ke refine.mplus_stt
[2025-12-08T01:15:50.119+0000] {subprocess.py:93} INFO - 2025-12-08 01:15:50,118 - INFO - Tabel 'refine.mplus_stt' berhasil dibuat dari parquet
[2025-12-08T01:15:50.119+0000] {subprocess.py:93} INFO - 2025-12-08 01:15:50,118 - INFO - Running DBT command: dbt run --select tag:mplus_stt --target ref_prod --project-dir /script/dbt --profiles-dir /script/dbt
[2025-12-08T01:15:56.597+0000] {subprocess.py:93} INFO - 2025-12-08 01:15:56,597 - INFO - DBT run completed successfully.
[2025-12-08T01:15:56.635+0000] {subprocess.py:93} INFO - 2025-12-08 01:15:56,635 - INFO - Tabel 'refine.mplus_stt' berhasil dihapus
[2025-12-08T01:15:56.636+0000] {subprocess.py:93} INFO - [0m01:15:53  Running with dbt=1.7.0
[2025-12-08T01:15:56.636+0000] {subprocess.py:93} INFO - [0m01:15:53  Registered adapter: postgres=1.7.0
[2025-12-08T01:15:56.637+0000] {subprocess.py:93} INFO - [0m01:15:53  Unable to do partial parsing because profile has changed
[2025-12-08T01:15:56.638+0000] {subprocess.py:93} INFO - [0m01:15:54  [[33mWARNING[0m]: Configuration paths exist in your dbt_project.yml file which do not apply to any resources.
[2025-12-08T01:15:56.638+0000] {subprocess.py:93} INFO - There are 1 unused configuration paths:
[2025-12-08T01:15:56.639+0000] {subprocess.py:93} INFO - - models.mplus_dbt.example
[2025-12-08T01:15:56.639+0000] {subprocess.py:93} INFO - [0m01:15:54  Found 2 models, 0 sources, 0 exposures, 0 metrics, 401 macros, 0 groups, 0 semantic models
[2025-12-08T01:15:56.640+0000] {subprocess.py:93} INFO - [0m01:15:54
[2025-12-08T01:15:56.641+0000] {subprocess.py:93} INFO - [0m01:15:54  Concurrency: 1 threads (target='ref_prod')
[2025-12-08T01:15:56.642+0000] {subprocess.py:93} INFO - [0m01:15:54
[2025-12-08T01:15:56.642+0000] {subprocess.py:93} INFO - [0m01:15:54  1 of 1 START sql table model refine.ref_mplus_stt .............................. [RUN]
[2025-12-08T01:15:56.643+0000] {subprocess.py:93} INFO - [0m01:15:54  1 of 1 OK created sql table model refine.ref_mplus_stt ......................... [[32mSELECT 525[0m in 0.22s]
[2025-12-08T01:15:56.644+0000] {subprocess.py:93} INFO - [0m01:15:54
[2025-12-08T01:15:56.644+0000] {subprocess.py:93} INFO - [0m01:15:54  Finished running 1 table model in 0 hours 0 minutes and 0.40 seconds (0.40s).
[2025-12-08T01:15:56.645+0000] {subprocess.py:93} INFO - [0m01:15:54
[2025-12-08T01:15:56.645+0000] {subprocess.py:93} INFO - [0m01:15:54  [32mCompleted successfully[0m
[2025-12-08T01:15:56.646+0000] {subprocess.py:93} INFO - [0m01:15:55
[2025-12-08T01:15:56.646+0000] {subprocess.py:93} INFO - [0m01:15:55  Done. PASS=1 WARN=0 ERROR=0 SKIP=0 TOTAL=1
[2025-12-08T01:15:56.647+0000] {subprocess.py:93} INFO - 
[2025-12-08T01:15:56.751+0000] {subprocess.py:97} INFO - Command exited with return code 0
[2025-12-08T01:15:56.752+0000] {taskinstance.py:441} INFO - ::group::Post task execution logs
[2025-12-08T01:15:56.793+0000] {taskinstance.py:1205} INFO - Marking task as SUCCESS. dag_id=drive_to_refine, task_id=ref_mplus_stt, execution_date=20251208T011539, start_date=20251208T011548, end_date=20251208T011556
[2025-12-08T01:15:56.840+0000] {local_task_job_runner.py:240} INFO - Task exited with return code 0
[2025-12-08T01:15:56.862+0000] {taskinstance.py:3482} INFO - 0 downstream tasks scheduled from follow-on schedule check
[2025-12-08T01:15:56.865+0000] {local_task_job_runner.py:222} INFO - ::endgroup::
