[2025-12-08T09:18:02.720+0700] {local_task_job_runner.py:120} INFO - ::group::Pre task execution logs
[2025-12-08T09:18:02.752+0700] {taskinstance.py:2073} INFO - Dependencies all met for dep_context=non-requeueable deps ti=<TaskInstance: drive_to_refine.mplus_stt manual__2025-12-07T22:24:26.160870+00:00 [queued]>
[2025-12-08T09:18:02.761+0700] {taskinstance.py:2073} INFO - Dependencies all met for dep_context=requeueable deps ti=<TaskInstance: drive_to_refine.mplus_stt manual__2025-12-07T22:24:26.160870+00:00 [queued]>
[2025-12-08T09:18:02.762+0700] {taskinstance.py:2303} INFO - Starting attempt 2 of 2
[2025-12-08T09:18:02.776+0700] {taskinstance.py:2327} INFO - Executing <Task(BashOperator): mplus_stt> on 2025-12-07 22:24:26.160870+00:00
[2025-12-08T09:18:02.782+0700] {warnings.py:110} WARNING - /home/airflow/.local/lib/python3.12/site-packages/airflow/task/task_runner/standard_task_runner.py:61: DeprecationWarning: This process (pid=275) is multi-threaded, use of fork() may lead to deadlocks in the child.
  pid = os.fork()

[2025-12-08T09:18:02.784+0700] {standard_task_runner.py:63} INFO - Started process 276 to run task
[2025-12-08T09:18:02.784+0700] {standard_task_runner.py:90} INFO - Running: ['airflow', 'tasks', 'run', 'drive_to_refine', 'mplus_stt', 'manual__2025-12-07T22:24:26.160870+00:00', '--job-id', '63', '--raw', '--subdir', 'DAGS_FOLDER/source_to_target/drive_to_refine.py', '--cfg-path', '/tmp/tmpsfshlljz']
[2025-12-08T09:18:02.787+0700] {standard_task_runner.py:91} INFO - Job 63: Subtask mplus_stt
[2025-12-08T09:18:02.872+0700] {task_command.py:426} INFO - Running <TaskInstance: drive_to_refine.mplus_stt manual__2025-12-07T22:24:26.160870+00:00 [running]> on host 455f26e89cec
[2025-12-08T09:18:02.992+0700] {taskinstance.py:2644} INFO - Exporting env vars: AIRFLOW_CTX_DAG_OWNER='airflow' AIRFLOW_CTX_DAG_ID='drive_to_refine' AIRFLOW_CTX_TASK_ID='mplus_stt' AIRFLOW_CTX_EXECUTION_DATE='2025-12-07T22:24:26.160870+00:00' AIRFLOW_CTX_TRY_NUMBER='2' AIRFLOW_CTX_DAG_RUN_ID='manual__2025-12-07T22:24:26.160870+00:00'
[2025-12-08T09:18:02.993+0700] {taskinstance.py:430} INFO - ::endgroup::
[2025-12-08T09:18:03.010+0700] {subprocess.py:63} INFO - Tmp dir root location: /tmp
[2025-12-08T09:18:03.012+0700] {subprocess.py:75} INFO - Running command: ['/usr/bin/bash', '-c', 'cd /script/staging ; python mplus_stt.py || exit 3']
[2025-12-08T09:18:03.021+0700] {subprocess.py:86} INFO - Output:
[2025-12-08T09:18:04.183+0700] {subprocess.py:93} INFO - Retrieving folder contents
[2025-12-08T09:18:05.028+0700] {subprocess.py:93} INFO - Retrieving folder contents completed
[2025-12-08T09:18:05.029+0700] {subprocess.py:93} INFO - Building directory structure
[2025-12-08T09:18:05.030+0700] {subprocess.py:93} INFO - Building directory structure completed
[2025-12-08T09:18:07.091+0700] {subprocess.py:93} INFO - Downloading...
[2025-12-08T09:18:07.092+0700] {subprocess.py:93} INFO - From: https://drive.google.com/uc?id=1i-9rOleCUaVOt64-SB6z0XAVeLZaxlqL
[2025-12-08T09:18:07.092+0700] {subprocess.py:93} INFO - To: /script/temp_files/STT1.csv
[2025-12-08T09:18:07.114+0700] {subprocess.py:93} INFO - Downloading all files inside Google Drive folder...
[2025-12-08T09:18:07.115+0700] {subprocess.py:93} INFO - Processing file 1i-9rOleCUaVOt64-SB6z0XAVeLZaxlqL STT1.csv
[2025-12-08T09:18:07.116+0700] {subprocess.py:93} INFO - Processing file 1bfmlLJYx2fYNf2vhwiqIYpVGdrJiKvQ- STT2.csv
[2025-12-08T09:18:07.117+0700] {subprocess.py:93} INFO -   0%|          | 0.00/11.6k [00:00<?, ?B/s]100%|██████████| 11.6k/11.6k [00:00<00:00, 12.9MB/s]
[2025-12-08T09:18:09.875+0700] {subprocess.py:93} INFO - Downloading...
[2025-12-08T09:18:09.876+0700] {subprocess.py:93} INFO - From: https://drive.google.com/uc?id=1bfmlLJYx2fYNf2vhwiqIYpVGdrJiKvQ-
[2025-12-08T09:18:09.876+0700] {subprocess.py:93} INFO - To: /script/temp_files/STT2.csv
[2025-12-08T09:18:09.877+0700] {subprocess.py:93} INFO -   0%|          | 0.00/13.8k [00:00<?, ?B/s]100%|██████████| 13.8k/13.8k [00:00<00:00, 18.5MB/s]
[2025-12-08T09:18:09.884+0700] {subprocess.py:93} INFO - Download completed
[2025-12-08T09:18:09.936+0700] {subprocess.py:93} INFO - All files downloaded to: /script/temp_files
[2025-12-08T09:18:09.936+0700] {subprocess.py:93} INFO - Found files: ['/script/temp_files/STT1.csv', '/script/temp_files/STT2.csv']
[2025-12-08T09:18:09.937+0700] {subprocess.py:93} INFO - Reading STT1.csv ...
[2025-12-08T09:18:09.937+0700] {subprocess.py:93} INFO - Reading STT2.csv ...
[2025-12-08T09:18:09.938+0700] {subprocess.py:93} INFO - 
[2025-12-08T09:18:09.938+0700] {subprocess.py:93} INFO - Saved unified parquet → /staging/mplus_stt.parquet
[2025-12-08T09:18:09.939+0700] {subprocess.py:93} INFO - 
[2025-12-08T09:18:09.939+0700] {subprocess.py:93} INFO - Removing temp folder completely...
[2025-12-08T09:18:09.940+0700] {subprocess.py:93} INFO - Temp folder removed.
[2025-12-08T09:18:10.029+0700] {subprocess.py:97} INFO - Command exited with return code 0
[2025-12-08T09:18:10.031+0700] {taskinstance.py:441} INFO - ::group::Post task execution logs
[2025-12-08T09:18:10.072+0700] {taskinstance.py:1205} INFO - Marking task as SUCCESS. dag_id=drive_to_refine, task_id=mplus_stt, execution_date=20251207T222426, start_date=20251208T021802, end_date=20251208T021810
[2025-12-08T09:18:10.099+0700] {local_task_job_runner.py:240} INFO - Task exited with return code 0
[2025-12-08T09:18:10.124+0700] {taskinstance.py:3482} INFO - 1 downstream tasks scheduled from follow-on schedule check
[2025-12-08T09:18:10.128+0700] {local_task_job_runner.py:222} INFO - ::endgroup::
