[2025-12-07T06:08:08.963+0000] {manager.py:470} INFO - Processing files using up to 2 processes at a time 
[2025-12-07T06:08:08.971+0000] {manager.py:471} INFO - Process each file at most once every 30 seconds
[2025-12-07T06:08:08.975+0000] {manager.py:472} INFO - Checking for new files in /opt/airflow/dags every 300 seconds
[2025-12-07T06:08:08.992+0000] {manager.py:737} INFO - Searching for files in /opt/airflow/dags
[2025-12-07T06:08:09.008+0000] {manager.py:740} INFO - There are 0 files in /opt/airflow/dags
[2025-12-07T06:13:09.678+0000] {manager.py:737} INFO - Searching for files in /opt/airflow/dags
[2025-12-07T06:13:09.701+0000] {manager.py:740} INFO - There are 0 files in /opt/airflow/dags
[2025-12-07T06:18:10.004+0000] {manager.py:737} INFO - Searching for files in /opt/airflow/dags
[2025-12-07T06:18:10.021+0000] {manager.py:740} INFO - There are 0 files in /opt/airflow/dags
[2025-12-07T06:23:10.276+0000] {manager.py:737} INFO - Searching for files in /opt/airflow/dags
[2025-12-07T06:23:10.284+0000] {manager.py:740} INFO - There are 0 files in /opt/airflow/dags
[2025-12-07T06:28:10.551+0000] {manager.py:737} INFO - Searching for files in /opt/airflow/dags
[2025-12-07T06:28:10.557+0000] {manager.py:740} INFO - There are 0 files in /opt/airflow/dags
[2025-12-07T06:33:10.884+0000] {manager.py:737} INFO - Searching for files in /opt/airflow/dags
[2025-12-07T06:33:10.893+0000] {manager.py:740} INFO - There are 0 files in /opt/airflow/dags
[2025-12-07T06:38:11.332+0000] {manager.py:737} INFO - Searching for files in /opt/airflow/dags
[2025-12-07T06:38:11.348+0000] {manager.py:740} INFO - There are 0 files in /opt/airflow/dags
[2025-12-07T06:43:11.637+0000] {manager.py:737} INFO - Searching for files in /opt/airflow/dags
[2025-12-07T06:43:11.643+0000] {manager.py:740} INFO - There are 0 files in /opt/airflow/dags
[2025-12-07T06:48:11.939+0000] {manager.py:737} INFO - Searching for files in /opt/airflow/dags
[2025-12-07T06:48:11.957+0000] {manager.py:740} INFO - There are 0 files in /opt/airflow/dags
[2025-12-07T06:53:12.244+0000] {manager.py:737} INFO - Searching for files in /opt/airflow/dags
[2025-12-07T06:53:12.252+0000] {manager.py:740} INFO - There are 0 files in /opt/airflow/dags
[2025-12-07T06:58:12.530+0000] {manager.py:737} INFO - Searching for files in /opt/airflow/dags
[2025-12-07T06:58:12.547+0000] {manager.py:740} INFO - There are 0 files in /opt/airflow/dags
[2025-12-07T07:03:12.847+0000] {manager.py:737} INFO - Searching for files in /opt/airflow/dags
[2025-12-07T07:03:12.864+0000] {manager.py:740} INFO - There are 0 files in /opt/airflow/dags
[2025-12-07T07:08:13.164+0000] {manager.py:737} INFO - Searching for files in /opt/airflow/dags
[2025-12-07T07:08:13.175+0000] {manager.py:740} INFO - There are 0 files in /opt/airflow/dags
[2025-12-07T07:13:13.470+0000] {manager.py:737} INFO - Searching for files in /opt/airflow/dags
[2025-12-07T07:13:13.489+0000] {manager.py:740} INFO - There are 0 files in /opt/airflow/dags
[2025-12-07T07:18:13.781+0000] {manager.py:737} INFO - Searching for files in /opt/airflow/dags
[2025-12-07T07:18:13.797+0000] {manager.py:740} INFO - There are 0 files in /opt/airflow/dags
[2025-12-07T07:23:14.088+0000] {manager.py:737} INFO - Searching for files in /opt/airflow/dags
[2025-12-07T07:23:14.105+0000] {manager.py:740} INFO - There are 0 files in /opt/airflow/dags
[2025-12-07T07:28:14.401+0000] {manager.py:737} INFO - Searching for files in /opt/airflow/dags
[2025-12-07T07:28:14.419+0000] {manager.py:740} INFO - There are 0 files in /opt/airflow/dags
[2025-12-07T07:28:31.651+0000] {manager.py:452} INFO - Exiting gracefully upon receiving signal 15
[2025-12-07T07:46:05.421+0000] {manager.py:470} INFO - Processing files using up to 2 processes at a time 
[2025-12-07T07:46:05.425+0000] {manager.py:471} INFO - Process each file at most once every 30 seconds
[2025-12-07T07:46:05.428+0000] {manager.py:472} INFO - Checking for new files in /opt/airflow/dags every 300 seconds
[2025-12-07T07:46:05.431+0000] {manager.py:737} INFO - Searching for files in /opt/airflow/dags
[2025-12-07T07:46:05.446+0000] {manager.py:740} INFO - There are 0 files in /opt/airflow/dags
[2025-12-07T07:51:05.758+0000] {manager.py:737} INFO - Searching for files in /opt/airflow/dags
[2025-12-07T07:51:05.812+0000] {manager.py:740} INFO - There are 0 files in /opt/airflow/dags
[2025-12-07T07:56:06.372+0000] {manager.py:737} INFO - Searching for files in /opt/airflow/dags
[2025-12-07T07:56:06.389+0000] {manager.py:740} INFO - There are 0 files in /opt/airflow/dags
[2025-12-07T08:01:06.636+0000] {manager.py:737} INFO - Searching for files in /opt/airflow/dags
[2025-12-07T08:01:06.666+0000] {manager.py:740} INFO - There are 0 files in /opt/airflow/dags
[2025-12-07T08:06:07.302+0000] {manager.py:737} INFO - Searching for files in /opt/airflow/dags
[2025-12-07T08:06:07.321+0000] {manager.py:740} INFO - There are 0 files in /opt/airflow/dags
[2025-12-07T08:11:07.730+0000] {manager.py:737} INFO - Searching for files in /opt/airflow/dags
[2025-12-07T08:11:07.761+0000] {manager.py:740} INFO - There are 0 files in /opt/airflow/dags
[2025-12-07T08:16:08.273+0000] {manager.py:737} INFO - Searching for files in /opt/airflow/dags
[2025-12-07T08:16:08.289+0000] {manager.py:740} INFO - There are 0 files in /opt/airflow/dags
[2025-12-07T08:21:08.611+0000] {manager.py:737} INFO - Searching for files in /opt/airflow/dags
[2025-12-07T08:21:08.629+0000] {manager.py:740} INFO - There are 0 files in /opt/airflow/dags
[2025-12-07T08:26:09.244+0000] {manager.py:737} INFO - Searching for files in /opt/airflow/dags
[2025-12-07T08:26:09.262+0000] {manager.py:740} INFO - There are 0 files in /opt/airflow/dags
[2025-12-07T08:31:09.705+0000] {manager.py:737} INFO - Searching for files in /opt/airflow/dags
[2025-12-07T08:31:09.716+0000] {manager.py:740} INFO - There are 0 files in /opt/airflow/dags
[2025-12-07T08:36:10.094+0000] {manager.py:737} INFO - Searching for files in /opt/airflow/dags
[2025-12-07T08:36:10.111+0000] {manager.py:740} INFO - There are 0 files in /opt/airflow/dags
[2025-12-07T08:41:10.750+0000] {manager.py:737} INFO - Searching for files in /opt/airflow/dags
[2025-12-07T08:41:10.764+0000] {manager.py:740} INFO - There are 0 files in /opt/airflow/dags
[2025-12-07T08:46:11.076+0000] {manager.py:737} INFO - Searching for files in /opt/airflow/dags
[2025-12-07T08:46:11.086+0000] {manager.py:740} INFO - There are 0 files in /opt/airflow/dags
[2025-12-07T08:51:11.427+0000] {manager.py:737} INFO - Searching for files in /opt/airflow/dags
[2025-12-07T08:51:11.439+0000] {manager.py:740} INFO - There are 0 files in /opt/airflow/dags
[2025-12-07T08:56:11.903+0000] {manager.py:737} INFO - Searching for files in /opt/airflow/dags
[2025-12-07T08:56:11.916+0000] {manager.py:740} INFO - There are 0 files in /opt/airflow/dags
[2025-12-07T09:01:12.303+0000] {manager.py:737} INFO - Searching for files in /opt/airflow/dags
[2025-12-07T09:01:12.314+0000] {manager.py:740} INFO - There are 0 files in /opt/airflow/dags
[2025-12-07T09:06:12.675+0000] {manager.py:737} INFO - Searching for files in /opt/airflow/dags
[2025-12-07T09:06:12.690+0000] {manager.py:740} INFO - There are 0 files in /opt/airflow/dags
[2025-12-07T09:11:13.015+0000] {manager.py:737} INFO - Searching for files in /opt/airflow/dags
[2025-12-07T09:11:13.030+0000] {manager.py:740} INFO - There are 0 files in /opt/airflow/dags
[2025-12-07T09:16:13.377+0000] {manager.py:737} INFO - Searching for files in /opt/airflow/dags
[2025-12-07T09:16:13.389+0000] {manager.py:740} INFO - There are 0 files in /opt/airflow/dags
[2025-12-07T09:21:13.777+0000] {manager.py:737} INFO - Searching for files in /opt/airflow/dags
[2025-12-07T09:21:13.821+0000] {manager.py:740} INFO - There are 0 files in /opt/airflow/dags
[2025-12-07T09:26:14.285+0000] {manager.py:737} INFO - Searching for files in /opt/airflow/dags
[2025-12-07T09:26:14.297+0000] {manager.py:740} INFO - There are 0 files in /opt/airflow/dags
[2025-12-07T09:31:14.676+0000] {manager.py:737} INFO - Searching for files in /opt/airflow/dags
[2025-12-07T09:31:14.701+0000] {manager.py:740} INFO - There are 0 files in /opt/airflow/dags
[2025-12-07T09:36:15.464+0000] {manager.py:737} INFO - Searching for files in /opt/airflow/dags
[2025-12-07T09:36:15.544+0000] {manager.py:740} INFO - There are 0 files in /opt/airflow/dags
[2025-12-07T09:41:16.216+0000] {manager.py:737} INFO - Searching for files in /opt/airflow/dags
[2025-12-07T09:41:16.231+0000] {manager.py:740} INFO - There are 0 files in /opt/airflow/dags
[2025-12-07T09:46:16.857+0000] {manager.py:737} INFO - Searching for files in /opt/airflow/dags
[2025-12-07T09:46:16.871+0000] {manager.py:740} INFO - There are 0 files in /opt/airflow/dags
[2025-12-07T09:51:17.437+0000] {manager.py:737} INFO - Searching for files in /opt/airflow/dags
[2025-12-07T09:51:17.453+0000] {manager.py:740} INFO - There are 0 files in /opt/airflow/dags
[2025-12-07T09:56:17.728+0000] {manager.py:737} INFO - Searching for files in /opt/airflow/dags
[2025-12-07T09:56:17.738+0000] {manager.py:740} INFO - There are 0 files in /opt/airflow/dags
[2025-12-07T10:01:18.000+0000] {manager.py:737} INFO - Searching for files in /opt/airflow/dags
[2025-12-07T10:01:18.010+0000] {manager.py:740} INFO - There are 0 files in /opt/airflow/dags
[2025-12-07T10:06:18.283+0000] {manager.py:737} INFO - Searching for files in /opt/airflow/dags
[2025-12-07T10:06:18.295+0000] {manager.py:740} INFO - There are 0 files in /opt/airflow/dags
[2025-12-07T10:11:18.580+0000] {manager.py:737} INFO - Searching for files in /opt/airflow/dags
[2025-12-07T10:11:18.591+0000] {manager.py:740} INFO - There are 0 files in /opt/airflow/dags
