[2025-12-08T09:18:30.595+0700] {local_task_job_runner.py:120} INFO - ::group::Pre task execution logs
[2025-12-08T09:18:30.633+0700] {taskinstance.py:2073} INFO - Dependencies all met for dep_context=non-requeueable deps ti=<TaskInstance: drive_to_refine.ref_mplus_stt manual__2025-12-07T23:32:46.321844+00:00 [queued]>
[2025-12-08T09:18:30.645+0700] {taskinstance.py:2073} INFO - Dependencies all met for dep_context=requeueable deps ti=<TaskInstance: drive_to_refine.ref_mplus_stt manual__2025-12-07T23:32:46.321844+00:00 [queued]>
[2025-12-08T09:18:30.646+0700] {taskinstance.py:2303} INFO - Starting attempt 1 of 1
[2025-12-08T09:18:30.667+0700] {taskinstance.py:2327} INFO - Executing <Task(BashOperator): ref_mplus_stt> on 2025-12-07 23:32:46.321844+00:00
[2025-12-08T09:18:30.674+0700] {warnings.py:110} WARNING - /home/airflow/.local/lib/python3.12/site-packages/airflow/task/task_runner/standard_task_runner.py:61: DeprecationWarning: This process (pid=339) is multi-threaded, use of fork() may lead to deadlocks in the child.
  pid = os.fork()

[2025-12-08T09:18:30.676+0700] {standard_task_runner.py:63} INFO - Started process 340 to run task
[2025-12-08T09:18:30.677+0700] {standard_task_runner.py:90} INFO - Running: ['airflow', 'tasks', 'run', 'drive_to_refine', 'ref_mplus_stt', 'manual__2025-12-07T23:32:46.321844+00:00', '--job-id', '66', '--raw', '--subdir', 'DAGS_FOLDER/source_to_target/drive_to_refine.py', '--cfg-path', '/tmp/tmpoxx_nyee']
[2025-12-08T09:18:30.680+0700] {standard_task_runner.py:91} INFO - Job 66: Subtask ref_mplus_stt
[2025-12-08T09:18:30.790+0700] {task_command.py:426} INFO - Running <TaskInstance: drive_to_refine.ref_mplus_stt manual__2025-12-07T23:32:46.321844+00:00 [running]> on host 455f26e89cec
[2025-12-08T09:18:30.960+0700] {taskinstance.py:2644} INFO - Exporting env vars: AIRFLOW_CTX_DAG_OWNER='airflow' AIRFLOW_CTX_DAG_ID='drive_to_refine' AIRFLOW_CTX_TASK_ID='ref_mplus_stt' AIRFLOW_CTX_EXECUTION_DATE='2025-12-07T23:32:46.321844+00:00' AIRFLOW_CTX_TRY_NUMBER='1' AIRFLOW_CTX_DAG_RUN_ID='manual__2025-12-07T23:32:46.321844+00:00'
[2025-12-08T09:18:30.961+0700] {taskinstance.py:430} INFO - ::endgroup::
[2025-12-08T09:18:30.978+0700] {subprocess.py:63} INFO - Tmp dir root location: /tmp
[2025-12-08T09:18:30.979+0700] {subprocess.py:75} INFO - Running command: ['/usr/bin/bash', '-c', 'cd /script/refine ; python ref_mplus_stt.py || exit 3']
[2025-12-08T09:18:30.992+0700] {subprocess.py:86} INFO - Output:
[2025-12-08T09:18:32.452+0700] {subprocess.py:93} INFO - 2025-12-08 09:18:32,452 - INFO - Berhasil upload 550 rows ke refine.mplus_stt
[2025-12-08T09:18:32.453+0700] {subprocess.py:93} INFO - 2025-12-08 09:18:32,452 - INFO - Tabel 'refine.mplus_stt' berhasil dibuat dari parquet
[2025-12-08T09:18:32.454+0700] {subprocess.py:93} INFO - 2025-12-08 09:18:32,453 - INFO - Running DBT command: dbt run --select tag:mplus_stt --target ref_prod --project-dir /script/dbt --profiles-dir /script/dbt
[2025-12-08T09:18:38.988+0700] {subprocess.py:93} INFO - 2025-12-08 09:18:38,988 - INFO - DBT run completed successfully.
[2025-12-08T09:18:39.020+0700] {subprocess.py:93} INFO - 2025-12-08 09:18:39,020 - INFO - Tabel 'refine.mplus_stt' berhasil dihapus
[2025-12-08T09:18:39.021+0700] {subprocess.py:93} INFO - [0m02:18:36  Running with dbt=1.7.0
[2025-12-08T09:18:39.022+0700] {subprocess.py:93} INFO - [0m02:18:36  Registered adapter: postgres=1.7.0
[2025-12-08T09:18:39.022+0700] {subprocess.py:93} INFO - [0m02:18:36  [[33mWARNING[0m]: Configuration paths exist in your dbt_project.yml file which do not apply to any resources.
[2025-12-08T09:18:39.023+0700] {subprocess.py:93} INFO - There are 1 unused configuration paths:
[2025-12-08T09:18:39.023+0700] {subprocess.py:93} INFO - - models.mplus_dbt.example
[2025-12-08T09:18:39.024+0700] {subprocess.py:93} INFO - [0m02:18:37  Found 2 models, 0 sources, 0 exposures, 0 metrics, 401 macros, 0 groups, 0 semantic models
[2025-12-08T09:18:39.025+0700] {subprocess.py:93} INFO - [0m02:18:37
[2025-12-08T09:18:39.025+0700] {subprocess.py:93} INFO - [0m02:18:37  Concurrency: 1 threads (target='ref_prod')
[2025-12-08T09:18:39.026+0700] {subprocess.py:93} INFO - [0m02:18:37
[2025-12-08T09:18:39.026+0700] {subprocess.py:93} INFO - [0m02:18:37  1 of 1 START sql table model refine.ref_mplus_stt .............................. [RUN]
[2025-12-08T09:18:39.027+0700] {subprocess.py:93} INFO - [0m02:18:37  1 of 1 OK created sql table model refine.ref_mplus_stt ......................... [[32mSELECT 525[0m in 0.21s]
[2025-12-08T09:18:39.028+0700] {subprocess.py:93} INFO - [0m02:18:37
[2025-12-08T09:18:39.028+0700] {subprocess.py:93} INFO - [0m02:18:37  Finished running 1 table model in 0 hours 0 minutes and 0.40 seconds (0.40s).
[2025-12-08T09:18:39.028+0700] {subprocess.py:93} INFO - [0m02:18:37
[2025-12-08T09:18:39.029+0700] {subprocess.py:93} INFO - [0m02:18:37  [32mCompleted successfully[0m
[2025-12-08T09:18:39.029+0700] {subprocess.py:93} INFO - [0m02:18:37
[2025-12-08T09:18:39.029+0700] {subprocess.py:93} INFO - [0m02:18:37  Done. PASS=1 WARN=0 ERROR=0 SKIP=0 TOTAL=1
[2025-12-08T09:18:39.030+0700] {subprocess.py:93} INFO - 
[2025-12-08T09:18:39.118+0700] {subprocess.py:97} INFO - Command exited with return code 0
[2025-12-08T09:18:39.119+0700] {taskinstance.py:441} INFO - ::group::Post task execution logs
[2025-12-08T09:18:39.162+0700] {taskinstance.py:1205} INFO - Marking task as SUCCESS. dag_id=drive_to_refine, task_id=ref_mplus_stt, execution_date=20251207T233246, start_date=20251208T021830, end_date=20251208T021839
[2025-12-08T09:18:39.201+0700] {local_task_job_runner.py:240} INFO - Task exited with return code 0
[2025-12-08T09:18:39.226+0700] {taskinstance.py:3482} INFO - 0 downstream tasks scheduled from follow-on schedule check
[2025-12-08T09:18:39.230+0700] {local_task_job_runner.py:222} INFO - ::endgroup::
