[2025-12-08T09:23:06.296+0700] {local_task_job_runner.py:120} INFO - ::group::Pre task execution logs
[2025-12-08T09:23:06.399+0700] {taskinstance.py:2073} INFO - Dependencies all met for dep_context=non-requeueable deps ti=<TaskInstance: drive_to_refine.ref_mplus_stt manual__2025-12-07T23:32:46.321844+00:00 [queued]>
[2025-12-08T09:23:06.413+0700] {taskinstance.py:2073} INFO - Dependencies all met for dep_context=requeueable deps ti=<TaskInstance: drive_to_refine.ref_mplus_stt manual__2025-12-07T23:32:46.321844+00:00 [queued]>
[2025-12-08T09:23:06.414+0700] {taskinstance.py:2303} INFO - Starting attempt 2 of 2
[2025-12-08T09:23:06.444+0700] {taskinstance.py:2327} INFO - Executing <Task(BashOperator): ref_mplus_stt> on 2025-12-07 23:32:46.321844+00:00
[2025-12-08T09:23:06.452+0700] {warnings.py:110} WARNING - /home/airflow/.local/lib/python3.12/site-packages/airflow/task/task_runner/standard_task_runner.py:61: DeprecationWarning: This process (pid=793) is multi-threaded, use of fork() may lead to deadlocks in the child.
  pid = os.fork()

[2025-12-08T09:23:06.454+0700] {standard_task_runner.py:63} INFO - Started process 794 to run task
[2025-12-08T09:23:06.454+0700] {standard_task_runner.py:90} INFO - Running: ['airflow', 'tasks', 'run', 'drive_to_refine', 'ref_mplus_stt', 'manual__2025-12-07T23:32:46.321844+00:00', '--job-id', '84', '--raw', '--subdir', 'DAGS_FOLDER/source_to_target/drive_to_refine.py', '--cfg-path', '/tmp/tmpv6dudbpn']
[2025-12-08T09:23:06.457+0700] {standard_task_runner.py:91} INFO - Job 84: Subtask ref_mplus_stt
[2025-12-08T09:23:06.565+0700] {task_command.py:426} INFO - Running <TaskInstance: drive_to_refine.ref_mplus_stt manual__2025-12-07T23:32:46.321844+00:00 [running]> on host 455f26e89cec
[2025-12-08T09:23:06.732+0700] {taskinstance.py:2644} INFO - Exporting env vars: AIRFLOW_CTX_DAG_OWNER='airflow' AIRFLOW_CTX_DAG_ID='drive_to_refine' AIRFLOW_CTX_TASK_ID='ref_mplus_stt' AIRFLOW_CTX_EXECUTION_DATE='2025-12-07T23:32:46.321844+00:00' AIRFLOW_CTX_TRY_NUMBER='2' AIRFLOW_CTX_DAG_RUN_ID='manual__2025-12-07T23:32:46.321844+00:00'
[2025-12-08T09:23:06.733+0700] {taskinstance.py:430} INFO - ::endgroup::
[2025-12-08T09:23:06.752+0700] {subprocess.py:63} INFO - Tmp dir root location: /tmp
[2025-12-08T09:23:06.753+0700] {subprocess.py:75} INFO - Running command: ['/usr/bin/bash', '-c', 'cd /script/refine ; python ref_mplus_stt.py || exit 3']
[2025-12-08T09:23:06.766+0700] {subprocess.py:86} INFO - Output:
[2025-12-08T09:23:08.214+0700] {subprocess.py:93} INFO - 2025-12-08 09:23:08,214 - INFO - Berhasil upload 550 rows ke refine.mplus_stt
[2025-12-08T09:23:08.215+0700] {subprocess.py:93} INFO - 2025-12-08 09:23:08,214 - INFO - Tabel 'refine.mplus_stt' berhasil dibuat dari parquet
[2025-12-08T09:23:08.216+0700] {subprocess.py:93} INFO - 2025-12-08 09:23:08,214 - INFO - Running DBT command: dbt run --select tag:mplus_stt --target ref_prod --project-dir /script/dbt --profiles-dir /script/dbt
[2025-12-08T09:23:14.481+0700] {subprocess.py:93} INFO - 2025-12-08 09:23:14,481 - INFO - DBT run completed successfully.
[2025-12-08T09:23:14.515+0700] {subprocess.py:93} INFO - 2025-12-08 09:23:14,515 - INFO - Tabel 'refine.mplus_stt' berhasil dihapus
[2025-12-08T09:23:14.516+0700] {subprocess.py:93} INFO - [0m02:23:11  Running with dbt=1.7.0
[2025-12-08T09:23:14.516+0700] {subprocess.py:93} INFO - [0m02:23:12  Registered adapter: postgres=1.7.0
[2025-12-08T09:23:14.517+0700] {subprocess.py:93} INFO - [0m02:23:12  [[33mWARNING[0m]: Configuration paths exist in your dbt_project.yml file which do not apply to any resources.
[2025-12-08T09:23:14.517+0700] {subprocess.py:93} INFO - There are 1 unused configuration paths:
[2025-12-08T09:23:14.518+0700] {subprocess.py:93} INFO - - models.mplus_dbt.example
[2025-12-08T09:23:14.518+0700] {subprocess.py:93} INFO - [0m02:23:12  Found 2 models, 0 sources, 0 exposures, 0 metrics, 401 macros, 0 groups, 0 semantic models
[2025-12-08T09:23:14.519+0700] {subprocess.py:93} INFO - [0m02:23:12
[2025-12-08T09:23:14.519+0700] {subprocess.py:93} INFO - [0m02:23:12  Concurrency: 1 threads (target='ref_prod')
[2025-12-08T09:23:14.520+0700] {subprocess.py:93} INFO - [0m02:23:12
[2025-12-08T09:23:14.521+0700] {subprocess.py:93} INFO - [0m02:23:12  1 of 1 START sql table model refine.ref_mplus_stt .............................. [RUN]
[2025-12-08T09:23:14.521+0700] {subprocess.py:93} INFO - [0m02:23:12  1 of 1 OK created sql table model refine.ref_mplus_stt ......................... [[32mSELECT 525[0m in 0.23s]
[2025-12-08T09:23:14.521+0700] {subprocess.py:93} INFO - [0m02:23:12
[2025-12-08T09:23:14.522+0700] {subprocess.py:93} INFO - [0m02:23:12  Finished running 1 table model in 0 hours 0 minutes and 0.45 seconds (0.45s).
[2025-12-08T09:23:14.522+0700] {subprocess.py:93} INFO - [0m02:23:12
[2025-12-08T09:23:14.522+0700] {subprocess.py:93} INFO - [0m02:23:12  [32mCompleted successfully[0m
[2025-12-08T09:23:14.523+0700] {subprocess.py:93} INFO - [0m02:23:12
[2025-12-08T09:23:14.523+0700] {subprocess.py:93} INFO - [0m02:23:12  Done. PASS=1 WARN=0 ERROR=0 SKIP=0 TOTAL=1
[2025-12-08T09:23:14.524+0700] {subprocess.py:93} INFO - 
[2025-12-08T09:23:14.613+0700] {subprocess.py:97} INFO - Command exited with return code 0
[2025-12-08T09:23:14.613+0700] {taskinstance.py:441} INFO - ::group::Post task execution logs
[2025-12-08T09:23:14.653+0700] {taskinstance.py:1205} INFO - Marking task as SUCCESS. dag_id=drive_to_refine, task_id=ref_mplus_stt, execution_date=20251207T233246, start_date=20251208T022306, end_date=20251208T022314
[2025-12-08T09:23:14.696+0700] {local_task_job_runner.py:240} INFO - Task exited with return code 0
[2025-12-08T09:23:14.720+0700] {taskinstance.py:3482} INFO - 0 downstream tasks scheduled from follow-on schedule check
[2025-12-08T09:23:14.724+0700] {local_task_job_runner.py:222} INFO - ::endgroup::
