[2025-12-08T01:31:11.359+0000] {local_task_job_runner.py:120} INFO - ::group::Pre task execution logs
[2025-12-08T01:31:11.388+0000] {taskinstance.py:2073} INFO - Dependencies all met for dep_context=non-requeueable deps ti=<TaskInstance: dm_mplus_stt_dmart.dm_mplus_billing manual__2025-12-08T01:31:10.080209+00:00 [queued]>
[2025-12-08T01:31:11.397+0000] {taskinstance.py:2073} INFO - Dependencies all met for dep_context=requeueable deps ti=<TaskInstance: dm_mplus_stt_dmart.dm_mplus_billing manual__2025-12-08T01:31:10.080209+00:00 [queued]>
[2025-12-08T01:31:11.398+0000] {taskinstance.py:2303} INFO - Starting attempt 1 of 1
[2025-12-08T01:31:11.412+0000] {taskinstance.py:2327} INFO - Executing <Task(BashOperator): dm_mplus_billing> on 2025-12-08 01:31:10.080209+00:00
[2025-12-08T01:31:11.418+0000] {warnings.py:110} WARNING - /home/airflow/.local/lib/python3.12/site-packages/airflow/task/task_runner/standard_task_runner.py:61: DeprecationWarning: This process (pid=612) is multi-threaded, use of fork() may lead to deadlocks in the child.
  pid = os.fork()

[2025-12-08T01:31:11.420+0000] {standard_task_runner.py:63} INFO - Started process 613 to run task
[2025-12-08T01:31:11.420+0000] {standard_task_runner.py:90} INFO - Running: ['airflow', 'tasks', 'run', 'dm_mplus_stt_dmart', 'dm_mplus_billing', 'manual__2025-12-08T01:31:10.080209+00:00', '--job-id', '47', '--raw', '--subdir', 'DAGS_FOLDER/dmart/dm_mplus_billing.py', '--cfg-path', '/tmp/tmpkiu8q02y']
[2025-12-08T01:31:11.423+0000] {standard_task_runner.py:91} INFO - Job 47: Subtask dm_mplus_billing
[2025-12-08T01:31:11.514+0000] {task_command.py:426} INFO - Running <TaskInstance: dm_mplus_stt_dmart.dm_mplus_billing manual__2025-12-08T01:31:10.080209+00:00 [running]> on host a1c568a6392d
[2025-12-08T01:31:11.628+0000] {taskinstance.py:2644} INFO - Exporting env vars: AIRFLOW_CTX_DAG_OWNER='airflow' AIRFLOW_CTX_DAG_ID='dm_mplus_stt_dmart' AIRFLOW_CTX_TASK_ID='dm_mplus_billing' AIRFLOW_CTX_EXECUTION_DATE='2025-12-08T01:31:10.080209+00:00' AIRFLOW_CTX_TRY_NUMBER='1' AIRFLOW_CTX_DAG_RUN_ID='manual__2025-12-08T01:31:10.080209+00:00'
[2025-12-08T01:31:11.629+0000] {taskinstance.py:430} INFO - ::endgroup::
[2025-12-08T01:31:11.644+0000] {subprocess.py:63} INFO - Tmp dir root location: /tmp
[2025-12-08T01:31:11.646+0000] {subprocess.py:75} INFO - Running command: ['/usr/bin/bash', '-c', 'cd /script/dmart ; python dm_mplus_billing.py || exit 3']
[2025-12-08T01:31:11.657+0000] {subprocess.py:86} INFO - Output:
[2025-12-08T01:31:12.801+0000] {subprocess.py:93} INFO - 2025-12-08 01:31:12,801 - INFO - Running DBT: dbt run --select tag:dm_mplus_billing --target ref_prod --project-dir /script/dbt --profiles-dir /script/dbt
[2025-12-08T01:31:18.459+0000] {subprocess.py:93} INFO - 2025-12-08 01:31:18,459 - INFO - DBT run completed successfully.
[2025-12-08T01:31:18.513+0000] {subprocess.py:93} INFO - 2025-12-08 01:31:18,513 - INFO - Mengambil data dari refine.dm_mplus_billing ...
[2025-12-08T01:31:18.525+0000] {subprocess.py:93} INFO - /script/dmart/dm_mplus_billing.py:61: UserWarning: pandas only supports SQLAlchemy connectable (engine/connection) or database string URI or sqlite3 DBAPI2 connection. Other DBAPI2 objects are not tested. Please consider using SQLAlchemy.
[2025-12-08T01:31:18.526+0000] {subprocess.py:93} INFO -   df = pd.read_sql(query, raw_conn)
[2025-12-08T01:31:18.528+0000] {subprocess.py:93} INFO - 2025-12-08 01:31:18,528 - INFO - Jumlah baris di refine: 100
[2025-12-08T01:31:18.528+0000] {subprocess.py:93} INFO - 2025-12-08 01:31:18,528 - INFO - Menulis data ke dmart.dm_mplus_billing ...
[2025-12-08T01:31:18.530+0000] {subprocess.py:93} INFO - /script/dmart/dm_mplus_billing.py:75: RemovedIn20Warning: Deprecated API features detected! These feature(s) are not compatible with SQLAlchemy 2.0. To prevent incompatible upgrades prior to updating applications, ensure requirements files are pinned to "sqlalchemy<2.0". Set environment variable SQLALCHEMY_WARN_20=1 to show all deprecation warnings.  Set environment variable SQLALCHEMY_SILENCE_UBER_WARNING=1 to silence this message. (Background on SQLAlchemy 2.0 at: https://sqlalche.me/e/b8d9)
[2025-12-08T01:31:18.530+0000] {subprocess.py:93} INFO -   conn.execute(text(f"DROP TABLE IF EXISTS {target_table_name}"))
[2025-12-08T01:31:18.533+0000] {subprocess.py:93} INFO - 2025-12-08 01:31:18,532 - WARNING - Gagal DROP tabel: 'Connection' object has no attribute 'commit'
[2025-12-08T01:31:18.533+0000] {subprocess.py:93} INFO - /script/dmart/dm_mplus_billing.py:85: UserWarning: pandas only supports SQLAlchemy connectable (engine/connection) or database string URI or sqlite3 DBAPI2 connection. Other DBAPI2 objects are not tested. Please consider using SQLAlchemy.
[2025-12-08T01:31:18.534+0000] {subprocess.py:93} INFO -   df.to_sql(
[2025-12-08T01:31:18.539+0000] {subprocess.py:93} INFO - 2025-12-08 01:31:18,534 - ERROR - Script execution failed: 'Engine' object has no attribute 'cursor'
[2025-12-08T01:31:18.540+0000] {subprocess.py:93} INFO - Traceback (most recent call last):
[2025-12-08T01:31:18.540+0000] {subprocess.py:93} INFO -   File "/script/dmart/dm_mplus_billing.py", line 112, in main
[2025-12-08T01:31:18.541+0000] {subprocess.py:93} INFO -     copy_refine_to_dmart()
[2025-12-08T01:31:18.541+0000] {subprocess.py:93} INFO -   File "/script/dmart/dm_mplus_billing.py", line 85, in copy_refine_to_dmart
[2025-12-08T01:31:18.542+0000] {subprocess.py:93} INFO -     df.to_sql(
[2025-12-08T01:31:18.542+0000] {subprocess.py:93} INFO -   File "/home/airflow/.local/lib/python3.12/site-packages/pandas/util/_decorators.py", line 333, in wrapper
[2025-12-08T01:31:18.543+0000] {subprocess.py:93} INFO -     return func(*args, **kwargs)
[2025-12-08T01:31:18.543+0000] {subprocess.py:93} INFO -            ^^^^^^^^^^^^^^^^^^^^^
[2025-12-08T01:31:18.544+0000] {subprocess.py:93} INFO -   File "/home/airflow/.local/lib/python3.12/site-packages/pandas/core/generic.py", line 3087, in to_sql
[2025-12-08T01:31:18.544+0000] {subprocess.py:93} INFO -     return sql.to_sql(
[2025-12-08T01:31:18.545+0000] {subprocess.py:93} INFO -            ^^^^^^^^^^^
[2025-12-08T01:31:18.545+0000] {subprocess.py:93} INFO -   File "/home/airflow/.local/lib/python3.12/site-packages/pandas/io/sql.py", line 842, in to_sql
[2025-12-08T01:31:18.546+0000] {subprocess.py:93} INFO -     return pandas_sql.to_sql(
[2025-12-08T01:31:18.546+0000] {subprocess.py:93} INFO -            ^^^^^^^^^^^^^^^^^^
[2025-12-08T01:31:18.547+0000] {subprocess.py:93} INFO -   File "/home/airflow/.local/lib/python3.12/site-packages/pandas/io/sql.py", line 2850, in to_sql
[2025-12-08T01:31:18.547+0000] {subprocess.py:93} INFO -     table.create()
[2025-12-08T01:31:18.547+0000] {subprocess.py:93} INFO -   File "/home/airflow/.local/lib/python3.12/site-packages/pandas/io/sql.py", line 984, in create
[2025-12-08T01:31:18.548+0000] {subprocess.py:93} INFO -     if self.exists():
[2025-12-08T01:31:18.548+0000] {subprocess.py:93} INFO -        ^^^^^^^^^^^^^
[2025-12-08T01:31:18.549+0000] {subprocess.py:93} INFO -   File "/home/airflow/.local/lib/python3.12/site-packages/pandas/io/sql.py", line 970, in exists
[2025-12-08T01:31:18.549+0000] {subprocess.py:93} INFO -     return self.pd_sql.has_table(self.name, self.schema)
[2025-12-08T01:31:18.550+0000] {subprocess.py:93} INFO -            ^^^^^^^^^^^^^^^^^^^^^^^^^^^^^^^^^^^^^^^^^^^^^
[2025-12-08T01:31:18.550+0000] {subprocess.py:93} INFO -   File "/home/airflow/.local/lib/python3.12/site-packages/pandas/io/sql.py", line 2865, in has_table
[2025-12-08T01:31:18.550+0000] {subprocess.py:93} INFO -     return len(self.execute(query, [name]).fetchall()) > 0
[2025-12-08T01:31:18.551+0000] {subprocess.py:93} INFO -                ^^^^^^^^^^^^^^^^^^^^^^^^^^^
[2025-12-08T01:31:18.551+0000] {subprocess.py:93} INFO -   File "/home/airflow/.local/lib/python3.12/site-packages/pandas/io/sql.py", line 2672, in execute
[2025-12-08T01:31:18.552+0000] {subprocess.py:93} INFO -     cur = self.con.cursor()
[2025-12-08T01:31:18.552+0000] {subprocess.py:93} INFO -           ^^^^^^^^^^^^^^^
[2025-12-08T01:31:18.553+0000] {subprocess.py:93} INFO - AttributeError: 'Engine' object has no attribute 'cursor'
[2025-12-08T01:31:18.554+0000] {subprocess.py:93} INFO - [0m01:31:15  Running with dbt=1.7.0
[2025-12-08T01:31:18.555+0000] {subprocess.py:93} INFO - [0m01:31:16  Registered adapter: postgres=1.7.0
[2025-12-08T01:31:18.556+0000] {subprocess.py:93} INFO - [0m01:31:16  [[33mWARNING[0m]: Configuration paths exist in your dbt_project.yml file which do not apply to any resources.
[2025-12-08T01:31:18.556+0000] {subprocess.py:93} INFO - There are 1 unused configuration paths:
[2025-12-08T01:31:18.557+0000] {subprocess.py:93} INFO - - models.mplus_dbt.example
[2025-12-08T01:31:18.557+0000] {subprocess.py:93} INFO - [0m01:31:16  Found 2 models, 0 sources, 0 exposures, 0 metrics, 401 macros, 0 groups, 0 semantic models
[2025-12-08T01:31:18.558+0000] {subprocess.py:93} INFO - [0m01:31:16
[2025-12-08T01:31:18.558+0000] {subprocess.py:93} INFO - [0m01:31:16  Concurrency: 1 threads (target='ref_prod')
[2025-12-08T01:31:18.559+0000] {subprocess.py:93} INFO - [0m01:31:16
[2025-12-08T01:31:18.559+0000] {subprocess.py:93} INFO - [0m01:31:16  1 of 1 START sql table model refine.dm_mplus_billing ........................... [RUN]
[2025-12-08T01:31:18.560+0000] {subprocess.py:93} INFO - [0m01:31:16  1 of 1 OK created sql table model refine.dm_mplus_billing ...................... [[32mSELECT 100[0m in 0.19s]
[2025-12-08T01:31:18.560+0000] {subprocess.py:93} INFO - [0m01:31:16
[2025-12-08T01:31:18.561+0000] {subprocess.py:93} INFO - [0m01:31:16  Finished running 1 table model in 0 hours 0 minutes and 0.38 seconds (0.38s).
[2025-12-08T01:31:18.561+0000] {subprocess.py:93} INFO - [0m01:31:16
[2025-12-08T01:31:18.562+0000] {subprocess.py:93} INFO - [0m01:31:16  [32mCompleted successfully[0m
[2025-12-08T01:31:18.562+0000] {subprocess.py:93} INFO - [0m01:31:16
[2025-12-08T01:31:18.563+0000] {subprocess.py:93} INFO - [0m01:31:16  Done. PASS=1 WARN=0 ERROR=0 SKIP=0 TOTAL=1
[2025-12-08T01:31:18.564+0000] {subprocess.py:93} INFO - 
[2025-12-08T01:31:18.564+0000] {subprocess.py:93} INFO - Traceback (most recent call last):
[2025-12-08T01:31:18.565+0000] {subprocess.py:93} INFO -   File "/script/dmart/dm_mplus_billing.py", line 121, in <module>
[2025-12-08T01:31:18.566+0000] {subprocess.py:93} INFO -     main()
[2025-12-08T01:31:18.566+0000] {subprocess.py:93} INFO -   File "/script/dmart/dm_mplus_billing.py", line 112, in main
[2025-12-08T01:31:18.566+0000] {subprocess.py:93} INFO -     copy_refine_to_dmart()
[2025-12-08T01:31:18.567+0000] {subprocess.py:93} INFO -   File "/script/dmart/dm_mplus_billing.py", line 85, in copy_refine_to_dmart
[2025-12-08T01:31:18.567+0000] {subprocess.py:93} INFO -     df.to_sql(
[2025-12-08T01:31:18.568+0000] {subprocess.py:93} INFO -   File "/home/airflow/.local/lib/python3.12/site-packages/pandas/util/_decorators.py", line 333, in wrapper
[2025-12-08T01:31:18.569+0000] {subprocess.py:93} INFO -     return func(*args, **kwargs)
[2025-12-08T01:31:18.569+0000] {subprocess.py:93} INFO -            ^^^^^^^^^^^^^^^^^^^^^
[2025-12-08T01:31:18.570+0000] {subprocess.py:93} INFO -   File "/home/airflow/.local/lib/python3.12/site-packages/pandas/core/generic.py", line 3087, in to_sql
[2025-12-08T01:31:18.570+0000] {subprocess.py:93} INFO -     return sql.to_sql(
[2025-12-08T01:31:18.571+0000] {subprocess.py:93} INFO -            ^^^^^^^^^^^
[2025-12-08T01:31:18.571+0000] {subprocess.py:93} INFO -   File "/home/airflow/.local/lib/python3.12/site-packages/pandas/io/sql.py", line 842, in to_sql
[2025-12-08T01:31:18.572+0000] {subprocess.py:93} INFO -     return pandas_sql.to_sql(
[2025-12-08T01:31:18.572+0000] {subprocess.py:93} INFO -            ^^^^^^^^^^^^^^^^^^
[2025-12-08T01:31:18.573+0000] {subprocess.py:93} INFO -   File "/home/airflow/.local/lib/python3.12/site-packages/pandas/io/sql.py", line 2850, in to_sql
[2025-12-08T01:31:18.573+0000] {subprocess.py:93} INFO -     table.create()
[2025-12-08T01:31:18.574+0000] {subprocess.py:93} INFO -   File "/home/airflow/.local/lib/python3.12/site-packages/pandas/io/sql.py", line 984, in create
[2025-12-08T01:31:18.574+0000] {subprocess.py:93} INFO -     if self.exists():
[2025-12-08T01:31:18.574+0000] {subprocess.py:93} INFO -        ^^^^^^^^^^^^^
[2025-12-08T01:31:18.575+0000] {subprocess.py:93} INFO -   File "/home/airflow/.local/lib/python3.12/site-packages/pandas/io/sql.py", line 970, in exists
[2025-12-08T01:31:18.575+0000] {subprocess.py:93} INFO -     return self.pd_sql.has_table(self.name, self.schema)
[2025-12-08T01:31:18.576+0000] {subprocess.py:93} INFO -            ^^^^^^^^^^^^^^^^^^^^^^^^^^^^^^^^^^^^^^^^^^^^^
[2025-12-08T01:31:18.576+0000] {subprocess.py:93} INFO -   File "/home/airflow/.local/lib/python3.12/site-packages/pandas/io/sql.py", line 2865, in has_table
[2025-12-08T01:31:18.577+0000] {subprocess.py:93} INFO -     return len(self.execute(query, [name]).fetchall()) > 0
[2025-12-08T01:31:18.577+0000] {subprocess.py:93} INFO -                ^^^^^^^^^^^^^^^^^^^^^^^^^^^
[2025-12-08T01:31:18.577+0000] {subprocess.py:93} INFO -   File "/home/airflow/.local/lib/python3.12/site-packages/pandas/io/sql.py", line 2672, in execute
[2025-12-08T01:31:18.578+0000] {subprocess.py:93} INFO -     cur = self.con.cursor()
[2025-12-08T01:31:18.578+0000] {subprocess.py:93} INFO -           ^^^^^^^^^^^^^^^
[2025-12-08T01:31:18.579+0000] {subprocess.py:93} INFO - AttributeError: 'Engine' object has no attribute 'cursor'
[2025-12-08T01:31:18.661+0000] {subprocess.py:97} INFO - Command exited with return code 3
[2025-12-08T01:31:18.662+0000] {taskinstance.py:441} INFO - ::group::Post task execution logs
[2025-12-08T01:31:18.682+0000] {taskinstance.py:2890} ERROR - Task failed with exception
Traceback (most recent call last):
  File "/home/airflow/.local/lib/python3.12/site-packages/airflow/models/taskinstance.py", line 465, in _execute_task
    result = _execute_callable(context=context, **execute_callable_kwargs)
             ^^^^^^^^^^^^^^^^^^^^^^^^^^^^^^^^^^^^^^^^^^^^^^^^^^^^^^^^^^^^^
  File "/home/airflow/.local/lib/python3.12/site-packages/airflow/models/taskinstance.py", line 432, in _execute_callable
    return execute_callable(context=context, **execute_callable_kwargs)
           ^^^^^^^^^^^^^^^^^^^^^^^^^^^^^^^^^^^^^^^^^^^^^^^^^^^^^^^^^^^^
  File "/home/airflow/.local/lib/python3.12/site-packages/airflow/models/baseoperator.py", line 400, in wrapper
    return func(self, *args, **kwargs)
           ^^^^^^^^^^^^^^^^^^^^^^^^^^^
  File "/home/airflow/.local/lib/python3.12/site-packages/airflow/operators/bash.py", line 243, in execute
    raise AirflowException(
airflow.exceptions.AirflowException: Bash command failed. The command returned a non-zero exit code 3.
[2025-12-08T01:31:18.688+0000] {taskinstance.py:1205} INFO - Marking task as FAILED. dag_id=dm_mplus_stt_dmart, task_id=dm_mplus_billing, execution_date=20251208T013110, start_date=20251208T013111, end_date=20251208T013118
[2025-12-08T01:31:18.707+0000] {standard_task_runner.py:110} ERROR - Failed to execute job 47 for task dm_mplus_billing (Bash command failed. The command returned a non-zero exit code 3.; 613)
[2025-12-08T01:31:18.718+0000] {local_task_job_runner.py:240} INFO - Task exited with return code 1
[2025-12-08T01:31:18.744+0000] {taskinstance.py:3482} INFO - 0 downstream tasks scheduled from follow-on schedule check
[2025-12-08T01:31:18.747+0000] {local_task_job_runner.py:222} INFO - ::endgroup::
