[2025-12-07T23:32:52.327+0000] {local_task_job_runner.py:120} INFO - ::group::Pre task execution logs
[2025-12-07T23:32:52.356+0000] {taskinstance.py:2073} INFO - Dependencies all met for dep_context=non-requeueable deps ti=<TaskInstance: dm_mplus_stt_dmart.dm_mplus_billing manual__2025-12-07T23:32:50.940496+00:00 [queued]>
[2025-12-07T23:32:52.366+0000] {taskinstance.py:2073} INFO - Dependencies all met for dep_context=requeueable deps ti=<TaskInstance: dm_mplus_stt_dmart.dm_mplus_billing manual__2025-12-07T23:32:50.940496+00:00 [queued]>
[2025-12-07T23:32:52.367+0000] {taskinstance.py:2303} INFO - Starting attempt 1 of 1
[2025-12-07T23:32:52.388+0000] {taskinstance.py:2327} INFO - Executing <Task(BashOperator): dm_mplus_billing> on 2025-12-07 23:32:50.940496+00:00
[2025-12-07T23:32:52.397+0000] {warnings.py:110} WARNING - /home/airflow/.local/lib/python3.12/site-packages/airflow/task/task_runner/standard_task_runner.py:61: DeprecationWarning: This process (pid=83) is multi-threaded, use of fork() may lead to deadlocks in the child.
  pid = os.fork()

[2025-12-07T23:32:52.399+0000] {standard_task_runner.py:63} INFO - Started process 84 to run task
[2025-12-07T23:32:52.399+0000] {standard_task_runner.py:90} INFO - Running: ['airflow', 'tasks', 'run', 'dm_mplus_stt_dmart', 'dm_mplus_billing', 'manual__2025-12-07T23:32:50.940496+00:00', '--job-id', '14', '--raw', '--subdir', 'DAGS_FOLDER/dmart/dm_mplus_billing.py', '--cfg-path', '/tmp/tmp6eykoou8']
[2025-12-07T23:32:52.402+0000] {standard_task_runner.py:91} INFO - Job 14: Subtask dm_mplus_billing
[2025-12-07T23:32:52.524+0000] {task_command.py:426} INFO - Running <TaskInstance: dm_mplus_stt_dmart.dm_mplus_billing manual__2025-12-07T23:32:50.940496+00:00 [running]> on host f8648ae2a249
[2025-12-07T23:32:52.658+0000] {taskinstance.py:2644} INFO - Exporting env vars: AIRFLOW_CTX_DAG_OWNER='airflow' AIRFLOW_CTX_DAG_ID='dm_mplus_stt_dmart' AIRFLOW_CTX_TASK_ID='dm_mplus_billing' AIRFLOW_CTX_EXECUTION_DATE='2025-12-07T23:32:50.940496+00:00' AIRFLOW_CTX_TRY_NUMBER='1' AIRFLOW_CTX_DAG_RUN_ID='manual__2025-12-07T23:32:50.940496+00:00'
[2025-12-07T23:32:52.660+0000] {taskinstance.py:430} INFO - ::endgroup::
[2025-12-07T23:32:52.677+0000] {subprocess.py:63} INFO - Tmp dir root location: /tmp
[2025-12-07T23:32:52.678+0000] {subprocess.py:75} INFO - Running command: ['/usr/bin/bash', '-c', 'cd /script/dmart ; python dm_mplus_billing.py || exit 3']
[2025-12-07T23:32:52.688+0000] {subprocess.py:86} INFO - Output:
[2025-12-07T23:32:52.689+0000] {subprocess.py:93} INFO - /usr/bin/bash: line 1: cd: /script/dmart: No such file or directory
[2025-12-07T23:32:52.720+0000] {subprocess.py:93} INFO - python: can't open file '/tmp/airflowtmpuhb__bar/dm_mplus_billing.py': [Errno 2] No such file or directory
[2025-12-07T23:32:52.723+0000] {subprocess.py:97} INFO - Command exited with return code 3
[2025-12-07T23:32:52.725+0000] {taskinstance.py:441} INFO - ::group::Post task execution logs
[2025-12-07T23:32:52.738+0000] {taskinstance.py:2890} ERROR - Task failed with exception
Traceback (most recent call last):
  File "/home/airflow/.local/lib/python3.12/site-packages/airflow/models/taskinstance.py", line 465, in _execute_task
    result = _execute_callable(context=context, **execute_callable_kwargs)
             ^^^^^^^^^^^^^^^^^^^^^^^^^^^^^^^^^^^^^^^^^^^^^^^^^^^^^^^^^^^^^
  File "/home/airflow/.local/lib/python3.12/site-packages/airflow/models/taskinstance.py", line 432, in _execute_callable
    return execute_callable(context=context, **execute_callable_kwargs)
           ^^^^^^^^^^^^^^^^^^^^^^^^^^^^^^^^^^^^^^^^^^^^^^^^^^^^^^^^^^^^
  File "/home/airflow/.local/lib/python3.12/site-packages/airflow/models/baseoperator.py", line 400, in wrapper
    return func(self, *args, **kwargs)
           ^^^^^^^^^^^^^^^^^^^^^^^^^^^
  File "/home/airflow/.local/lib/python3.12/site-packages/airflow/operators/bash.py", line 243, in execute
    raise AirflowException(
airflow.exceptions.AirflowException: Bash command failed. The command returned a non-zero exit code 3.
[2025-12-07T23:32:52.744+0000] {taskinstance.py:1205} INFO - Marking task as FAILED. dag_id=dm_mplus_stt_dmart, task_id=dm_mplus_billing, execution_date=20251207T233250, start_date=20251207T233252, end_date=20251207T233252
[2025-12-07T23:32:52.760+0000] {standard_task_runner.py:110} ERROR - Failed to execute job 14 for task dm_mplus_billing (Bash command failed. The command returned a non-zero exit code 3.; 84)
[2025-12-07T23:32:52.774+0000] {local_task_job_runner.py:240} INFO - Task exited with return code 1
[2025-12-07T23:32:52.796+0000] {taskinstance.py:3482} INFO - 0 downstream tasks scheduled from follow-on schedule check
[2025-12-07T23:32:52.800+0000] {local_task_job_runner.py:222} INFO - ::endgroup::
