[2025-12-09T01:20:47.454+0700] {local_task_job_runner.py:120} INFO - ::group::Pre task execution logs
[2025-12-09T01:20:47.493+0700] {taskinstance.py:2073} INFO - Dependencies all met for dep_context=non-requeueable deps ti=<TaskInstance: dm_mplus_billing_dmart.ref_mplus_stt manual__2025-12-08T18:20:44.125724+00:00 [queued]>
[2025-12-09T01:20:47.504+0700] {taskinstance.py:2073} INFO - Dependencies all met for dep_context=requeueable deps ti=<TaskInstance: dm_mplus_billing_dmart.ref_mplus_stt manual__2025-12-08T18:20:44.125724+00:00 [queued]>
[2025-12-09T01:20:47.505+0700] {taskinstance.py:2303} INFO - Starting attempt 1 of 1
[2025-12-09T01:20:47.523+0700] {taskinstance.py:2327} INFO - Executing <Task(BashOperator): ref_mplus_stt> on 2025-12-08 18:20:44.125724+00:00
[2025-12-09T01:20:47.531+0700] {warnings.py:110} WARNING - /home/airflow/.local/lib/python3.12/site-packages/airflow/task/task_runner/standard_task_runner.py:61: DeprecationWarning: This process (pid=119) is multi-threaded, use of fork() may lead to deadlocks in the child.
  pid = os.fork()

[2025-12-09T01:20:47.534+0700] {standard_task_runner.py:63} INFO - Started process 120 to run task
[2025-12-09T01:20:47.535+0700] {standard_task_runner.py:90} INFO - Running: ['airflow', 'tasks', 'run', 'dm_mplus_billing_dmart', 'ref_mplus_stt', 'manual__2025-12-08T18:20:44.125724+00:00', '--job-id', '105', '--raw', '--subdir', 'DAGS_FOLDER/dmart/dm_mplus_billing.py', '--cfg-path', '/tmp/tmpjnt0w_nu']
[2025-12-09T01:20:47.540+0700] {standard_task_runner.py:91} INFO - Job 105: Subtask ref_mplus_stt
[2025-12-09T01:20:47.687+0700] {task_command.py:426} INFO - Running <TaskInstance: dm_mplus_billing_dmart.ref_mplus_stt manual__2025-12-08T18:20:44.125724+00:00 [running]> on host bc1c0db1befe
[2025-12-09T01:20:47.872+0700] {taskinstance.py:2644} INFO - Exporting env vars: AIRFLOW_CTX_DAG_OWNER='airflow' AIRFLOW_CTX_DAG_ID='dm_mplus_billing_dmart' AIRFLOW_CTX_TASK_ID='ref_mplus_stt' AIRFLOW_CTX_EXECUTION_DATE='2025-12-08T18:20:44.125724+00:00' AIRFLOW_CTX_TRY_NUMBER='1' AIRFLOW_CTX_DAG_RUN_ID='manual__2025-12-08T18:20:44.125724+00:00'
[2025-12-09T01:20:47.874+0700] {taskinstance.py:430} INFO - ::endgroup::
[2025-12-09T01:20:47.920+0700] {subprocess.py:63} INFO - Tmp dir root location: /tmp
[2025-12-09T01:20:47.922+0700] {subprocess.py:75} INFO - Running command: ['/usr/bin/bash', '-c', 'cd /script/refine ; python ref_mplus_stt.py || exit 3']
[2025-12-09T01:20:47.935+0700] {subprocess.py:86} INFO - Output:
[2025-12-09T01:20:49.762+0700] {subprocess.py:93} INFO - 2025-12-09 01:20:49,762 - INFO - Berhasil upload 550 rows ke refine.mplus_stt
[2025-12-09T01:20:49.763+0700] {subprocess.py:93} INFO - 2025-12-09 01:20:49,762 - INFO - Tabel 'refine.mplus_stt' berhasil dibuat dari parquet
[2025-12-09T01:20:49.764+0700] {subprocess.py:93} INFO - 2025-12-09 01:20:49,762 - INFO - Running DBT command: dbt run --select tag:mplus_stt --target ref_prod --project-dir /script/dbt --profiles-dir /script/dbt
[2025-12-09T01:20:57.524+0700] {subprocess.py:93} INFO - 2025-12-09 01:20:57,524 - INFO - DBT run completed successfully.
[2025-12-09T01:20:57.559+0700] {subprocess.py:93} INFO - 2025-12-09 01:20:57,559 - INFO - Tabel 'refine.mplus_stt' berhasil dihapus
[2025-12-09T01:20:57.561+0700] {subprocess.py:93} INFO - [0m18:20:54  Running with dbt=1.7.0
[2025-12-09T01:20:57.562+0700] {subprocess.py:93} INFO - [0m18:20:54  Registered adapter: postgres=1.7.0
[2025-12-09T01:20:57.562+0700] {subprocess.py:93} INFO - [0m18:20:55  [[33mWARNING[0m]: Configuration paths exist in your dbt_project.yml file which do not apply to any resources.
[2025-12-09T01:20:57.563+0700] {subprocess.py:93} INFO - There are 1 unused configuration paths:
[2025-12-09T01:20:57.563+0700] {subprocess.py:93} INFO - - models.mplus_dbt.example
[2025-12-09T01:20:57.564+0700] {subprocess.py:93} INFO - [0m18:20:55  Found 2 models, 0 sources, 0 exposures, 0 metrics, 401 macros, 0 groups, 0 semantic models
[2025-12-09T01:20:57.564+0700] {subprocess.py:93} INFO - [0m18:20:55
[2025-12-09T01:20:57.565+0700] {subprocess.py:93} INFO - [0m18:20:55  Concurrency: 1 threads (target='ref_prod')
[2025-12-09T01:20:57.565+0700] {subprocess.py:93} INFO - [0m18:20:55
[2025-12-09T01:20:57.566+0700] {subprocess.py:93} INFO - [0m18:20:55  1 of 1 START sql table model refine.ref_mplus_stt .............................. [RUN]
[2025-12-09T01:20:57.566+0700] {subprocess.py:93} INFO - [0m18:20:55  1 of 1 OK created sql table model refine.ref_mplus_stt ......................... [[32mSELECT 525[0m in 0.22s]
[2025-12-09T01:20:57.567+0700] {subprocess.py:93} INFO - [0m18:20:55
[2025-12-09T01:20:57.567+0700] {subprocess.py:93} INFO - [0m18:20:55  Finished running 1 table model in 0 hours 0 minutes and 0.41 seconds (0.41s).
[2025-12-09T01:20:57.568+0700] {subprocess.py:93} INFO - [0m18:20:55
[2025-12-09T01:20:57.568+0700] {subprocess.py:93} INFO - [0m18:20:55  [32mCompleted successfully[0m
[2025-12-09T01:20:57.569+0700] {subprocess.py:93} INFO - [0m18:20:55
[2025-12-09T01:20:57.569+0700] {subprocess.py:93} INFO - [0m18:20:55  Done. PASS=1 WARN=0 ERROR=0 SKIP=0 TOTAL=1
[2025-12-09T01:20:57.570+0700] {subprocess.py:93} INFO - 
[2025-12-09T01:20:57.666+0700] {subprocess.py:97} INFO - Command exited with return code 0
[2025-12-09T01:20:57.668+0700] {taskinstance.py:441} INFO - ::group::Post task execution logs
[2025-12-09T01:20:57.710+0700] {taskinstance.py:1205} INFO - Marking task as SUCCESS. dag_id=dm_mplus_billing_dmart, task_id=ref_mplus_stt, execution_date=20251208T182044, start_date=20251208T182047, end_date=20251208T182057
[2025-12-09T01:20:57.741+0700] {local_task_job_runner.py:240} INFO - Task exited with return code 0
[2025-12-09T01:20:57.766+0700] {taskinstance.py:3482} INFO - 1 downstream tasks scheduled from follow-on schedule check
[2025-12-09T01:20:57.769+0700] {local_task_job_runner.py:222} INFO - ::endgroup::
