[2025-12-07T22:24:49.038+0000] {local_task_job_runner.py:120} INFO - ::group::Pre task execution logs
[2025-12-07T22:24:49.066+0000] {taskinstance.py:2073} INFO - Dependencies all met for dep_context=non-requeueable deps ti=<TaskInstance: dm_mplus_stt_dmart.dm_mplus_billing manual__2025-12-07T22:24:47.436884+00:00 [queued]>
[2025-12-07T22:24:49.074+0000] {taskinstance.py:2073} INFO - Dependencies all met for dep_context=requeueable deps ti=<TaskInstance: dm_mplus_stt_dmart.dm_mplus_billing manual__2025-12-07T22:24:47.436884+00:00 [queued]>
[2025-12-07T22:24:49.076+0000] {taskinstance.py:2303} INFO - Starting attempt 1 of 1
[2025-12-07T22:24:49.093+0000] {taskinstance.py:2327} INFO - Executing <Task(BashOperator): dm_mplus_billing> on 2025-12-07 22:24:47.436884+00:00
[2025-12-07T22:24:49.100+0000] {warnings.py:110} WARNING - /home/airflow/.local/lib/python3.12/site-packages/airflow/task/task_runner/standard_task_runner.py:61: DeprecationWarning: This process (pid=178) is multi-threaded, use of fork() may lead to deadlocks in the child.
  pid = os.fork()

[2025-12-07T22:24:49.102+0000] {standard_task_runner.py:63} INFO - Started process 179 to run task
[2025-12-07T22:24:49.101+0000] {standard_task_runner.py:90} INFO - Running: ['airflow', 'tasks', 'run', 'dm_mplus_stt_dmart', 'dm_mplus_billing', 'manual__2025-12-07T22:24:47.436884+00:00', '--job-id', '9', '--raw', '--subdir', 'DAGS_FOLDER/dmart/dm_mplus_billing.py', '--cfg-path', '/tmp/tmp4i052h3o']
[2025-12-07T22:24:49.104+0000] {standard_task_runner.py:91} INFO - Job 9: Subtask dm_mplus_billing
[2025-12-07T22:24:49.186+0000] {task_command.py:426} INFO - Running <TaskInstance: dm_mplus_stt_dmart.dm_mplus_billing manual__2025-12-07T22:24:47.436884+00:00 [running]> on host ba6304e68cd6
[2025-12-07T22:24:49.294+0000] {taskinstance.py:2644} INFO - Exporting env vars: AIRFLOW_CTX_DAG_OWNER='airflow' AIRFLOW_CTX_DAG_ID='dm_mplus_stt_dmart' AIRFLOW_CTX_TASK_ID='dm_mplus_billing' AIRFLOW_CTX_EXECUTION_DATE='2025-12-07T22:24:47.436884+00:00' AIRFLOW_CTX_TRY_NUMBER='1' AIRFLOW_CTX_DAG_RUN_ID='manual__2025-12-07T22:24:47.436884+00:00'
[2025-12-07T22:24:49.295+0000] {taskinstance.py:430} INFO - ::endgroup::
[2025-12-07T22:24:49.315+0000] {subprocess.py:63} INFO - Tmp dir root location: /tmp
[2025-12-07T22:24:49.317+0000] {subprocess.py:75} INFO - Running command: ['/usr/bin/bash', '-c', 'cd /script/dmart ; python dm_mplus_billing.py || exit 3']
[2025-12-07T22:24:49.327+0000] {subprocess.py:86} INFO - Output:
[2025-12-07T22:24:49.329+0000] {subprocess.py:93} INFO - /usr/bin/bash: line 1: cd: /script/dmart: No such file or directory
[2025-12-07T22:24:49.369+0000] {subprocess.py:93} INFO - python: can't open file '/tmp/airflowtmpskml7tcq/dm_mplus_billing.py': [Errno 2] No such file or directory
[2025-12-07T22:24:49.373+0000] {subprocess.py:97} INFO - Command exited with return code 3
[2025-12-07T22:24:49.375+0000] {taskinstance.py:441} INFO - ::group::Post task execution logs
[2025-12-07T22:24:49.392+0000] {taskinstance.py:2890} ERROR - Task failed with exception
Traceback (most recent call last):
  File "/home/airflow/.local/lib/python3.12/site-packages/airflow/models/taskinstance.py", line 465, in _execute_task
    result = _execute_callable(context=context, **execute_callable_kwargs)
             ^^^^^^^^^^^^^^^^^^^^^^^^^^^^^^^^^^^^^^^^^^^^^^^^^^^^^^^^^^^^^
  File "/home/airflow/.local/lib/python3.12/site-packages/airflow/models/taskinstance.py", line 432, in _execute_callable
    return execute_callable(context=context, **execute_callable_kwargs)
           ^^^^^^^^^^^^^^^^^^^^^^^^^^^^^^^^^^^^^^^^^^^^^^^^^^^^^^^^^^^^
  File "/home/airflow/.local/lib/python3.12/site-packages/airflow/models/baseoperator.py", line 400, in wrapper
    return func(self, *args, **kwargs)
           ^^^^^^^^^^^^^^^^^^^^^^^^^^^
  File "/home/airflow/.local/lib/python3.12/site-packages/airflow/operators/bash.py", line 243, in execute
    raise AirflowException(
airflow.exceptions.AirflowException: Bash command failed. The command returned a non-zero exit code 3.
[2025-12-07T22:24:49.399+0000] {taskinstance.py:1205} INFO - Marking task as FAILED. dag_id=dm_mplus_stt_dmart, task_id=dm_mplus_billing, execution_date=20251207T222447, start_date=20251207T222449, end_date=20251207T222449
[2025-12-07T22:24:49.417+0000] {standard_task_runner.py:110} ERROR - Failed to execute job 9 for task dm_mplus_billing (Bash command failed. The command returned a non-zero exit code 3.; 179)
[2025-12-07T22:24:49.437+0000] {local_task_job_runner.py:240} INFO - Task exited with return code 1
[2025-12-07T22:24:49.458+0000] {taskinstance.py:3482} INFO - 0 downstream tasks scheduled from follow-on schedule check
[2025-12-07T22:24:49.461+0000] {local_task_job_runner.py:222} INFO - ::endgroup::
