[2025-12-08T09:19:17.296+0700] {local_task_job_runner.py:120} INFO - ::group::Pre task execution logs
[2025-12-08T09:19:17.325+0700] {taskinstance.py:2073} INFO - Dependencies all met for dep_context=non-requeueable deps ti=<TaskInstance: drive_to_refine.ref_mplus_stt manual__2025-12-08T00:00:37.053503+00:00 [queued]>
[2025-12-08T09:19:17.335+0700] {taskinstance.py:2073} INFO - Dependencies all met for dep_context=requeueable deps ti=<TaskInstance: drive_to_refine.ref_mplus_stt manual__2025-12-08T00:00:37.053503+00:00 [queued]>
[2025-12-08T09:19:17.336+0700] {taskinstance.py:2303} INFO - Starting attempt 1 of 1
[2025-12-08T09:19:17.352+0700] {taskinstance.py:2327} INFO - Executing <Task(BashOperator): ref_mplus_stt> on 2025-12-08 00:00:37.053503+00:00
[2025-12-08T09:19:17.358+0700] {warnings.py:110} WARNING - /home/airflow/.local/lib/python3.12/site-packages/airflow/task/task_runner/standard_task_runner.py:61: DeprecationWarning: This process (pid=435) is multi-threaded, use of fork() may lead to deadlocks in the child.
  pid = os.fork()

[2025-12-08T09:19:17.361+0700] {standard_task_runner.py:63} INFO - Started process 436 to run task
[2025-12-08T09:19:17.360+0700] {standard_task_runner.py:90} INFO - Running: ['airflow', 'tasks', 'run', 'drive_to_refine', 'ref_mplus_stt', 'manual__2025-12-08T00:00:37.053503+00:00', '--job-id', '70', '--raw', '--subdir', 'DAGS_FOLDER/source_to_target/drive_to_refine.py', '--cfg-path', '/tmp/tmpofk7m6ez']
[2025-12-08T09:19:17.363+0700] {standard_task_runner.py:91} INFO - Job 70: Subtask ref_mplus_stt
[2025-12-08T09:19:17.449+0700] {task_command.py:426} INFO - Running <TaskInstance: drive_to_refine.ref_mplus_stt manual__2025-12-08T00:00:37.053503+00:00 [running]> on host 455f26e89cec
[2025-12-08T09:19:17.580+0700] {taskinstance.py:2644} INFO - Exporting env vars: AIRFLOW_CTX_DAG_OWNER='airflow' AIRFLOW_CTX_DAG_ID='drive_to_refine' AIRFLOW_CTX_TASK_ID='ref_mplus_stt' AIRFLOW_CTX_EXECUTION_DATE='2025-12-08T00:00:37.053503+00:00' AIRFLOW_CTX_TRY_NUMBER='1' AIRFLOW_CTX_DAG_RUN_ID='manual__2025-12-08T00:00:37.053503+00:00'
[2025-12-08T09:19:17.581+0700] {taskinstance.py:430} INFO - ::endgroup::
[2025-12-08T09:19:17.595+0700] {subprocess.py:63} INFO - Tmp dir root location: /tmp
[2025-12-08T09:19:17.596+0700] {subprocess.py:75} INFO - Running command: ['/usr/bin/bash', '-c', 'cd /script/refine ; python ref_mplus_stt.py || exit 3']
[2025-12-08T09:19:17.607+0700] {subprocess.py:86} INFO - Output:
[2025-12-08T09:19:18.846+0700] {subprocess.py:93} INFO - 2025-12-08 09:19:18,846 - INFO - Berhasil upload 550 rows ke refine.mplus_stt
[2025-12-08T09:19:18.847+0700] {subprocess.py:93} INFO - 2025-12-08 09:19:18,846 - INFO - Tabel 'refine.mplus_stt' berhasil dibuat dari parquet
[2025-12-08T09:19:18.847+0700] {subprocess.py:93} INFO - 2025-12-08 09:19:18,846 - INFO - Running DBT command: dbt run --select tag:mplus_stt --target ref_prod --project-dir /script/dbt --profiles-dir /script/dbt
[2025-12-08T09:19:25.299+0700] {subprocess.py:93} INFO - 2025-12-08 09:19:25,299 - INFO - DBT run completed successfully.
[2025-12-08T09:19:25.339+0700] {subprocess.py:93} INFO - 2025-12-08 09:19:25,338 - INFO - Tabel 'refine.mplus_stt' berhasil dihapus
[2025-12-08T09:19:25.339+0700] {subprocess.py:93} INFO - [0m02:19:22  Running with dbt=1.7.0
[2025-12-08T09:19:25.340+0700] {subprocess.py:93} INFO - [0m02:19:23  Registered adapter: postgres=1.7.0
[2025-12-08T09:19:25.341+0700] {subprocess.py:93} INFO - [0m02:19:23  [[33mWARNING[0m]: Configuration paths exist in your dbt_project.yml file which do not apply to any resources.
[2025-12-08T09:19:25.341+0700] {subprocess.py:93} INFO - There are 1 unused configuration paths:
[2025-12-08T09:19:25.342+0700] {subprocess.py:93} INFO - - models.mplus_dbt.example
[2025-12-08T09:19:25.343+0700] {subprocess.py:93} INFO - [0m02:19:23  Found 2 models, 0 sources, 0 exposures, 0 metrics, 401 macros, 0 groups, 0 semantic models
[2025-12-08T09:19:25.344+0700] {subprocess.py:93} INFO - [0m02:19:23
[2025-12-08T09:19:25.345+0700] {subprocess.py:93} INFO - [0m02:19:23  Concurrency: 1 threads (target='ref_prod')
[2025-12-08T09:19:25.345+0700] {subprocess.py:93} INFO - [0m02:19:23
[2025-12-08T09:19:25.346+0700] {subprocess.py:93} INFO - [0m02:19:23  1 of 1 START sql table model refine.ref_mplus_stt .............................. [RUN]
[2025-12-08T09:19:25.347+0700] {subprocess.py:93} INFO - [0m02:19:23  1 of 1 OK created sql table model refine.ref_mplus_stt ......................... [[32mSELECT 525[0m in 0.22s]
[2025-12-08T09:19:25.347+0700] {subprocess.py:93} INFO - [0m02:19:23
[2025-12-08T09:19:25.348+0700] {subprocess.py:93} INFO - [0m02:19:23  Finished running 1 table model in 0 hours 0 minutes and 0.41 seconds (0.41s).
[2025-12-08T09:19:25.349+0700] {subprocess.py:93} INFO - [0m02:19:23
[2025-12-08T09:19:25.350+0700] {subprocess.py:93} INFO - [0m02:19:23  [32mCompleted successfully[0m
[2025-12-08T09:19:25.350+0700] {subprocess.py:93} INFO - [0m02:19:23
[2025-12-08T09:19:25.351+0700] {subprocess.py:93} INFO - [0m02:19:23  Done. PASS=1 WARN=0 ERROR=0 SKIP=0 TOTAL=1
[2025-12-08T09:19:25.351+0700] {subprocess.py:93} INFO - 
[2025-12-08T09:19:25.452+0700] {subprocess.py:97} INFO - Command exited with return code 0
[2025-12-08T09:19:25.453+0700] {taskinstance.py:441} INFO - ::group::Post task execution logs
[2025-12-08T09:19:25.495+0700] {taskinstance.py:1205} INFO - Marking task as SUCCESS. dag_id=drive_to_refine, task_id=ref_mplus_stt, execution_date=20251208T000037, start_date=20251208T021917, end_date=20251208T021925
[2025-12-08T09:19:25.514+0700] {local_task_job_runner.py:240} INFO - Task exited with return code 0
[2025-12-08T09:19:25.537+0700] {taskinstance.py:3482} INFO - 0 downstream tasks scheduled from follow-on schedule check
[2025-12-08T09:19:25.540+0700] {local_task_job_runner.py:222} INFO - ::endgroup::
