[2025-12-08T09:09:17.348+0700] {local_task_job_runner.py:120} INFO - ::group::Pre task execution logs
[2025-12-08T09:09:17.378+0700] {taskinstance.py:2073} INFO - Dependencies all met for dep_context=non-requeueable deps ti=<TaskInstance: dm_mplus_stt_dmart.dm_mplus_billing manual__2025-12-08T02:09:15.496481+00:00 [queued]>
[2025-12-08T09:09:17.386+0700] {taskinstance.py:2073} INFO - Dependencies all met for dep_context=requeueable deps ti=<TaskInstance: dm_mplus_stt_dmart.dm_mplus_billing manual__2025-12-08T02:09:15.496481+00:00 [queued]>
[2025-12-08T09:09:17.387+0700] {taskinstance.py:2303} INFO - Starting attempt 1 of 1
[2025-12-08T09:09:17.402+0700] {taskinstance.py:2327} INFO - Executing <Task(BashOperator): dm_mplus_billing> on 2025-12-08 02:09:15.496481+00:00
[2025-12-08T09:09:17.409+0700] {warnings.py:110} WARNING - /home/airflow/.local/lib/python3.12/site-packages/airflow/task/task_runner/standard_task_runner.py:61: DeprecationWarning: This process (pid=79) is multi-threaded, use of fork() may lead to deadlocks in the child.
  pid = os.fork()

[2025-12-08T09:09:17.411+0700] {standard_task_runner.py:63} INFO - Started process 80 to run task
[2025-12-08T09:09:17.410+0700] {standard_task_runner.py:90} INFO - Running: ['airflow', 'tasks', 'run', 'dm_mplus_stt_dmart', 'dm_mplus_billing', 'manual__2025-12-08T02:09:15.496481+00:00', '--job-id', '59', '--raw', '--subdir', 'DAGS_FOLDER/dmart/dm_mplus_billing.py', '--cfg-path', '/tmp/tmpsn5w0zlc']
[2025-12-08T09:09:17.413+0700] {standard_task_runner.py:91} INFO - Job 59: Subtask dm_mplus_billing
[2025-12-08T09:09:17.503+0700] {task_command.py:426} INFO - Running <TaskInstance: dm_mplus_stt_dmart.dm_mplus_billing manual__2025-12-08T02:09:15.496481+00:00 [running]> on host 455f26e89cec
[2025-12-08T09:09:17.637+0700] {taskinstance.py:2644} INFO - Exporting env vars: AIRFLOW_CTX_DAG_OWNER='airflow' AIRFLOW_CTX_DAG_ID='dm_mplus_stt_dmart' AIRFLOW_CTX_TASK_ID='dm_mplus_billing' AIRFLOW_CTX_EXECUTION_DATE='2025-12-08T02:09:15.496481+00:00' AIRFLOW_CTX_TRY_NUMBER='1' AIRFLOW_CTX_DAG_RUN_ID='manual__2025-12-08T02:09:15.496481+00:00'
[2025-12-08T09:09:17.638+0700] {taskinstance.py:430} INFO - ::endgroup::
[2025-12-08T09:09:17.665+0700] {subprocess.py:63} INFO - Tmp dir root location: /tmp
[2025-12-08T09:09:17.667+0700] {subprocess.py:75} INFO - Running command: ['/usr/bin/bash', '-c', 'cd /script/dmart ; python dm_mplus_billing.py || exit 3']
[2025-12-08T09:09:17.678+0700] {subprocess.py:86} INFO - Output:
[2025-12-08T09:09:18.817+0700] {subprocess.py:93} INFO - 2025-12-08 09:09:18,816 - INFO - Running DBT: dbt run --select tag:dm_mplus_billing --target ref_prod --project-dir /script/dbt --profiles-dir /script/dbt
[2025-12-08T09:09:26.217+0700] {subprocess.py:93} INFO - 2025-12-08 09:09:26,216 - INFO - DBT run completed successfully.
[2025-12-08T09:09:26.250+0700] {subprocess.py:93} INFO - 2025-12-08 09:09:26,250 - INFO - Mengambil data dari refine.dm_mplus_billing ...
[2025-12-08T09:09:26.257+0700] {subprocess.py:93} INFO - /script/dmart/dm_mplus_billing.py:122: UserWarning: pandas only supports SQLAlchemy connectable (engine/connection) or database string URI or sqlite3 DBAPI2 connection. Other DBAPI2 objects are not tested. Please consider using SQLAlchemy.
[2025-12-08T09:09:26.258+0700] {subprocess.py:93} INFO -   df = pd.read_sql(query, raw_conn)
[2025-12-08T09:09:26.262+0700] {subprocess.py:93} INFO - 2025-12-08 09:09:26,262 - INFO - Jumlah baris di refine: 100
[2025-12-08T09:09:26.262+0700] {subprocess.py:93} INFO - 2025-12-08 09:09:26,262 - INFO - Menulis data ke dmart.dm_mplus_billing menggunakan Psycopg2 COPY...
[2025-12-08T09:09:26.292+0700] {subprocess.py:93} INFO - 2025-12-08 09:09:26,292 - INFO - Berhasil upload 100 rows ke dmart.dm_mplus_billing
[2025-12-08T09:09:26.311+0700] {subprocess.py:93} INFO - 2025-12-08 09:09:26,311 - INFO - Tabel 'refine.dm_mplus_billing' (Refine) berhasil dihapus
[2025-12-08T09:09:26.314+0700] {subprocess.py:93} INFO - [0m02:09:23  Running with dbt=1.7.0
[2025-12-08T09:09:26.315+0700] {subprocess.py:93} INFO - [0m02:09:23  Registered adapter: postgres=1.7.0
[2025-12-08T09:09:26.316+0700] {subprocess.py:93} INFO - [0m02:09:23  [[33mWARNING[0m]: Configuration paths exist in your dbt_project.yml file which do not apply to any resources.
[2025-12-08T09:09:26.316+0700] {subprocess.py:93} INFO - There are 1 unused configuration paths:
[2025-12-08T09:09:26.317+0700] {subprocess.py:93} INFO - - models.mplus_dbt.example
[2025-12-08T09:09:26.318+0700] {subprocess.py:93} INFO - [0m02:09:23  Found 2 models, 0 sources, 0 exposures, 0 metrics, 401 macros, 0 groups, 0 semantic models
[2025-12-08T09:09:26.319+0700] {subprocess.py:93} INFO - [0m02:09:23
[2025-12-08T09:09:26.320+0700] {subprocess.py:93} INFO - [0m02:09:24  Concurrency: 1 threads (target='ref_prod')
[2025-12-08T09:09:26.321+0700] {subprocess.py:93} INFO - [0m02:09:24
[2025-12-08T09:09:26.321+0700] {subprocess.py:93} INFO - [0m02:09:24  1 of 1 START sql table model refine.dm_mplus_billing ........................... [RUN]
[2025-12-08T09:09:26.322+0700] {subprocess.py:93} INFO - [0m02:09:24  1 of 1 OK created sql table model refine.dm_mplus_billing ...................... [[32mSELECT 100[0m in 0.28s]
[2025-12-08T09:09:26.323+0700] {subprocess.py:93} INFO - [0m02:09:24
[2025-12-08T09:09:26.324+0700] {subprocess.py:93} INFO - [0m02:09:24  Finished running 1 table model in 0 hours 0 minutes and 0.62 seconds (0.62s).
[2025-12-08T09:09:26.324+0700] {subprocess.py:93} INFO - [0m02:09:24
[2025-12-08T09:09:26.325+0700] {subprocess.py:93} INFO - [0m02:09:24  [32mCompleted successfully[0m
[2025-12-08T09:09:26.326+0700] {subprocess.py:93} INFO - [0m02:09:24
[2025-12-08T09:09:26.327+0700] {subprocess.py:93} INFO - [0m02:09:24  Done. PASS=1 WARN=0 ERROR=0 SKIP=0 TOTAL=1
[2025-12-08T09:09:26.328+0700] {subprocess.py:93} INFO - 
[2025-12-08T09:09:26.435+0700] {subprocess.py:97} INFO - Command exited with return code 0
[2025-12-08T09:09:26.436+0700] {taskinstance.py:441} INFO - ::group::Post task execution logs
[2025-12-08T09:09:26.486+0700] {taskinstance.py:1205} INFO - Marking task as SUCCESS. dag_id=dm_mplus_stt_dmart, task_id=dm_mplus_billing, execution_date=20251208T020915, start_date=20251208T020917, end_date=20251208T020926
[2025-12-08T09:09:26.518+0700] {local_task_job_runner.py:240} INFO - Task exited with return code 0
[2025-12-08T09:09:26.545+0700] {taskinstance.py:3482} INFO - 0 downstream tasks scheduled from follow-on schedule check
[2025-12-08T09:09:26.548+0700] {local_task_job_runner.py:222} INFO - ::endgroup::
