[2025-12-08T09:11:31.380+0700] {local_task_job_runner.py:120} INFO - ::group::Pre task execution logs
[2025-12-08T09:11:31.413+0700] {taskinstance.py:2073} INFO - Dependencies all met for dep_context=non-requeueable deps ti=<TaskInstance: dm_mplus_stt_dmart.dm_mplus_billing manual__2025-12-08T02:09:15.496481+00:00 [queued]>
[2025-12-08T09:11:31.423+0700] {taskinstance.py:2073} INFO - Dependencies all met for dep_context=requeueable deps ti=<TaskInstance: dm_mplus_stt_dmart.dm_mplus_billing manual__2025-12-08T02:09:15.496481+00:00 [queued]>
[2025-12-08T09:11:31.423+0700] {taskinstance.py:2303} INFO - Starting attempt 2 of 2
[2025-12-08T09:11:31.440+0700] {taskinstance.py:2327} INFO - Executing <Task(BashOperator): dm_mplus_billing> on 2025-12-08 02:09:15.496481+00:00
[2025-12-08T09:11:31.447+0700] {warnings.py:110} WARNING - /home/airflow/.local/lib/python3.12/site-packages/airflow/task/task_runner/standard_task_runner.py:61: DeprecationWarning: This process (pid=127) is multi-threaded, use of fork() may lead to deadlocks in the child.
  pid = os.fork()

[2025-12-08T09:11:31.449+0700] {standard_task_runner.py:63} INFO - Started process 128 to run task
[2025-12-08T09:11:31.449+0700] {standard_task_runner.py:90} INFO - Running: ['airflow', 'tasks', 'run', 'dm_mplus_stt_dmart', 'dm_mplus_billing', 'manual__2025-12-08T02:09:15.496481+00:00', '--job-id', '60', '--raw', '--subdir', 'DAGS_FOLDER/dmart/dm_mplus_billing.py', '--cfg-path', '/tmp/tmp4tb5k6k9']
[2025-12-08T09:11:31.452+0700] {standard_task_runner.py:91} INFO - Job 60: Subtask dm_mplus_billing
[2025-12-08T09:11:31.543+0700] {task_command.py:426} INFO - Running <TaskInstance: dm_mplus_stt_dmart.dm_mplus_billing manual__2025-12-08T02:09:15.496481+00:00 [running]> on host 455f26e89cec
[2025-12-08T09:11:31.679+0700] {taskinstance.py:2644} INFO - Exporting env vars: AIRFLOW_CTX_DAG_OWNER='airflow' AIRFLOW_CTX_DAG_ID='dm_mplus_stt_dmart' AIRFLOW_CTX_TASK_ID='dm_mplus_billing' AIRFLOW_CTX_EXECUTION_DATE='2025-12-08T02:09:15.496481+00:00' AIRFLOW_CTX_TRY_NUMBER='2' AIRFLOW_CTX_DAG_RUN_ID='manual__2025-12-08T02:09:15.496481+00:00'
[2025-12-08T09:11:31.680+0700] {taskinstance.py:430} INFO - ::endgroup::
[2025-12-08T09:11:31.696+0700] {subprocess.py:63} INFO - Tmp dir root location: /tmp
[2025-12-08T09:11:31.697+0700] {subprocess.py:75} INFO - Running command: ['/usr/bin/bash', '-c', 'cd /script/dmart ; python dm_mplus_billing.py || exit 3']
[2025-12-08T09:11:31.707+0700] {subprocess.py:86} INFO - Output:
[2025-12-08T09:11:32.922+0700] {subprocess.py:93} INFO - 2025-12-08 09:11:32,922 - INFO - Running DBT: dbt run --select tag:dm_mplus_billing --target ref_prod --project-dir /script/dbt --profiles-dir /script/dbt
[2025-12-08T09:11:39.192+0700] {subprocess.py:93} INFO - 2025-12-08 09:11:39,192 - INFO - DBT run completed successfully.
[2025-12-08T09:11:39.235+0700] {subprocess.py:93} INFO - 2025-12-08 09:11:39,234 - INFO - Mengambil data dari refine.dm_mplus_billing ...
[2025-12-08T09:11:39.245+0700] {subprocess.py:93} INFO - /script/dmart/dm_mplus_billing.py:122: UserWarning: pandas only supports SQLAlchemy connectable (engine/connection) or database string URI or sqlite3 DBAPI2 connection. Other DBAPI2 objects are not tested. Please consider using SQLAlchemy.
[2025-12-08T09:11:39.246+0700] {subprocess.py:93} INFO -   df = pd.read_sql(query, raw_conn)
[2025-12-08T09:11:39.248+0700] {subprocess.py:93} INFO - 2025-12-08 09:11:39,248 - INFO - Jumlah baris di refine: 100
[2025-12-08T09:11:39.249+0700] {subprocess.py:93} INFO - 2025-12-08 09:11:39,249 - INFO - Menulis data ke dmart.dm_mplus_billing menggunakan Psycopg2 COPY...
[2025-12-08T09:11:39.281+0700] {subprocess.py:93} INFO - 2025-12-08 09:11:39,281 - INFO - Berhasil upload 100 rows ke dmart.dm_mplus_billing
[2025-12-08T09:11:39.303+0700] {subprocess.py:93} INFO - 2025-12-08 09:11:39,303 - INFO - Tabel 'refine.dm_mplus_billing' (Refine) berhasil dihapus
[2025-12-08T09:11:39.304+0700] {subprocess.py:93} INFO - [0m02:11:36  Running with dbt=1.7.0
[2025-12-08T09:11:39.305+0700] {subprocess.py:93} INFO - [0m02:11:36  Registered adapter: postgres=1.7.0
[2025-12-08T09:11:39.305+0700] {subprocess.py:93} INFO - [0m02:11:36  [[33mWARNING[0m]: Configuration paths exist in your dbt_project.yml file which do not apply to any resources.
[2025-12-08T09:11:39.306+0700] {subprocess.py:93} INFO - There are 1 unused configuration paths:
[2025-12-08T09:11:39.307+0700] {subprocess.py:93} INFO - - models.mplus_dbt.example
[2025-12-08T09:11:39.307+0700] {subprocess.py:93} INFO - [0m02:11:36  Found 2 models, 0 sources, 0 exposures, 0 metrics, 401 macros, 0 groups, 0 semantic models
[2025-12-08T09:11:39.308+0700] {subprocess.py:93} INFO - [0m02:11:36
[2025-12-08T09:11:39.308+0700] {subprocess.py:93} INFO - [0m02:11:36  Concurrency: 1 threads (target='ref_prod')
[2025-12-08T09:11:39.309+0700] {subprocess.py:93} INFO - [0m02:11:36
[2025-12-08T09:11:39.310+0700] {subprocess.py:93} INFO - [0m02:11:37  1 of 1 START sql table model refine.dm_mplus_billing ........................... [RUN]
[2025-12-08T09:11:39.310+0700] {subprocess.py:93} INFO - [0m02:11:37  1 of 1 OK created sql table model refine.dm_mplus_billing ...................... [[32mSELECT 100[0m in 0.40s]
[2025-12-08T09:11:39.311+0700] {subprocess.py:93} INFO - [0m02:11:37
[2025-12-08T09:11:39.311+0700] {subprocess.py:93} INFO - [0m02:11:37  Finished running 1 table model in 0 hours 0 minutes and 0.68 seconds (0.68s).
[2025-12-08T09:11:39.312+0700] {subprocess.py:93} INFO - [0m02:11:37
[2025-12-08T09:11:39.312+0700] {subprocess.py:93} INFO - [0m02:11:37  [32mCompleted successfully[0m
[2025-12-08T09:11:39.312+0700] {subprocess.py:93} INFO - [0m02:11:37
[2025-12-08T09:11:39.313+0700] {subprocess.py:93} INFO - [0m02:11:37  Done. PASS=1 WARN=0 ERROR=0 SKIP=0 TOTAL=1
[2025-12-08T09:11:39.313+0700] {subprocess.py:93} INFO - 
[2025-12-08T09:11:39.416+0700] {subprocess.py:97} INFO - Command exited with return code 0
[2025-12-08T09:11:39.418+0700] {taskinstance.py:441} INFO - ::group::Post task execution logs
[2025-12-08T09:11:39.467+0700] {taskinstance.py:1205} INFO - Marking task as SUCCESS. dag_id=dm_mplus_stt_dmart, task_id=dm_mplus_billing, execution_date=20251208T020915, start_date=20251208T021131, end_date=20251208T021139
[2025-12-08T09:11:39.510+0700] {local_task_job_runner.py:240} INFO - Task exited with return code 0
[2025-12-08T09:11:39.537+0700] {taskinstance.py:3482} INFO - 0 downstream tasks scheduled from follow-on schedule check
[2025-12-08T09:11:39.540+0700] {local_task_job_runner.py:222} INFO - ::endgroup::
