[2025-12-08T09:18:51.805+0700] {local_task_job_runner.py:120} INFO - ::group::Pre task execution logs
[2025-12-08T09:18:51.852+0700] {taskinstance.py:2073} INFO - Dependencies all met for dep_context=non-requeueable deps ti=<TaskInstance: drive_to_refine.ref_mplus_stt manual__2025-12-07T23:32:54.874488+00:00 [queued]>
[2025-12-08T09:18:51.865+0700] {taskinstance.py:2073} INFO - Dependencies all met for dep_context=requeueable deps ti=<TaskInstance: drive_to_refine.ref_mplus_stt manual__2025-12-07T23:32:54.874488+00:00 [queued]>
[2025-12-08T09:18:51.868+0700] {taskinstance.py:2303} INFO - Starting attempt 1 of 1
[2025-12-08T09:18:51.890+0700] {taskinstance.py:2327} INFO - Executing <Task(BashOperator): ref_mplus_stt> on 2025-12-07 23:32:54.874488+00:00
[2025-12-08T09:18:51.898+0700] {warnings.py:110} WARNING - /home/airflow/.local/lib/python3.12/site-packages/airflow/task/task_runner/standard_task_runner.py:61: DeprecationWarning: This process (pid=383) is multi-threaded, use of fork() may lead to deadlocks in the child.
  pid = os.fork()

[2025-12-08T09:18:51.899+0700] {standard_task_runner.py:63} INFO - Started process 384 to run task
[2025-12-08T09:18:51.901+0700] {standard_task_runner.py:90} INFO - Running: ['airflow', 'tasks', 'run', 'drive_to_refine', 'ref_mplus_stt', 'manual__2025-12-07T23:32:54.874488+00:00', '--job-id', '68', '--raw', '--subdir', 'DAGS_FOLDER/source_to_target/drive_to_refine.py', '--cfg-path', '/tmp/tmp66ak0eup']
[2025-12-08T09:18:51.904+0700] {standard_task_runner.py:91} INFO - Job 68: Subtask ref_mplus_stt
[2025-12-08T09:18:52.018+0700] {task_command.py:426} INFO - Running <TaskInstance: drive_to_refine.ref_mplus_stt manual__2025-12-07T23:32:54.874488+00:00 [running]> on host 455f26e89cec
[2025-12-08T09:18:52.203+0700] {taskinstance.py:2644} INFO - Exporting env vars: AIRFLOW_CTX_DAG_OWNER='airflow' AIRFLOW_CTX_DAG_ID='drive_to_refine' AIRFLOW_CTX_TASK_ID='ref_mplus_stt' AIRFLOW_CTX_EXECUTION_DATE='2025-12-07T23:32:54.874488+00:00' AIRFLOW_CTX_TRY_NUMBER='1' AIRFLOW_CTX_DAG_RUN_ID='manual__2025-12-07T23:32:54.874488+00:00'
[2025-12-08T09:18:52.205+0700] {taskinstance.py:430} INFO - ::endgroup::
[2025-12-08T09:18:52.228+0700] {subprocess.py:63} INFO - Tmp dir root location: /tmp
[2025-12-08T09:18:52.230+0700] {subprocess.py:75} INFO - Running command: ['/usr/bin/bash', '-c', 'cd /script/refine ; python ref_mplus_stt.py || exit 3']
[2025-12-08T09:18:52.244+0700] {subprocess.py:86} INFO - Output:
[2025-12-08T09:18:54.577+0700] {subprocess.py:93} INFO - 2025-12-08 09:18:54,576 - INFO - Berhasil upload 550 rows ke refine.mplus_stt
[2025-12-08T09:18:54.579+0700] {subprocess.py:93} INFO - 2025-12-08 09:18:54,577 - INFO - Tabel 'refine.mplus_stt' berhasil dibuat dari parquet
[2025-12-08T09:18:54.580+0700] {subprocess.py:93} INFO - 2025-12-08 09:18:54,577 - INFO - Running DBT command: dbt run --select tag:mplus_stt --target ref_prod --project-dir /script/dbt --profiles-dir /script/dbt
[2025-12-08T09:19:06.369+0700] {subprocess.py:93} INFO - 2025-12-08 09:19:06,369 - INFO - DBT run completed successfully.
[2025-12-08T09:19:06.421+0700] {subprocess.py:93} INFO - 2025-12-08 09:19:06,421 - INFO - Tabel 'refine.mplus_stt' berhasil dihapus
[2025-12-08T09:19:06.422+0700] {subprocess.py:93} INFO - [0m02:19:02  Running with dbt=1.7.0
[2025-12-08T09:19:06.423+0700] {subprocess.py:93} INFO - [0m02:19:03  Registered adapter: postgres=1.7.0
[2025-12-08T09:19:06.424+0700] {subprocess.py:93} INFO - [0m02:19:03  [[33mWARNING[0m]: Configuration paths exist in your dbt_project.yml file which do not apply to any resources.
[2025-12-08T09:19:06.425+0700] {subprocess.py:93} INFO - There are 1 unused configuration paths:
[2025-12-08T09:19:06.426+0700] {subprocess.py:93} INFO - - models.mplus_dbt.example
[2025-12-08T09:19:06.426+0700] {subprocess.py:93} INFO - [0m02:19:03  Found 2 models, 0 sources, 0 exposures, 0 metrics, 401 macros, 0 groups, 0 semantic models
[2025-12-08T09:19:06.427+0700] {subprocess.py:93} INFO - [0m02:19:03
[2025-12-08T09:19:06.428+0700] {subprocess.py:93} INFO - [0m02:19:04  Concurrency: 1 threads (target='ref_prod')
[2025-12-08T09:19:06.429+0700] {subprocess.py:93} INFO - [0m02:19:04
[2025-12-08T09:19:06.429+0700] {subprocess.py:93} INFO - [0m02:19:04  1 of 1 START sql table model refine.ref_mplus_stt .............................. [RUN]
[2025-12-08T09:19:06.430+0700] {subprocess.py:93} INFO - [0m02:19:04  1 of 1 OK created sql table model refine.ref_mplus_stt ......................... [[32mSELECT 525[0m in 0.39s]
[2025-12-08T09:19:06.431+0700] {subprocess.py:93} INFO - [0m02:19:04
[2025-12-08T09:19:06.431+0700] {subprocess.py:93} INFO - [0m02:19:04  Finished running 1 table model in 0 hours 0 minutes and 0.78 seconds (0.78s).
[2025-12-08T09:19:06.432+0700] {subprocess.py:93} INFO - [0m02:19:04
[2025-12-08T09:19:06.433+0700] {subprocess.py:93} INFO - [0m02:19:04  [32mCompleted successfully[0m
[2025-12-08T09:19:06.434+0700] {subprocess.py:93} INFO - [0m02:19:04
[2025-12-08T09:19:06.435+0700] {subprocess.py:93} INFO - [0m02:19:04  Done. PASS=1 WARN=0 ERROR=0 SKIP=0 TOTAL=1
[2025-12-08T09:19:06.435+0700] {subprocess.py:93} INFO - 
[2025-12-08T09:19:06.580+0700] {subprocess.py:97} INFO - Command exited with return code 0
[2025-12-08T09:19:06.582+0700] {taskinstance.py:441} INFO - ::group::Post task execution logs
[2025-12-08T09:19:06.655+0700] {taskinstance.py:1205} INFO - Marking task as SUCCESS. dag_id=drive_to_refine, task_id=ref_mplus_stt, execution_date=20251207T233254, start_date=20251208T021851, end_date=20251208T021906
[2025-12-08T09:19:06.689+0700] {local_task_job_runner.py:240} INFO - Task exited with return code 0
[2025-12-08T09:19:06.725+0700] {taskinstance.py:3482} INFO - 0 downstream tasks scheduled from follow-on schedule check
[2025-12-08T09:19:06.729+0700] {local_task_job_runner.py:222} INFO - ::endgroup::
