[2025-12-09T01:20:58.728+0700] {local_task_job_runner.py:120} INFO - ::group::Pre task execution logs
[2025-12-09T01:20:58.757+0700] {taskinstance.py:2073} INFO - Dependencies all met for dep_context=non-requeueable deps ti=<TaskInstance: dm_mplus_billing_dmart.dm_mplus_billing manual__2025-12-08T18:20:44.125724+00:00 [queued]>
[2025-12-09T01:20:58.767+0700] {taskinstance.py:2073} INFO - Dependencies all met for dep_context=requeueable deps ti=<TaskInstance: dm_mplus_billing_dmart.dm_mplus_billing manual__2025-12-08T18:20:44.125724+00:00 [queued]>
[2025-12-09T01:20:58.768+0700] {taskinstance.py:2303} INFO - Starting attempt 1 of 1
[2025-12-09T01:20:58.785+0700] {taskinstance.py:2327} INFO - Executing <Task(BashOperator): dm_mplus_billing> on 2025-12-08 18:20:44.125724+00:00
[2025-12-09T01:20:58.790+0700] {warnings.py:110} WARNING - /home/airflow/.local/lib/python3.12/site-packages/airflow/task/task_runner/standard_task_runner.py:61: DeprecationWarning: This process (pid=150) is multi-threaded, use of fork() may lead to deadlocks in the child.
  pid = os.fork()

[2025-12-09T01:20:58.792+0700] {standard_task_runner.py:63} INFO - Started process 151 to run task
[2025-12-09T01:20:58.792+0700] {standard_task_runner.py:90} INFO - Running: ['airflow', 'tasks', 'run', 'dm_mplus_billing_dmart', 'dm_mplus_billing', 'manual__2025-12-08T18:20:44.125724+00:00', '--job-id', '106', '--raw', '--subdir', 'DAGS_FOLDER/dmart/dm_mplus_billing.py', '--cfg-path', '/tmp/tmpnmf4ml_e']
[2025-12-09T01:20:58.794+0700] {standard_task_runner.py:91} INFO - Job 106: Subtask dm_mplus_billing
[2025-12-09T01:20:58.874+0700] {task_command.py:426} INFO - Running <TaskInstance: dm_mplus_billing_dmart.dm_mplus_billing manual__2025-12-08T18:20:44.125724+00:00 [running]> on host bc1c0db1befe
[2025-12-09T01:20:59.000+0700] {taskinstance.py:2644} INFO - Exporting env vars: AIRFLOW_CTX_DAG_OWNER='airflow' AIRFLOW_CTX_DAG_ID='dm_mplus_billing_dmart' AIRFLOW_CTX_TASK_ID='dm_mplus_billing' AIRFLOW_CTX_EXECUTION_DATE='2025-12-08T18:20:44.125724+00:00' AIRFLOW_CTX_TRY_NUMBER='1' AIRFLOW_CTX_DAG_RUN_ID='manual__2025-12-08T18:20:44.125724+00:00'
[2025-12-09T01:20:59.002+0700] {taskinstance.py:430} INFO - ::endgroup::
[2025-12-09T01:20:59.017+0700] {subprocess.py:63} INFO - Tmp dir root location: /tmp
[2025-12-09T01:20:59.018+0700] {subprocess.py:75} INFO - Running command: ['/usr/bin/bash', '-c', 'cd /script/dmart ; python dm_mplus_billing.py || exit 3']
[2025-12-09T01:20:59.027+0700] {subprocess.py:86} INFO - Output:
[2025-12-09T01:21:00.277+0700] {subprocess.py:93} INFO - 2025-12-09 01:21:00,277 - INFO - Running DBT: dbt run --select tag:dm_mplus_billing --target ref_prod --project-dir /script/dbt --profiles-dir /script/dbt
[2025-12-09T01:21:06.249+0700] {subprocess.py:93} INFO - 2025-12-09 01:21:06,249 - INFO - DBT run completed successfully.
[2025-12-09T01:21:06.281+0700] {subprocess.py:93} INFO - 2025-12-09 01:21:06,281 - INFO - Mengambil data dari refine.dm_mplus_billing ...
[2025-12-09T01:21:06.291+0700] {subprocess.py:93} INFO - /script/dmart/dm_mplus_billing.py:122: UserWarning: pandas only supports SQLAlchemy connectable (engine/connection) or database string URI or sqlite3 DBAPI2 connection. Other DBAPI2 objects are not tested. Please consider using SQLAlchemy.
[2025-12-09T01:21:06.292+0700] {subprocess.py:93} INFO -   df = pd.read_sql(query, raw_conn)
[2025-12-09T01:21:06.295+0700] {subprocess.py:93} INFO - 2025-12-09 01:21:06,295 - INFO - Jumlah baris di refine: 100
[2025-12-09T01:21:06.296+0700] {subprocess.py:93} INFO - 2025-12-09 01:21:06,295 - INFO - Menulis data ke dmart.dm_mplus_billing menggunakan Psycopg2 COPY...
[2025-12-09T01:21:06.321+0700] {subprocess.py:93} INFO - 2025-12-09 01:21:06,321 - INFO - Berhasil upload 100 rows ke dmart.dm_mplus_billing
[2025-12-09T01:21:06.339+0700] {subprocess.py:93} INFO - 2025-12-09 01:21:06,339 - INFO - Tabel 'refine.dm_mplus_billing' (Refine) berhasil dihapus
[2025-12-09T01:21:06.340+0700] {subprocess.py:93} INFO - [0m18:21:03  Running with dbt=1.7.0
[2025-12-09T01:21:06.340+0700] {subprocess.py:93} INFO - [0m18:21:03  Registered adapter: postgres=1.7.0
[2025-12-09T01:21:06.341+0700] {subprocess.py:93} INFO - [0m18:21:04  [[33mWARNING[0m]: Configuration paths exist in your dbt_project.yml file which do not apply to any resources.
[2025-12-09T01:21:06.342+0700] {subprocess.py:93} INFO - There are 1 unused configuration paths:
[2025-12-09T01:21:06.343+0700] {subprocess.py:93} INFO - - models.mplus_dbt.example
[2025-12-09T01:21:06.343+0700] {subprocess.py:93} INFO - [0m18:21:04  Found 2 models, 0 sources, 0 exposures, 0 metrics, 401 macros, 0 groups, 0 semantic models
[2025-12-09T01:21:06.344+0700] {subprocess.py:93} INFO - [0m18:21:04
[2025-12-09T01:21:06.345+0700] {subprocess.py:93} INFO - [0m18:21:04  Concurrency: 1 threads (target='ref_prod')
[2025-12-09T01:21:06.346+0700] {subprocess.py:93} INFO - [0m18:21:04
[2025-12-09T01:21:06.346+0700] {subprocess.py:93} INFO - [0m18:21:04  1 of 1 START sql table model refine.dm_mplus_billing ........................... [RUN]
[2025-12-09T01:21:06.349+0700] {subprocess.py:93} INFO - [0m18:21:04  1 of 1 OK created sql table model refine.dm_mplus_billing ...................... [[32mSELECT 100[0m in 0.22s]
[2025-12-09T01:21:06.349+0700] {subprocess.py:93} INFO - [0m18:21:04
[2025-12-09T01:21:06.350+0700] {subprocess.py:93} INFO - [0m18:21:04  Finished running 1 table model in 0 hours 0 minutes and 0.42 seconds (0.42s).
[2025-12-09T01:21:06.351+0700] {subprocess.py:93} INFO - [0m18:21:04
[2025-12-09T01:21:06.352+0700] {subprocess.py:93} INFO - [0m18:21:04  [32mCompleted successfully[0m
[2025-12-09T01:21:06.353+0700] {subprocess.py:93} INFO - [0m18:21:04
[2025-12-09T01:21:06.353+0700] {subprocess.py:93} INFO - [0m18:21:04  Done. PASS=1 WARN=0 ERROR=0 SKIP=0 TOTAL=1
[2025-12-09T01:21:06.354+0700] {subprocess.py:93} INFO - 
[2025-12-09T01:21:06.458+0700] {subprocess.py:97} INFO - Command exited with return code 0
[2025-12-09T01:21:06.459+0700] {taskinstance.py:441} INFO - ::group::Post task execution logs
[2025-12-09T01:21:06.506+0700] {taskinstance.py:1205} INFO - Marking task as SUCCESS. dag_id=dm_mplus_billing_dmart, task_id=dm_mplus_billing, execution_date=20251208T182044, start_date=20251208T182058, end_date=20251208T182106
[2025-12-09T01:21:06.542+0700] {local_task_job_runner.py:240} INFO - Task exited with return code 0
[2025-12-09T01:21:06.569+0700] {taskinstance.py:3482} INFO - 0 downstream tasks scheduled from follow-on schedule check
[2025-12-09T01:21:06.572+0700] {local_task_job_runner.py:222} INFO - ::endgroup::
