[2025-12-08T01:46:54.802+0000] {local_task_job_runner.py:120} INFO - ::group::Pre task execution logs
[2025-12-08T01:46:54.840+0000] {taskinstance.py:2073} INFO - Dependencies all met for dep_context=non-requeueable deps ti=<TaskInstance: dm_mplus_stt_dmart.dm_mplus_billing manual__2025-12-08T01:46:53.556402+00:00 [queued]>
[2025-12-08T01:46:54.852+0000] {taskinstance.py:2073} INFO - Dependencies all met for dep_context=requeueable deps ti=<TaskInstance: dm_mplus_stt_dmart.dm_mplus_billing manual__2025-12-08T01:46:53.556402+00:00 [queued]>
[2025-12-08T01:46:54.853+0000] {taskinstance.py:2303} INFO - Starting attempt 1 of 1
[2025-12-08T01:46:54.871+0000] {taskinstance.py:2327} INFO - Executing <Task(BashOperator): dm_mplus_billing> on 2025-12-08 01:46:53.556402+00:00
[2025-12-08T01:46:54.880+0000] {warnings.py:110} WARNING - /home/airflow/.local/lib/python3.12/site-packages/airflow/task/task_runner/standard_task_runner.py:61: DeprecationWarning: This process (pid=877) is multi-threaded, use of fork() may lead to deadlocks in the child.
  pid = os.fork()

[2025-12-08T01:46:54.882+0000] {standard_task_runner.py:63} INFO - Started process 878 to run task
[2025-12-08T01:46:54.883+0000] {standard_task_runner.py:90} INFO - Running: ['airflow', 'tasks', 'run', 'dm_mplus_stt_dmart', 'dm_mplus_billing', 'manual__2025-12-08T01:46:53.556402+00:00', '--job-id', '50', '--raw', '--subdir', 'DAGS_FOLDER/dmart/dm_mplus_billing.py', '--cfg-path', '/tmp/tmpwvspq9v6']
[2025-12-08T01:46:54.886+0000] {standard_task_runner.py:91} INFO - Job 50: Subtask dm_mplus_billing
[2025-12-08T01:46:54.988+0000] {task_command.py:426} INFO - Running <TaskInstance: dm_mplus_stt_dmart.dm_mplus_billing manual__2025-12-08T01:46:53.556402+00:00 [running]> on host a1c568a6392d
[2025-12-08T01:46:55.117+0000] {taskinstance.py:2644} INFO - Exporting env vars: AIRFLOW_CTX_DAG_OWNER='airflow' AIRFLOW_CTX_DAG_ID='dm_mplus_stt_dmart' AIRFLOW_CTX_TASK_ID='dm_mplus_billing' AIRFLOW_CTX_EXECUTION_DATE='2025-12-08T01:46:53.556402+00:00' AIRFLOW_CTX_TRY_NUMBER='1' AIRFLOW_CTX_DAG_RUN_ID='manual__2025-12-08T01:46:53.556402+00:00'
[2025-12-08T01:46:55.118+0000] {taskinstance.py:430} INFO - ::endgroup::
[2025-12-08T01:46:55.131+0000] {subprocess.py:63} INFO - Tmp dir root location: /tmp
[2025-12-08T01:46:55.132+0000] {subprocess.py:75} INFO - Running command: ['/usr/bin/bash', '-c', 'cd /script/dmart ; python dm_mplus_billing.py || exit 3']
[2025-12-08T01:46:55.144+0000] {subprocess.py:86} INFO - Output:
[2025-12-08T01:46:56.331+0000] {subprocess.py:93} INFO - 2025-12-08 01:46:56,331 - INFO - Running DBT: dbt run --select tag:dm_mplus_billing --target ref_prod --project-dir /script/dbt --profiles-dir /script/dbt
[2025-12-08T01:47:02.355+0000] {subprocess.py:93} INFO - 2025-12-08 01:47:02,355 - INFO - DBT run completed successfully.
[2025-12-08T01:47:02.387+0000] {subprocess.py:93} INFO - 2025-12-08 01:47:02,387 - INFO - Mengambil data dari refine.dm_mplus_billing ...
[2025-12-08T01:47:02.398+0000] {subprocess.py:93} INFO - /script/dmart/dm_mplus_billing.py:118: UserWarning: pandas only supports SQLAlchemy connectable (engine/connection) or database string URI or sqlite3 DBAPI2 connection. Other DBAPI2 objects are not tested. Please consider using SQLAlchemy.
[2025-12-08T01:47:02.398+0000] {subprocess.py:93} INFO -   df = pd.read_sql(query, raw_conn)
[2025-12-08T01:47:02.401+0000] {subprocess.py:93} INFO - 2025-12-08 01:47:02,401 - INFO - Jumlah baris di refine: 100
[2025-12-08T01:47:02.401+0000] {subprocess.py:93} INFO - 2025-12-08 01:47:02,401 - INFO - Menulis data ke dmart.dm_mplus_billing menggunakan Psycopg2 COPY...
[2025-12-08T01:47:02.428+0000] {subprocess.py:93} INFO - 2025-12-08 01:47:02,425 - ERROR - Script execution failed: relation "dmart.dm_mplus_billing" does not exist
[2025-12-08T01:47:02.428+0000] {subprocess.py:93} INFO - Traceback (most recent call last):
[2025-12-08T01:47:02.429+0000] {subprocess.py:93} INFO -   File "/script/dmart/dm_mplus_billing.py", line 139, in main
[2025-12-08T01:47:02.430+0000] {subprocess.py:93} INFO -     copy_refine_to_dmart()
[2025-12-08T01:47:02.430+0000] {subprocess.py:93} INFO -   File "/script/dmart/dm_mplus_billing.py", line 123, in copy_refine_to_dmart
[2025-12-08T01:47:02.431+0000] {subprocess.py:93} INFO -     copy_dataframe_to_postgres(df, table, target_schema)
[2025-12-08T01:47:02.432+0000] {subprocess.py:93} INFO -   File "/script/dmart/dm_mplus_billing.py", line 103, in copy_dataframe_to_postgres
[2025-12-08T01:47:02.432+0000] {subprocess.py:93} INFO -     raise e
[2025-12-08T01:47:02.433+0000] {subprocess.py:93} INFO -   File "/script/dmart/dm_mplus_billing.py", line 96, in copy_dataframe_to_postgres
[2025-12-08T01:47:02.434+0000] {subprocess.py:93} INFO -     cursor.copy_from(buffer, f'{schema_name}.{table_name}', sep='\t', null='\\N')
[2025-12-08T01:47:02.434+0000] {subprocess.py:93} INFO - psycopg2.errors.UndefinedTable: relation "dmart.dm_mplus_billing" does not exist
[2025-12-08T01:47:02.435+0000] {subprocess.py:93} INFO - 
[2025-12-08T01:47:02.435+0000] {subprocess.py:93} INFO - [0m01:46:59  Running with dbt=1.7.0
[2025-12-08T01:47:02.436+0000] {subprocess.py:93} INFO - [0m01:46:59  Registered adapter: postgres=1.7.0
[2025-12-08T01:47:02.436+0000] {subprocess.py:93} INFO - [0m01:47:00  [[33mWARNING[0m]: Configuration paths exist in your dbt_project.yml file which do not apply to any resources.
[2025-12-08T01:47:02.437+0000] {subprocess.py:93} INFO - There are 1 unused configuration paths:
[2025-12-08T01:47:02.437+0000] {subprocess.py:93} INFO - - models.mplus_dbt.example
[2025-12-08T01:47:02.438+0000] {subprocess.py:93} INFO - [0m01:47:00  Found 2 models, 0 sources, 0 exposures, 0 metrics, 401 macros, 0 groups, 0 semantic models
[2025-12-08T01:47:02.438+0000] {subprocess.py:93} INFO - [0m01:47:00
[2025-12-08T01:47:02.438+0000] {subprocess.py:93} INFO - [0m01:47:00  Concurrency: 1 threads (target='ref_prod')
[2025-12-08T01:47:02.439+0000] {subprocess.py:93} INFO - [0m01:47:00
[2025-12-08T01:47:02.439+0000] {subprocess.py:93} INFO - [0m01:47:00  1 of 1 START sql table model refine.dm_mplus_billing ........................... [RUN]
[2025-12-08T01:47:02.440+0000] {subprocess.py:93} INFO - [0m01:47:00  1 of 1 OK created sql table model refine.dm_mplus_billing ...................... [[32mSELECT 100[0m in 0.20s]
[2025-12-08T01:47:02.440+0000] {subprocess.py:93} INFO - [0m01:47:00
[2025-12-08T01:47:02.441+0000] {subprocess.py:93} INFO - [0m01:47:00  Finished running 1 table model in 0 hours 0 minutes and 0.38 seconds (0.38s).
[2025-12-08T01:47:02.441+0000] {subprocess.py:93} INFO - [0m01:47:00
[2025-12-08T01:47:02.441+0000] {subprocess.py:93} INFO - [0m01:47:00  [32mCompleted successfully[0m
[2025-12-08T01:47:02.442+0000] {subprocess.py:93} INFO - [0m01:47:00
[2025-12-08T01:47:02.442+0000] {subprocess.py:93} INFO - [0m01:47:00  Done. PASS=1 WARN=0 ERROR=0 SKIP=0 TOTAL=1
[2025-12-08T01:47:02.443+0000] {subprocess.py:93} INFO - 
[2025-12-08T01:47:02.443+0000] {subprocess.py:93} INFO - Traceback (most recent call last):
[2025-12-08T01:47:02.443+0000] {subprocess.py:93} INFO -   File "/script/dmart/dm_mplus_billing.py", line 148, in <module>
[2025-12-08T01:47:02.444+0000] {subprocess.py:93} INFO -     main()
[2025-12-08T01:47:02.444+0000] {subprocess.py:93} INFO -   File "/script/dmart/dm_mplus_billing.py", line 139, in main
[2025-12-08T01:47:02.444+0000] {subprocess.py:93} INFO -     copy_refine_to_dmart()
[2025-12-08T01:47:02.445+0000] {subprocess.py:93} INFO -   File "/script/dmart/dm_mplus_billing.py", line 123, in copy_refine_to_dmart
[2025-12-08T01:47:02.445+0000] {subprocess.py:93} INFO -     copy_dataframe_to_postgres(df, table, target_schema)
[2025-12-08T01:47:02.446+0000] {subprocess.py:93} INFO -   File "/script/dmart/dm_mplus_billing.py", line 103, in copy_dataframe_to_postgres
[2025-12-08T01:47:02.446+0000] {subprocess.py:93} INFO -     raise e
[2025-12-08T01:47:02.447+0000] {subprocess.py:93} INFO -   File "/script/dmart/dm_mplus_billing.py", line 96, in copy_dataframe_to_postgres
[2025-12-08T01:47:02.447+0000] {subprocess.py:93} INFO -     cursor.copy_from(buffer, f'{schema_name}.{table_name}', sep='\t', null='\\N')
[2025-12-08T01:47:02.447+0000] {subprocess.py:93} INFO - psycopg2.errors.UndefinedTable: relation "dmart.dm_mplus_billing" does not exist
[2025-12-08T01:47:02.448+0000] {subprocess.py:93} INFO - 
[2025-12-08T01:47:02.532+0000] {subprocess.py:97} INFO - Command exited with return code 3
[2025-12-08T01:47:02.533+0000] {taskinstance.py:441} INFO - ::group::Post task execution logs
[2025-12-08T01:47:02.551+0000] {taskinstance.py:2890} ERROR - Task failed with exception
Traceback (most recent call last):
  File "/home/airflow/.local/lib/python3.12/site-packages/airflow/models/taskinstance.py", line 465, in _execute_task
    result = _execute_callable(context=context, **execute_callable_kwargs)
             ^^^^^^^^^^^^^^^^^^^^^^^^^^^^^^^^^^^^^^^^^^^^^^^^^^^^^^^^^^^^^
  File "/home/airflow/.local/lib/python3.12/site-packages/airflow/models/taskinstance.py", line 432, in _execute_callable
    return execute_callable(context=context, **execute_callable_kwargs)
           ^^^^^^^^^^^^^^^^^^^^^^^^^^^^^^^^^^^^^^^^^^^^^^^^^^^^^^^^^^^^
  File "/home/airflow/.local/lib/python3.12/site-packages/airflow/models/baseoperator.py", line 400, in wrapper
    return func(self, *args, **kwargs)
           ^^^^^^^^^^^^^^^^^^^^^^^^^^^
  File "/home/airflow/.local/lib/python3.12/site-packages/airflow/operators/bash.py", line 243, in execute
    raise AirflowException(
airflow.exceptions.AirflowException: Bash command failed. The command returned a non-zero exit code 3.
[2025-12-08T01:47:02.556+0000] {taskinstance.py:1205} INFO - Marking task as FAILED. dag_id=dm_mplus_stt_dmart, task_id=dm_mplus_billing, execution_date=20251208T014653, start_date=20251208T014654, end_date=20251208T014702
[2025-12-08T01:47:02.572+0000] {standard_task_runner.py:110} ERROR - Failed to execute job 50 for task dm_mplus_billing (Bash command failed. The command returned a non-zero exit code 3.; 878)
[2025-12-08T01:47:02.607+0000] {local_task_job_runner.py:240} INFO - Task exited with return code 1
[2025-12-08T01:47:02.629+0000] {taskinstance.py:3482} INFO - 0 downstream tasks scheduled from follow-on schedule check
[2025-12-08T01:47:02.634+0000] {local_task_job_runner.py:222} INFO - ::endgroup::
