[2025-12-07T23:48:14.266+0000] {local_task_job_runner.py:120} INFO - ::group::Pre task execution logs
[2025-12-07T23:48:14.300+0000] {taskinstance.py:2073} INFO - Dependencies all met for dep_context=non-requeueable deps ti=<TaskInstance: dm_mplus_stt_dmart.dm_mplus_billing manual__2025-12-07T23:48:11.778812+00:00 [queued]>
[2025-12-07T23:48:14.310+0000] {taskinstance.py:2073} INFO - Dependencies all met for dep_context=requeueable deps ti=<TaskInstance: dm_mplus_stt_dmart.dm_mplus_billing manual__2025-12-07T23:48:11.778812+00:00 [queued]>
[2025-12-07T23:48:14.311+0000] {taskinstance.py:2303} INFO - Starting attempt 1 of 1
[2025-12-07T23:48:14.327+0000] {taskinstance.py:2327} INFO - Executing <Task(BashOperator): dm_mplus_billing> on 2025-12-07 23:48:11.778812+00:00
[2025-12-07T23:48:14.333+0000] {warnings.py:110} WARNING - /home/airflow/.local/lib/python3.12/site-packages/airflow/task/task_runner/standard_task_runner.py:61: DeprecationWarning: This process (pid=77) is multi-threaded, use of fork() may lead to deadlocks in the child.
  pid = os.fork()

[2025-12-07T23:48:14.336+0000] {standard_task_runner.py:63} INFO - Started process 78 to run task
[2025-12-07T23:48:14.336+0000] {standard_task_runner.py:90} INFO - Running: ['airflow', 'tasks', 'run', 'dm_mplus_stt_dmart', 'dm_mplus_billing', 'manual__2025-12-07T23:48:11.778812+00:00', '--job-id', '22', '--raw', '--subdir', 'DAGS_FOLDER/dmart/dm_mplus_billing.py', '--cfg-path', '/tmp/tmplp04bh7u']
[2025-12-07T23:48:14.339+0000] {standard_task_runner.py:91} INFO - Job 22: Subtask dm_mplus_billing
[2025-12-07T23:48:14.423+0000] {task_command.py:426} INFO - Running <TaskInstance: dm_mplus_stt_dmart.dm_mplus_billing manual__2025-12-07T23:48:11.778812+00:00 [running]> on host 4a032a48bb3c
[2025-12-07T23:48:14.539+0000] {taskinstance.py:2644} INFO - Exporting env vars: AIRFLOW_CTX_DAG_OWNER='airflow' AIRFLOW_CTX_DAG_ID='dm_mplus_stt_dmart' AIRFLOW_CTX_TASK_ID='dm_mplus_billing' AIRFLOW_CTX_EXECUTION_DATE='2025-12-07T23:48:11.778812+00:00' AIRFLOW_CTX_TRY_NUMBER='1' AIRFLOW_CTX_DAG_RUN_ID='manual__2025-12-07T23:48:11.778812+00:00'
[2025-12-07T23:48:14.542+0000] {taskinstance.py:430} INFO - ::endgroup::
[2025-12-07T23:48:14.572+0000] {subprocess.py:63} INFO - Tmp dir root location: /tmp
[2025-12-07T23:48:14.573+0000] {subprocess.py:75} INFO - Running command: ['/usr/bin/bash', '-c', 'cd /script/dmart ; python dm_mplus_billing.py || exit 3']
[2025-12-07T23:48:14.583+0000] {subprocess.py:86} INFO - Output:
[2025-12-07T23:48:16.640+0000] {subprocess.py:93} INFO - 2025-12-07 23:48:16,640 - INFO - Running DBT: dbt run --select tag:dm_mplus_billing --target ref_prod --project-dir /script/dbt --profiles-dir /script/dbt
[2025-12-07T23:48:16.646+0000] {subprocess.py:93} INFO - 2025-12-07 23:48:16,642 - ERROR - Script execution failed: [Errno 13] Permission denied: 'dbt'
[2025-12-07T23:48:16.646+0000] {subprocess.py:93} INFO - Traceback (most recent call last):
[2025-12-07T23:48:16.647+0000] {subprocess.py:93} INFO -   File "/script/dmart/dm_mplus_billing.py", line 82, in main
[2025-12-07T23:48:16.647+0000] {subprocess.py:93} INFO -     run_dbt()
[2025-12-07T23:48:16.647+0000] {subprocess.py:93} INFO -   File "/script/dmart/dm_mplus_billing.py", line 34, in run_dbt
[2025-12-07T23:48:16.648+0000] {subprocess.py:93} INFO -     result = subprocess.run(command, capture_output=True, text=True, cwd=str(project_path))
[2025-12-07T23:48:16.648+0000] {subprocess.py:93} INFO -              ^^^^^^^^^^^^^^^^^^^^^^^^^^^^^^^^^^^^^^^^^^^^^^^^^^^^^^^^^^^^^^^^^^^^^^^^^^^^^^
[2025-12-07T23:48:16.649+0000] {subprocess.py:93} INFO -   File "/usr/local/lib/python3.12/subprocess.py", line 548, in run
[2025-12-07T23:48:16.649+0000] {subprocess.py:93} INFO -     with Popen(*popenargs, **kwargs) as process:
[2025-12-07T23:48:16.649+0000] {subprocess.py:93} INFO -          ^^^^^^^^^^^^^^^^^^^^^^^^^^^
[2025-12-07T23:48:16.650+0000] {subprocess.py:93} INFO -   File "/usr/local/lib/python3.12/subprocess.py", line 1026, in __init__
[2025-12-07T23:48:16.650+0000] {subprocess.py:93} INFO -     self._execute_child(args, executable, preexec_fn, close_fds,
[2025-12-07T23:48:16.651+0000] {subprocess.py:93} INFO -   File "/usr/local/lib/python3.12/subprocess.py", line 1953, in _execute_child
[2025-12-07T23:48:16.651+0000] {subprocess.py:93} INFO -     raise child_exception_type(errno_num, err_msg, err_filename)
[2025-12-07T23:48:16.651+0000] {subprocess.py:93} INFO - PermissionError: [Errno 13] Permission denied: 'dbt'
[2025-12-07T23:48:16.652+0000] {subprocess.py:93} INFO - Traceback (most recent call last):
[2025-12-07T23:48:16.652+0000] {subprocess.py:93} INFO -   File "/script/dmart/dm_mplus_billing.py", line 92, in <module>
[2025-12-07T23:48:16.652+0000] {subprocess.py:93} INFO -     main()
[2025-12-07T23:48:16.653+0000] {subprocess.py:93} INFO -   File "/script/dmart/dm_mplus_billing.py", line 82, in main
[2025-12-07T23:48:16.653+0000] {subprocess.py:93} INFO -     run_dbt()
[2025-12-07T23:48:16.653+0000] {subprocess.py:93} INFO -   File "/script/dmart/dm_mplus_billing.py", line 34, in run_dbt
[2025-12-07T23:48:16.654+0000] {subprocess.py:93} INFO -     result = subprocess.run(command, capture_output=True, text=True, cwd=str(project_path))
[2025-12-07T23:48:16.654+0000] {subprocess.py:93} INFO -              ^^^^^^^^^^^^^^^^^^^^^^^^^^^^^^^^^^^^^^^^^^^^^^^^^^^^^^^^^^^^^^^^^^^^^^^^^^^^^^
[2025-12-07T23:48:16.654+0000] {subprocess.py:93} INFO -   File "/usr/local/lib/python3.12/subprocess.py", line 548, in run
[2025-12-07T23:48:16.655+0000] {subprocess.py:93} INFO -     with Popen(*popenargs, **kwargs) as process:
[2025-12-07T23:48:16.655+0000] {subprocess.py:93} INFO -          ^^^^^^^^^^^^^^^^^^^^^^^^^^^
[2025-12-07T23:48:16.655+0000] {subprocess.py:93} INFO -   File "/usr/local/lib/python3.12/subprocess.py", line 1026, in __init__
[2025-12-07T23:48:16.656+0000] {subprocess.py:93} INFO -     self._execute_child(args, executable, preexec_fn, close_fds,
[2025-12-07T23:48:16.656+0000] {subprocess.py:93} INFO -   File "/usr/local/lib/python3.12/subprocess.py", line 1953, in _execute_child
[2025-12-07T23:48:16.656+0000] {subprocess.py:93} INFO -     raise child_exception_type(errno_num, err_msg, err_filename)
[2025-12-07T23:48:16.657+0000] {subprocess.py:93} INFO - PermissionError: [Errno 13] Permission denied: 'dbt'
[2025-12-07T23:48:16.735+0000] {subprocess.py:97} INFO - Command exited with return code 3
[2025-12-07T23:48:16.736+0000] {taskinstance.py:441} INFO - ::group::Post task execution logs
[2025-12-07T23:48:16.749+0000] {taskinstance.py:2890} ERROR - Task failed with exception
Traceback (most recent call last):
  File "/home/airflow/.local/lib/python3.12/site-packages/airflow/models/taskinstance.py", line 465, in _execute_task
    result = _execute_callable(context=context, **execute_callable_kwargs)
             ^^^^^^^^^^^^^^^^^^^^^^^^^^^^^^^^^^^^^^^^^^^^^^^^^^^^^^^^^^^^^
  File "/home/airflow/.local/lib/python3.12/site-packages/airflow/models/taskinstance.py", line 432, in _execute_callable
    return execute_callable(context=context, **execute_callable_kwargs)
           ^^^^^^^^^^^^^^^^^^^^^^^^^^^^^^^^^^^^^^^^^^^^^^^^^^^^^^^^^^^^
  File "/home/airflow/.local/lib/python3.12/site-packages/airflow/models/baseoperator.py", line 400, in wrapper
    return func(self, *args, **kwargs)
           ^^^^^^^^^^^^^^^^^^^^^^^^^^^
  File "/home/airflow/.local/lib/python3.12/site-packages/airflow/operators/bash.py", line 243, in execute
    raise AirflowException(
airflow.exceptions.AirflowException: Bash command failed. The command returned a non-zero exit code 3.
[2025-12-07T23:48:16.754+0000] {taskinstance.py:1205} INFO - Marking task as FAILED. dag_id=dm_mplus_stt_dmart, task_id=dm_mplus_billing, execution_date=20251207T234811, start_date=20251207T234814, end_date=20251207T234816
[2025-12-07T23:48:16.770+0000] {standard_task_runner.py:110} ERROR - Failed to execute job 22 for task dm_mplus_billing (Bash command failed. The command returned a non-zero exit code 3.; 78)
[2025-12-07T23:48:16.800+0000] {local_task_job_runner.py:240} INFO - Task exited with return code 1
[2025-12-07T23:48:16.821+0000] {taskinstance.py:3482} INFO - 0 downstream tasks scheduled from follow-on schedule check
[2025-12-07T23:48:16.825+0000] {local_task_job_runner.py:222} INFO - ::endgroup::
