[2025-12-08T01:48:52.840+0000] {local_task_job_runner.py:120} INFO - ::group::Pre task execution logs
[2025-12-08T01:48:52.880+0000] {taskinstance.py:2073} INFO - Dependencies all met for dep_context=non-requeueable deps ti=<TaskInstance: dm_mplus_stt_dmart.dm_mplus_billing manual__2025-12-08T01:48:51.825916+00:00 [queued]>
[2025-12-08T01:48:52.892+0000] {taskinstance.py:2073} INFO - Dependencies all met for dep_context=requeueable deps ti=<TaskInstance: dm_mplus_stt_dmart.dm_mplus_billing manual__2025-12-08T01:48:51.825916+00:00 [queued]>
[2025-12-08T01:48:52.894+0000] {taskinstance.py:2303} INFO - Starting attempt 1 of 1
[2025-12-08T01:48:52.914+0000] {taskinstance.py:2327} INFO - Executing <Task(BashOperator): dm_mplus_billing> on 2025-12-08 01:48:51.825916+00:00
[2025-12-08T01:48:52.922+0000] {warnings.py:110} WARNING - /home/airflow/.local/lib/python3.12/site-packages/airflow/task/task_runner/standard_task_runner.py:61: DeprecationWarning: This process (pid=918) is multi-threaded, use of fork() may lead to deadlocks in the child.
  pid = os.fork()

[2025-12-08T01:48:52.923+0000] {standard_task_runner.py:63} INFO - Started process 919 to run task
[2025-12-08T01:48:52.924+0000] {standard_task_runner.py:90} INFO - Running: ['airflow', 'tasks', 'run', 'dm_mplus_stt_dmart', 'dm_mplus_billing', 'manual__2025-12-08T01:48:51.825916+00:00', '--job-id', '51', '--raw', '--subdir', 'DAGS_FOLDER/dmart/dm_mplus_billing.py', '--cfg-path', '/tmp/tmpdvwa9nte']
[2025-12-08T01:48:52.926+0000] {standard_task_runner.py:91} INFO - Job 51: Subtask dm_mplus_billing
[2025-12-08T01:48:53.025+0000] {task_command.py:426} INFO - Running <TaskInstance: dm_mplus_stt_dmart.dm_mplus_billing manual__2025-12-08T01:48:51.825916+00:00 [running]> on host a1c568a6392d
[2025-12-08T01:48:53.165+0000] {taskinstance.py:2644} INFO - Exporting env vars: AIRFLOW_CTX_DAG_OWNER='airflow' AIRFLOW_CTX_DAG_ID='dm_mplus_stt_dmart' AIRFLOW_CTX_TASK_ID='dm_mplus_billing' AIRFLOW_CTX_EXECUTION_DATE='2025-12-08T01:48:51.825916+00:00' AIRFLOW_CTX_TRY_NUMBER='1' AIRFLOW_CTX_DAG_RUN_ID='manual__2025-12-08T01:48:51.825916+00:00'
[2025-12-08T01:48:53.167+0000] {taskinstance.py:430} INFO - ::endgroup::
[2025-12-08T01:48:53.186+0000] {subprocess.py:63} INFO - Tmp dir root location: /tmp
[2025-12-08T01:48:53.188+0000] {subprocess.py:75} INFO - Running command: ['/usr/bin/bash', '-c', 'cd /script/dmart ; python dm_mplus_billing.py || exit 3']
[2025-12-08T01:48:53.198+0000] {subprocess.py:86} INFO - Output:
[2025-12-08T01:48:54.398+0000] {subprocess.py:93} INFO - 2025-12-08 01:48:54,397 - INFO - Running DBT: dbt run --select tag:dm_mplus_billing --target ref_prod --project-dir /script/dbt --profiles-dir /script/dbt
[2025-12-08T01:49:00.175+0000] {subprocess.py:93} INFO - 2025-12-08 01:49:00,175 - INFO - DBT run completed successfully.
[2025-12-08T01:49:00.211+0000] {subprocess.py:93} INFO - 2025-12-08 01:49:00,210 - INFO - Mengambil data dari refine.dm_mplus_billing ...
[2025-12-08T01:49:00.220+0000] {subprocess.py:93} INFO - /script/dmart/dm_mplus_billing.py:121: UserWarning: pandas only supports SQLAlchemy connectable (engine/connection) or database string URI or sqlite3 DBAPI2 connection. Other DBAPI2 objects are not tested. Please consider using SQLAlchemy.
[2025-12-08T01:49:00.221+0000] {subprocess.py:93} INFO -   df = pd.read_sql(query, raw_conn)
[2025-12-08T01:49:00.224+0000] {subprocess.py:93} INFO - 2025-12-08 01:49:00,223 - INFO - Jumlah baris di refine: 100
[2025-12-08T01:49:00.224+0000] {subprocess.py:93} INFO - 2025-12-08 01:49:00,224 - INFO - Menulis data ke dmart.dm_mplus_billing menggunakan Psycopg2 COPY...
[2025-12-08T01:49:00.252+0000] {subprocess.py:93} INFO - 2025-12-08 01:49:00,248 - ERROR - Script execution failed: 'schema' is an invalid keyword argument for this function
[2025-12-08T01:49:00.252+0000] {subprocess.py:93} INFO - Traceback (most recent call last):
[2025-12-08T01:49:00.253+0000] {subprocess.py:93} INFO -   File "/script/dmart/dm_mplus_billing.py", line 140, in main
[2025-12-08T01:49:00.254+0000] {subprocess.py:93} INFO -     copy_refine_to_dmart()
[2025-12-08T01:49:00.255+0000] {subprocess.py:93} INFO -   File "/script/dmart/dm_mplus_billing.py", line 126, in copy_refine_to_dmart
[2025-12-08T01:49:00.255+0000] {subprocess.py:93} INFO -     copy_dataframe_to_postgres(df, table, target_schema)
[2025-12-08T01:49:00.256+0000] {subprocess.py:93} INFO -   File "/script/dmart/dm_mplus_billing.py", line 106, in copy_dataframe_to_postgres
[2025-12-08T01:49:00.257+0000] {subprocess.py:93} INFO -     raise e
[2025-12-08T01:49:00.257+0000] {subprocess.py:93} INFO -   File "/script/dmart/dm_mplus_billing.py", line 93, in copy_dataframe_to_postgres
[2025-12-08T01:49:00.258+0000] {subprocess.py:93} INFO -     cursor.copy_from(
[2025-12-08T01:49:00.258+0000] {subprocess.py:93} INFO - TypeError: 'schema' is an invalid keyword argument for this function
[2025-12-08T01:49:00.259+0000] {subprocess.py:93} INFO - [0m01:48:57  Running with dbt=1.7.0
[2025-12-08T01:49:00.260+0000] {subprocess.py:93} INFO - [0m01:48:57  Registered adapter: postgres=1.7.0
[2025-12-08T01:49:00.260+0000] {subprocess.py:93} INFO - [0m01:48:58  [[33mWARNING[0m]: Configuration paths exist in your dbt_project.yml file which do not apply to any resources.
[2025-12-08T01:49:00.261+0000] {subprocess.py:93} INFO - There are 1 unused configuration paths:
[2025-12-08T01:49:00.261+0000] {subprocess.py:93} INFO - - models.mplus_dbt.example
[2025-12-08T01:49:00.262+0000] {subprocess.py:93} INFO - [0m01:48:58  Found 2 models, 0 sources, 0 exposures, 0 metrics, 401 macros, 0 groups, 0 semantic models
[2025-12-08T01:49:00.262+0000] {subprocess.py:93} INFO - [0m01:48:58
[2025-12-08T01:49:00.263+0000] {subprocess.py:93} INFO - [0m01:48:58  Concurrency: 1 threads (target='ref_prod')
[2025-12-08T01:49:00.263+0000] {subprocess.py:93} INFO - [0m01:48:58
[2025-12-08T01:49:00.264+0000] {subprocess.py:93} INFO - [0m01:48:58  1 of 1 START sql table model refine.dm_mplus_billing ........................... [RUN]
[2025-12-08T01:49:00.264+0000] {subprocess.py:93} INFO - [0m01:48:58  1 of 1 OK created sql table model refine.dm_mplus_billing ...................... [[32mSELECT 100[0m in 0.21s]
[2025-12-08T01:49:00.265+0000] {subprocess.py:93} INFO - [0m01:48:58
[2025-12-08T01:49:00.265+0000] {subprocess.py:93} INFO - [0m01:48:58  Finished running 1 table model in 0 hours 0 minutes and 0.42 seconds (0.42s).
[2025-12-08T01:49:00.266+0000] {subprocess.py:93} INFO - [0m01:48:58
[2025-12-08T01:49:00.266+0000] {subprocess.py:93} INFO - [0m01:48:58  [32mCompleted successfully[0m
[2025-12-08T01:49:00.266+0000] {subprocess.py:93} INFO - [0m01:48:58
[2025-12-08T01:49:00.267+0000] {subprocess.py:93} INFO - [0m01:48:58  Done. PASS=1 WARN=0 ERROR=0 SKIP=0 TOTAL=1
[2025-12-08T01:49:00.267+0000] {subprocess.py:93} INFO - 
[2025-12-08T01:49:00.268+0000] {subprocess.py:93} INFO - Traceback (most recent call last):
[2025-12-08T01:49:00.268+0000] {subprocess.py:93} INFO -   File "/script/dmart/dm_mplus_billing.py", line 149, in <module>
[2025-12-08T01:49:00.269+0000] {subprocess.py:93} INFO -     main()
[2025-12-08T01:49:00.269+0000] {subprocess.py:93} INFO -   File "/script/dmart/dm_mplus_billing.py", line 140, in main
[2025-12-08T01:49:00.270+0000] {subprocess.py:93} INFO -     copy_refine_to_dmart()
[2025-12-08T01:49:00.270+0000] {subprocess.py:93} INFO -   File "/script/dmart/dm_mplus_billing.py", line 126, in copy_refine_to_dmart
[2025-12-08T01:49:00.270+0000] {subprocess.py:93} INFO -     copy_dataframe_to_postgres(df, table, target_schema)
[2025-12-08T01:49:00.271+0000] {subprocess.py:93} INFO -   File "/script/dmart/dm_mplus_billing.py", line 106, in copy_dataframe_to_postgres
[2025-12-08T01:49:00.271+0000] {subprocess.py:93} INFO -     raise e
[2025-12-08T01:49:00.272+0000] {subprocess.py:93} INFO -   File "/script/dmart/dm_mplus_billing.py", line 93, in copy_dataframe_to_postgres
[2025-12-08T01:49:00.272+0000] {subprocess.py:93} INFO -     cursor.copy_from(
[2025-12-08T01:49:00.273+0000] {subprocess.py:93} INFO - TypeError: 'schema' is an invalid keyword argument for this function
[2025-12-08T01:49:00.374+0000] {subprocess.py:97} INFO - Command exited with return code 3
[2025-12-08T01:49:00.375+0000] {taskinstance.py:441} INFO - ::group::Post task execution logs
[2025-12-08T01:49:00.398+0000] {taskinstance.py:2890} ERROR - Task failed with exception
Traceback (most recent call last):
  File "/home/airflow/.local/lib/python3.12/site-packages/airflow/models/taskinstance.py", line 465, in _execute_task
    result = _execute_callable(context=context, **execute_callable_kwargs)
             ^^^^^^^^^^^^^^^^^^^^^^^^^^^^^^^^^^^^^^^^^^^^^^^^^^^^^^^^^^^^^
  File "/home/airflow/.local/lib/python3.12/site-packages/airflow/models/taskinstance.py", line 432, in _execute_callable
    return execute_callable(context=context, **execute_callable_kwargs)
           ^^^^^^^^^^^^^^^^^^^^^^^^^^^^^^^^^^^^^^^^^^^^^^^^^^^^^^^^^^^^
  File "/home/airflow/.local/lib/python3.12/site-packages/airflow/models/baseoperator.py", line 400, in wrapper
    return func(self, *args, **kwargs)
           ^^^^^^^^^^^^^^^^^^^^^^^^^^^
  File "/home/airflow/.local/lib/python3.12/site-packages/airflow/operators/bash.py", line 243, in execute
    raise AirflowException(
airflow.exceptions.AirflowException: Bash command failed. The command returned a non-zero exit code 3.
[2025-12-08T01:49:00.405+0000] {taskinstance.py:1205} INFO - Marking task as FAILED. dag_id=dm_mplus_stt_dmart, task_id=dm_mplus_billing, execution_date=20251208T014851, start_date=20251208T014852, end_date=20251208T014900
[2025-12-08T01:49:00.424+0000] {standard_task_runner.py:110} ERROR - Failed to execute job 51 for task dm_mplus_billing (Bash command failed. The command returned a non-zero exit code 3.; 919)
[2025-12-08T01:49:00.473+0000] {local_task_job_runner.py:240} INFO - Task exited with return code 1
[2025-12-08T01:49:00.504+0000] {taskinstance.py:3482} INFO - 0 downstream tasks scheduled from follow-on schedule check
[2025-12-08T01:49:00.507+0000] {local_task_job_runner.py:222} INFO - ::endgroup::
