[2025-12-08T01:50:50.100+0000] {local_task_job_runner.py:120} INFO - ::group::Pre task execution logs
[2025-12-08T01:50:50.138+0000] {taskinstance.py:2073} INFO - Dependencies all met for dep_context=non-requeueable deps ti=<TaskInstance: dm_mplus_stt_dmart.dm_mplus_billing manual__2025-12-08T01:50:48.939050+00:00 [queued]>
[2025-12-08T01:50:50.147+0000] {taskinstance.py:2073} INFO - Dependencies all met for dep_context=requeueable deps ti=<TaskInstance: dm_mplus_stt_dmart.dm_mplus_billing manual__2025-12-08T01:50:48.939050+00:00 [queued]>
[2025-12-08T01:50:50.149+0000] {taskinstance.py:2303} INFO - Starting attempt 1 of 1
[2025-12-08T01:50:50.163+0000] {taskinstance.py:2327} INFO - Executing <Task(BashOperator): dm_mplus_billing> on 2025-12-08 01:50:48.939050+00:00
[2025-12-08T01:50:50.170+0000] {warnings.py:110} WARNING - /home/airflow/.local/lib/python3.12/site-packages/airflow/task/task_runner/standard_task_runner.py:61: DeprecationWarning: This process (pid=966) is multi-threaded, use of fork() may lead to deadlocks in the child.
  pid = os.fork()

[2025-12-08T01:50:50.172+0000] {standard_task_runner.py:63} INFO - Started process 967 to run task
[2025-12-08T01:50:50.172+0000] {standard_task_runner.py:90} INFO - Running: ['airflow', 'tasks', 'run', 'dm_mplus_stt_dmart', 'dm_mplus_billing', 'manual__2025-12-08T01:50:48.939050+00:00', '--job-id', '52', '--raw', '--subdir', 'DAGS_FOLDER/dmart/dm_mplus_billing.py', '--cfg-path', '/tmp/tmp1xslzho9']
[2025-12-08T01:50:50.175+0000] {standard_task_runner.py:91} INFO - Job 52: Subtask dm_mplus_billing
[2025-12-08T01:50:50.279+0000] {task_command.py:426} INFO - Running <TaskInstance: dm_mplus_stt_dmart.dm_mplus_billing manual__2025-12-08T01:50:48.939050+00:00 [running]> on host a1c568a6392d
[2025-12-08T01:50:50.423+0000] {taskinstance.py:2644} INFO - Exporting env vars: AIRFLOW_CTX_DAG_OWNER='airflow' AIRFLOW_CTX_DAG_ID='dm_mplus_stt_dmart' AIRFLOW_CTX_TASK_ID='dm_mplus_billing' AIRFLOW_CTX_EXECUTION_DATE='2025-12-08T01:50:48.939050+00:00' AIRFLOW_CTX_TRY_NUMBER='1' AIRFLOW_CTX_DAG_RUN_ID='manual__2025-12-08T01:50:48.939050+00:00'
[2025-12-08T01:50:50.424+0000] {taskinstance.py:430} INFO - ::endgroup::
[2025-12-08T01:50:50.438+0000] {subprocess.py:63} INFO - Tmp dir root location: /tmp
[2025-12-08T01:50:50.440+0000] {subprocess.py:75} INFO - Running command: ['/usr/bin/bash', '-c', 'cd /script/dmart ; python dm_mplus_billing.py || exit 3']
[2025-12-08T01:50:50.452+0000] {subprocess.py:86} INFO - Output:
[2025-12-08T01:50:51.614+0000] {subprocess.py:93} INFO - 2025-12-08 01:50:51,614 - INFO - Running DBT: dbt run --select tag:dm_mplus_billing --target ref_prod --project-dir /script/dbt --profiles-dir /script/dbt
[2025-12-08T01:50:57.593+0000] {subprocess.py:93} INFO - 2025-12-08 01:50:57,593 - INFO - DBT run completed successfully.
[2025-12-08T01:50:57.624+0000] {subprocess.py:93} INFO - 2025-12-08 01:50:57,624 - INFO - Mengambil data dari refine.dm_mplus_billing ...
[2025-12-08T01:50:57.632+0000] {subprocess.py:93} INFO - /script/dmart/dm_mplus_billing.py:122: UserWarning: pandas only supports SQLAlchemy connectable (engine/connection) or database string URI or sqlite3 DBAPI2 connection. Other DBAPI2 objects are not tested. Please consider using SQLAlchemy.
[2025-12-08T01:50:57.633+0000] {subprocess.py:93} INFO -   df = pd.read_sql(query, raw_conn)
[2025-12-08T01:50:57.635+0000] {subprocess.py:93} INFO - 2025-12-08 01:50:57,635 - INFO - Jumlah baris di refine: 100
[2025-12-08T01:50:57.636+0000] {subprocess.py:93} INFO - 2025-12-08 01:50:57,635 - INFO - Menulis data ke dmart.dm_mplus_billing menggunakan Psycopg2 COPY...
[2025-12-08T01:50:57.661+0000] {subprocess.py:93} INFO - 2025-12-08 01:50:57,661 - INFO - Berhasil upload 100 rows ke dmart.dm_mplus_billing
[2025-12-08T01:50:57.679+0000] {subprocess.py:93} INFO - 2025-12-08 01:50:57,679 - INFO - Tabel 'refine.dm_mplus_billing' (Refine) berhasil dihapus
[2025-12-08T01:50:57.681+0000] {subprocess.py:93} INFO - [0m01:50:54  Running with dbt=1.7.0
[2025-12-08T01:50:57.681+0000] {subprocess.py:93} INFO - [0m01:50:55  Registered adapter: postgres=1.7.0
[2025-12-08T01:50:57.682+0000] {subprocess.py:93} INFO - [0m01:50:55  [[33mWARNING[0m]: Configuration paths exist in your dbt_project.yml file which do not apply to any resources.
[2025-12-08T01:50:57.683+0000] {subprocess.py:93} INFO - There are 1 unused configuration paths:
[2025-12-08T01:50:57.683+0000] {subprocess.py:93} INFO - - models.mplus_dbt.example
[2025-12-08T01:50:57.684+0000] {subprocess.py:93} INFO - [0m01:50:55  Found 2 models, 0 sources, 0 exposures, 0 metrics, 401 macros, 0 groups, 0 semantic models
[2025-12-08T01:50:57.684+0000] {subprocess.py:93} INFO - [0m01:50:55
[2025-12-08T01:50:57.685+0000] {subprocess.py:93} INFO - [0m01:50:55  Concurrency: 1 threads (target='ref_prod')
[2025-12-08T01:50:57.686+0000] {subprocess.py:93} INFO - [0m01:50:55
[2025-12-08T01:50:57.687+0000] {subprocess.py:93} INFO - [0m01:50:55  1 of 1 START sql table model refine.dm_mplus_billing ........................... [RUN]
[2025-12-08T01:50:57.687+0000] {subprocess.py:93} INFO - [0m01:50:55  1 of 1 OK created sql table model refine.dm_mplus_billing ...................... [[32mSELECT 100[0m in 0.20s]
[2025-12-08T01:50:57.688+0000] {subprocess.py:93} INFO - [0m01:50:55
[2025-12-08T01:50:57.689+0000] {subprocess.py:93} INFO - [0m01:50:55  Finished running 1 table model in 0 hours 0 minutes and 0.38 seconds (0.38s).
[2025-12-08T01:50:57.689+0000] {subprocess.py:93} INFO - [0m01:50:55
[2025-12-08T01:50:57.690+0000] {subprocess.py:93} INFO - [0m01:50:55  [32mCompleted successfully[0m
[2025-12-08T01:50:57.691+0000] {subprocess.py:93} INFO - [0m01:50:55
[2025-12-08T01:50:57.691+0000] {subprocess.py:93} INFO - [0m01:50:55  Done. PASS=1 WARN=0 ERROR=0 SKIP=0 TOTAL=1
[2025-12-08T01:50:57.692+0000] {subprocess.py:93} INFO - 
[2025-12-08T01:50:57.772+0000] {subprocess.py:97} INFO - Command exited with return code 0
[2025-12-08T01:50:57.773+0000] {taskinstance.py:441} INFO - ::group::Post task execution logs
[2025-12-08T01:50:57.814+0000] {taskinstance.py:1205} INFO - Marking task as SUCCESS. dag_id=dm_mplus_stt_dmart, task_id=dm_mplus_billing, execution_date=20251208T015048, start_date=20251208T015050, end_date=20251208T015057
[2025-12-08T01:50:57.840+0000] {local_task_job_runner.py:240} INFO - Task exited with return code 0
[2025-12-08T01:50:57.862+0000] {taskinstance.py:3482} INFO - 0 downstream tasks scheduled from follow-on schedule check
[2025-12-08T01:50:57.866+0000] {local_task_job_runner.py:222} INFO - ::endgroup::
