[2025-12-08T09:18:41.497+0700] {local_task_job_runner.py:120} INFO - ::group::Pre task execution logs
[2025-12-08T09:18:41.528+0700] {taskinstance.py:2073} INFO - Dependencies all met for dep_context=non-requeueable deps ti=<TaskInstance: drive_to_refine.mplus_stt manual__2025-12-07T23:32:54.874488+00:00 [queued]>
[2025-12-08T09:18:41.540+0700] {taskinstance.py:2073} INFO - Dependencies all met for dep_context=requeueable deps ti=<TaskInstance: drive_to_refine.mplus_stt manual__2025-12-07T23:32:54.874488+00:00 [queued]>
[2025-12-08T09:18:41.541+0700] {taskinstance.py:2303} INFO - Starting attempt 2 of 2
[2025-12-08T09:18:41.563+0700] {taskinstance.py:2327} INFO - Executing <Task(BashOperator): mplus_stt> on 2025-12-07 23:32:54.874488+00:00
[2025-12-08T09:18:41.571+0700] {warnings.py:110} WARNING - /home/airflow/.local/lib/python3.12/site-packages/airflow/task/task_runner/standard_task_runner.py:61: DeprecationWarning: This process (pid=370) is multi-threaded, use of fork() may lead to deadlocks in the child.
  pid = os.fork()

[2025-12-08T09:18:41.574+0700] {standard_task_runner.py:63} INFO - Started process 371 to run task
[2025-12-08T09:18:41.573+0700] {standard_task_runner.py:90} INFO - Running: ['airflow', 'tasks', 'run', 'drive_to_refine', 'mplus_stt', 'manual__2025-12-07T23:32:54.874488+00:00', '--job-id', '67', '--raw', '--subdir', 'DAGS_FOLDER/source_to_target/drive_to_refine.py', '--cfg-path', '/tmp/tmp2wa262u0']
[2025-12-08T09:18:41.577+0700] {standard_task_runner.py:91} INFO - Job 67: Subtask mplus_stt
[2025-12-08T09:18:41.682+0700] {task_command.py:426} INFO - Running <TaskInstance: drive_to_refine.mplus_stt manual__2025-12-07T23:32:54.874488+00:00 [running]> on host 455f26e89cec
[2025-12-08T09:18:41.827+0700] {taskinstance.py:2644} INFO - Exporting env vars: AIRFLOW_CTX_DAG_OWNER='airflow' AIRFLOW_CTX_DAG_ID='drive_to_refine' AIRFLOW_CTX_TASK_ID='mplus_stt' AIRFLOW_CTX_EXECUTION_DATE='2025-12-07T23:32:54.874488+00:00' AIRFLOW_CTX_TRY_NUMBER='2' AIRFLOW_CTX_DAG_RUN_ID='manual__2025-12-07T23:32:54.874488+00:00'
[2025-12-08T09:18:41.828+0700] {taskinstance.py:430} INFO - ::endgroup::
[2025-12-08T09:18:41.846+0700] {subprocess.py:63} INFO - Tmp dir root location: /tmp
[2025-12-08T09:18:41.847+0700] {subprocess.py:75} INFO - Running command: ['/usr/bin/bash', '-c', 'cd /script/staging ; python mplus_stt.py || exit 3']
[2025-12-08T09:18:41.860+0700] {subprocess.py:86} INFO - Output:
[2025-12-08T09:18:44.169+0700] {subprocess.py:93} INFO - Retrieving folder contents
[2025-12-08T09:18:45.422+0700] {subprocess.py:93} INFO - Retrieving folder contents completed
[2025-12-08T09:18:45.424+0700] {subprocess.py:93} INFO - Building directory structure
[2025-12-08T09:18:45.425+0700] {subprocess.py:93} INFO - Building directory structure completed
[2025-12-08T09:18:47.801+0700] {subprocess.py:93} INFO - Downloading...
[2025-12-08T09:18:47.803+0700] {subprocess.py:93} INFO - From: https://drive.google.com/uc?id=1i-9rOleCUaVOt64-SB6z0XAVeLZaxlqL
[2025-12-08T09:18:47.803+0700] {subprocess.py:93} INFO - To: /script/temp_files/STT1.csv
[2025-12-08T09:18:47.822+0700] {subprocess.py:93} INFO - Downloading all files inside Google Drive folder...
[2025-12-08T09:18:47.823+0700] {subprocess.py:93} INFO - Processing file 1i-9rOleCUaVOt64-SB6z0XAVeLZaxlqL STT1.csv
[2025-12-08T09:18:47.824+0700] {subprocess.py:93} INFO - Processing file 1bfmlLJYx2fYNf2vhwiqIYpVGdrJiKvQ- STT2.csv
[2025-12-08T09:18:47.824+0700] {subprocess.py:93} INFO -   0%|          | 0.00/11.6k [00:00<?, ?B/s]100%|██████████| 11.6k/11.6k [00:00<00:00, 13.1MB/s]
[2025-12-08T09:18:49.918+0700] {subprocess.py:93} INFO - Downloading...
[2025-12-08T09:18:49.919+0700] {subprocess.py:93} INFO - From: https://drive.google.com/uc?id=1bfmlLJYx2fYNf2vhwiqIYpVGdrJiKvQ-
[2025-12-08T09:18:49.919+0700] {subprocess.py:93} INFO - To: /script/temp_files/STT2.csv
[2025-12-08T09:18:49.920+0700] {subprocess.py:93} INFO -   0%|          | 0.00/13.8k [00:00<?, ?B/s]100%|██████████| 13.8k/13.8k [00:00<00:00, 19.6MB/s]
[2025-12-08T09:18:49.927+0700] {subprocess.py:93} INFO - Download completed
[2025-12-08T09:18:49.989+0700] {subprocess.py:93} INFO - All files downloaded to: /script/temp_files
[2025-12-08T09:18:49.990+0700] {subprocess.py:93} INFO - Found files: ['/script/temp_files/STT1.csv', '/script/temp_files/STT2.csv']
[2025-12-08T09:18:49.990+0700] {subprocess.py:93} INFO - Reading STT1.csv ...
[2025-12-08T09:18:49.991+0700] {subprocess.py:93} INFO - Reading STT2.csv ...
[2025-12-08T09:18:49.991+0700] {subprocess.py:93} INFO - 
[2025-12-08T09:18:49.992+0700] {subprocess.py:93} INFO - Saved unified parquet → /staging/mplus_stt.parquet
[2025-12-08T09:18:49.993+0700] {subprocess.py:93} INFO - 
[2025-12-08T09:18:49.993+0700] {subprocess.py:93} INFO - Removing temp folder completely...
[2025-12-08T09:18:49.994+0700] {subprocess.py:93} INFO - Temp folder removed.
[2025-12-08T09:18:50.103+0700] {subprocess.py:97} INFO - Command exited with return code 0
[2025-12-08T09:18:50.105+0700] {taskinstance.py:441} INFO - ::group::Post task execution logs
[2025-12-08T09:18:50.161+0700] {taskinstance.py:1205} INFO - Marking task as SUCCESS. dag_id=drive_to_refine, task_id=mplus_stt, execution_date=20251207T233254, start_date=20251208T021841, end_date=20251208T021850
[2025-12-08T09:18:50.214+0700] {local_task_job_runner.py:240} INFO - Task exited with return code 0
[2025-12-08T09:18:50.249+0700] {taskinstance.py:3482} INFO - 1 downstream tasks scheduled from follow-on schedule check
[2025-12-08T09:18:50.252+0700] {local_task_job_runner.py:222} INFO - ::endgroup::
