[2025-12-08T01:12:50.403+0000] {local_task_job_runner.py:120} INFO - ::group::Pre task execution logs
[2025-12-08T01:12:50.436+0000] {taskinstance.py:2073} INFO - Dependencies all met for dep_context=non-requeueable deps ti=<TaskInstance: drive_to_refine.mplus_stt manual__2025-12-08T01:12:48.610689+00:00 [queued]>
[2025-12-08T01:12:50.445+0000] {taskinstance.py:2073} INFO - Dependencies all met for dep_context=requeueable deps ti=<TaskInstance: drive_to_refine.mplus_stt manual__2025-12-08T01:12:48.610689+00:00 [queued]>
[2025-12-08T01:12:50.446+0000] {taskinstance.py:2303} INFO - Starting attempt 1 of 1
[2025-12-08T01:12:50.462+0000] {taskinstance.py:2327} INFO - Executing <Task(BashOperator): mplus_stt> on 2025-12-08 01:12:48.610689+00:00
[2025-12-08T01:12:50.468+0000] {warnings.py:110} WARNING - /home/airflow/.local/lib/python3.12/site-packages/airflow/task/task_runner/standard_task_runner.py:61: DeprecationWarning: This process (pid=114) is multi-threaded, use of fork() may lead to deadlocks in the child.
  pid = os.fork()

[2025-12-08T01:12:50.470+0000] {standard_task_runner.py:63} INFO - Started process 115 to run task
[2025-12-08T01:12:50.470+0000] {standard_task_runner.py:90} INFO - Running: ['airflow', 'tasks', 'run', 'drive_to_refine', 'mplus_stt', 'manual__2025-12-08T01:12:48.610689+00:00', '--job-id', '35', '--raw', '--subdir', 'DAGS_FOLDER/source_to_target/drive_to_refine.py', '--cfg-path', '/tmp/tmpqbfflp97']
[2025-12-08T01:12:50.474+0000] {standard_task_runner.py:91} INFO - Job 35: Subtask mplus_stt
[2025-12-08T01:12:50.577+0000] {task_command.py:426} INFO - Running <TaskInstance: drive_to_refine.mplus_stt manual__2025-12-08T01:12:48.610689+00:00 [running]> on host a1c568a6392d
[2025-12-08T01:12:50.712+0000] {taskinstance.py:2644} INFO - Exporting env vars: AIRFLOW_CTX_DAG_OWNER='airflow' AIRFLOW_CTX_DAG_ID='drive_to_refine' AIRFLOW_CTX_TASK_ID='mplus_stt' AIRFLOW_CTX_EXECUTION_DATE='2025-12-08T01:12:48.610689+00:00' AIRFLOW_CTX_TRY_NUMBER='1' AIRFLOW_CTX_DAG_RUN_ID='manual__2025-12-08T01:12:48.610689+00:00'
[2025-12-08T01:12:50.713+0000] {taskinstance.py:430} INFO - ::endgroup::
[2025-12-08T01:12:50.742+0000] {subprocess.py:63} INFO - Tmp dir root location: /tmp
[2025-12-08T01:12:50.743+0000] {subprocess.py:75} INFO - Running command: ['/usr/bin/bash', '-c', 'cd /script/staging ; python mplus_stt.py || exit 3']
[2025-12-08T01:12:50.754+0000] {subprocess.py:86} INFO - Output:
[2025-12-08T01:12:52.036+0000] {subprocess.py:93} INFO - Retrieving folder contents
[2025-12-08T01:12:52.870+0000] {subprocess.py:93} INFO - Retrieving folder contents completed
[2025-12-08T01:12:52.871+0000] {subprocess.py:93} INFO - Building directory structure
[2025-12-08T01:12:52.872+0000] {subprocess.py:93} INFO - Building directory structure completed
[2025-12-08T01:12:55.281+0000] {subprocess.py:93} INFO - Downloading...
[2025-12-08T01:12:55.282+0000] {subprocess.py:93} INFO - From: https://drive.google.com/uc?id=1i-9rOleCUaVOt64-SB6z0XAVeLZaxlqL
[2025-12-08T01:12:55.283+0000] {subprocess.py:93} INFO - To: /script/temp_files/STT1.csv
[2025-12-08T01:12:55.303+0000] {subprocess.py:93} INFO - Downloading all files inside Google Drive folder...
[2025-12-08T01:12:55.304+0000] {subprocess.py:93} INFO - Processing file 1i-9rOleCUaVOt64-SB6z0XAVeLZaxlqL STT1.csv
[2025-12-08T01:12:55.305+0000] {subprocess.py:93} INFO - Processing file 1bfmlLJYx2fYNf2vhwiqIYpVGdrJiKvQ- STT2.csv
[2025-12-08T01:12:55.305+0000] {subprocess.py:93} INFO -   0%|          | 0.00/11.6k [00:00<?, ?B/s]100%|██████████| 11.6k/11.6k [00:00<00:00, 12.7MB/s]
[2025-12-08T01:12:57.603+0000] {subprocess.py:93} INFO - Downloading...
[2025-12-08T01:12:57.604+0000] {subprocess.py:93} INFO - From: https://drive.google.com/uc?id=1bfmlLJYx2fYNf2vhwiqIYpVGdrJiKvQ-
[2025-12-08T01:12:57.605+0000] {subprocess.py:93} INFO - To: /script/temp_files/STT2.csv
[2025-12-08T01:12:57.606+0000] {subprocess.py:93} INFO -   0%|          | 0.00/13.8k [00:00<?, ?B/s]100%|██████████| 13.8k/13.8k [00:00<00:00, 17.8MB/s]
[2025-12-08T01:12:57.616+0000] {subprocess.py:93} INFO - Download completed
[2025-12-08T01:12:57.706+0000] {subprocess.py:93} INFO - All files downloaded to: /script/temp_files
[2025-12-08T01:12:57.707+0000] {subprocess.py:93} INFO - Found files: ['/script/temp_files/STT1.csv', '/script/temp_files/STT2.csv']
[2025-12-08T01:12:57.711+0000] {subprocess.py:93} INFO - Reading STT1.csv ...
[2025-12-08T01:12:57.712+0000] {subprocess.py:93} INFO - Reading STT2.csv ...
[2025-12-08T01:12:57.714+0000] {subprocess.py:93} INFO - 
[2025-12-08T01:12:57.715+0000] {subprocess.py:93} INFO - Saved unified parquet → /staging/mplus_stt.parquet
[2025-12-08T01:12:57.716+0000] {subprocess.py:93} INFO - 
[2025-12-08T01:12:57.718+0000] {subprocess.py:93} INFO - Removing temp folder completely...
[2025-12-08T01:12:57.718+0000] {subprocess.py:93} INFO - Temp folder removed.
[2025-12-08T01:12:57.936+0000] {subprocess.py:97} INFO - Command exited with return code 0
[2025-12-08T01:12:57.937+0000] {taskinstance.py:441} INFO - ::group::Post task execution logs
[2025-12-08T01:12:58.000+0000] {taskinstance.py:1205} INFO - Marking task as SUCCESS. dag_id=drive_to_refine, task_id=mplus_stt, execution_date=20251208T011248, start_date=20251208T011250, end_date=20251208T011258
[2025-12-08T01:12:58.063+0000] {local_task_job_runner.py:240} INFO - Task exited with return code 0
[2025-12-08T01:12:58.113+0000] {taskinstance.py:3482} INFO - 0 downstream tasks scheduled from follow-on schedule check
[2025-12-08T01:12:58.117+0000] {local_task_job_runner.py:222} INFO - ::endgroup::
