[2025-12-08T00:16:15.156+0000] {local_task_job_runner.py:120} INFO - ::group::Pre task execution logs
[2025-12-08T00:16:15.190+0000] {taskinstance.py:2073} INFO - Dependencies all met for dep_context=non-requeueable deps ti=<TaskInstance: drive_to_refine.ref_mplus_stt manual__2025-12-08T00:16:05.531280+00:00 [queued]>
[2025-12-08T00:16:15.201+0000] {taskinstance.py:2073} INFO - Dependencies all met for dep_context=requeueable deps ti=<TaskInstance: drive_to_refine.ref_mplus_stt manual__2025-12-08T00:16:05.531280+00:00 [queued]>
[2025-12-08T00:16:15.202+0000] {taskinstance.py:2303} INFO - Starting attempt 1 of 1
[2025-12-08T00:16:15.221+0000] {taskinstance.py:2327} INFO - Executing <Task(BashOperator): ref_mplus_stt> on 2025-12-08 00:16:05.531280+00:00
[2025-12-08T00:16:15.228+0000] {warnings.py:110} WARNING - /home/airflow/.local/lib/python3.12/site-packages/airflow/task/task_runner/standard_task_runner.py:61: DeprecationWarning: This process (pid=271) is multi-threaded, use of fork() may lead to deadlocks in the child.
  pid = os.fork()

[2025-12-08T00:16:15.229+0000] {standard_task_runner.py:63} INFO - Started process 272 to run task
[2025-12-08T00:16:15.230+0000] {standard_task_runner.py:90} INFO - Running: ['airflow', 'tasks', 'run', 'drive_to_refine', 'ref_mplus_stt', 'manual__2025-12-08T00:16:05.531280+00:00', '--job-id', '30', '--raw', '--subdir', 'DAGS_FOLDER/source_to_target/drive_to_refine.py', '--cfg-path', '/tmp/tmpq6wfoxrm']
[2025-12-08T00:16:15.233+0000] {standard_task_runner.py:91} INFO - Job 30: Subtask ref_mplus_stt
[2025-12-08T00:16:15.316+0000] {task_command.py:426} INFO - Running <TaskInstance: drive_to_refine.ref_mplus_stt manual__2025-12-08T00:16:05.531280+00:00 [running]> on host 07340001eaa2
[2025-12-08T00:16:15.436+0000] {taskinstance.py:2644} INFO - Exporting env vars: AIRFLOW_CTX_DAG_OWNER='airflow' AIRFLOW_CTX_DAG_ID='drive_to_refine' AIRFLOW_CTX_TASK_ID='ref_mplus_stt' AIRFLOW_CTX_EXECUTION_DATE='2025-12-08T00:16:05.531280+00:00' AIRFLOW_CTX_TRY_NUMBER='1' AIRFLOW_CTX_DAG_RUN_ID='manual__2025-12-08T00:16:05.531280+00:00'
[2025-12-08T00:16:15.438+0000] {taskinstance.py:430} INFO - ::endgroup::
[2025-12-08T00:16:15.454+0000] {subprocess.py:63} INFO - Tmp dir root location: /tmp
[2025-12-08T00:16:15.455+0000] {subprocess.py:75} INFO - Running command: ['/usr/bin/bash', '-c', 'cd /script/refine ; python ref_mplus_stt.py || exit 3']
[2025-12-08T00:16:15.466+0000] {subprocess.py:86} INFO - Output:
[2025-12-08T00:16:16.911+0000] {subprocess.py:93} INFO - 2025-12-08 00:16:16,910 - ERROR - Script execution failed: connection to server at "localhost" (::1), port 5432 failed: Connection refused
[2025-12-08T00:16:16.911+0000] {subprocess.py:93} INFO - 	Is the server running on that host and accepting TCP/IP connections?
[2025-12-08T00:16:16.912+0000] {subprocess.py:93} INFO - connection to server at "localhost" (127.0.0.1), port 5432 failed: Connection refused
[2025-12-08T00:16:16.912+0000] {subprocess.py:93} INFO - 	Is the server running on that host and accepting TCP/IP connections?
[2025-12-08T00:16:16.913+0000] {subprocess.py:93} INFO - 
[2025-12-08T00:16:16.913+0000] {subprocess.py:93} INFO - Traceback (most recent call last):
[2025-12-08T00:16:16.914+0000] {subprocess.py:93} INFO -   File "/script/refine/ref_mplus_stt.py", line 115, in <module>
[2025-12-08T00:16:16.914+0000] {subprocess.py:93} INFO -     main()
[2025-12-08T00:16:16.914+0000] {subprocess.py:93} INFO -   File "/script/refine/ref_mplus_stt.py", line 81, in main
[2025-12-08T00:16:16.915+0000] {subprocess.py:93} INFO -     copy_dataframe_to_postgres(df, table, target_schema)
[2025-12-08T00:16:16.916+0000] {subprocess.py:93} INFO -   File "/script/refine/ref_mplus_stt.py", line 24, in copy_dataframe_to_postgres
[2025-12-08T00:16:16.917+0000] {subprocess.py:93} INFO -     conn = psycopg2.connect(
[2025-12-08T00:16:16.918+0000] {subprocess.py:93} INFO -            ^^^^^^^^^^^^^^^^^
[2025-12-08T00:16:16.919+0000] {subprocess.py:93} INFO -   File "/home/airflow/.local/lib/python3.12/site-packages/psycopg2/__init__.py", line 122, in connect
[2025-12-08T00:16:16.919+0000] {subprocess.py:93} INFO -     conn = _connect(dsn, connection_factory=connection_factory, **kwasync)
[2025-12-08T00:16:16.920+0000] {subprocess.py:93} INFO -            ^^^^^^^^^^^^^^^^^^^^^^^^^^^^^^^^^^^^^^^^^^^^^^^^^^^^^^^^^^^^^^^
[2025-12-08T00:16:16.920+0000] {subprocess.py:93} INFO - psycopg2.OperationalError: connection to server at "localhost" (::1), port 5432 failed: Connection refused
[2025-12-08T00:16:16.921+0000] {subprocess.py:93} INFO - 	Is the server running on that host and accepting TCP/IP connections?
[2025-12-08T00:16:16.922+0000] {subprocess.py:93} INFO - connection to server at "localhost" (127.0.0.1), port 5432 failed: Connection refused
[2025-12-08T00:16:16.922+0000] {subprocess.py:93} INFO - 	Is the server running on that host and accepting TCP/IP connections?
[2025-12-08T00:16:16.923+0000] {subprocess.py:93} INFO - 
[2025-12-08T00:16:17.020+0000] {subprocess.py:97} INFO - Command exited with return code 3
[2025-12-08T00:16:17.021+0000] {taskinstance.py:441} INFO - ::group::Post task execution logs
[2025-12-08T00:16:17.037+0000] {taskinstance.py:2890} ERROR - Task failed with exception
Traceback (most recent call last):
  File "/home/airflow/.local/lib/python3.12/site-packages/airflow/models/taskinstance.py", line 465, in _execute_task
    result = _execute_callable(context=context, **execute_callable_kwargs)
             ^^^^^^^^^^^^^^^^^^^^^^^^^^^^^^^^^^^^^^^^^^^^^^^^^^^^^^^^^^^^^
  File "/home/airflow/.local/lib/python3.12/site-packages/airflow/models/taskinstance.py", line 432, in _execute_callable
    return execute_callable(context=context, **execute_callable_kwargs)
           ^^^^^^^^^^^^^^^^^^^^^^^^^^^^^^^^^^^^^^^^^^^^^^^^^^^^^^^^^^^^
  File "/home/airflow/.local/lib/python3.12/site-packages/airflow/models/baseoperator.py", line 400, in wrapper
    return func(self, *args, **kwargs)
           ^^^^^^^^^^^^^^^^^^^^^^^^^^^
  File "/home/airflow/.local/lib/python3.12/site-packages/airflow/operators/bash.py", line 243, in execute
    raise AirflowException(
airflow.exceptions.AirflowException: Bash command failed. The command returned a non-zero exit code 3.
[2025-12-08T00:16:17.043+0000] {taskinstance.py:1205} INFO - Marking task as FAILED. dag_id=drive_to_refine, task_id=ref_mplus_stt, execution_date=20251208T001605, start_date=20251208T001615, end_date=20251208T001617
[2025-12-08T00:16:17.073+0000] {standard_task_runner.py:110} ERROR - Failed to execute job 30 for task ref_mplus_stt (Bash command failed. The command returned a non-zero exit code 3.; 272)
[2025-12-08T00:16:17.093+0000] {local_task_job_runner.py:240} INFO - Task exited with return code 1
[2025-12-08T00:16:17.118+0000] {taskinstance.py:3482} INFO - 0 downstream tasks scheduled from follow-on schedule check
[2025-12-08T00:16:17.121+0000] {local_task_job_runner.py:222} INFO - ::endgroup::
