[2025-12-08T09:24:22.904+0700] {local_task_job_runner.py:120} INFO - ::group::Pre task execution logs
[2025-12-08T09:24:22.936+0700] {taskinstance.py:2073} INFO - Dependencies all met for dep_context=non-requeueable deps ti=<TaskInstance: dm_mplus_billing_dmart.dm_mplus_billing manual__2025-12-08T02:24:21.468998+00:00 [queued]>
[2025-12-08T09:24:22.944+0700] {taskinstance.py:2073} INFO - Dependencies all met for dep_context=requeueable deps ti=<TaskInstance: dm_mplus_billing_dmart.dm_mplus_billing manual__2025-12-08T02:24:21.468998+00:00 [queued]>
[2025-12-08T09:24:22.946+0700] {taskinstance.py:2303} INFO - Starting attempt 1 of 1
[2025-12-08T09:24:22.961+0700] {taskinstance.py:2327} INFO - Executing <Task(BashOperator): dm_mplus_billing> on 2025-12-08 02:24:21.468998+00:00
[2025-12-08T09:24:22.967+0700] {warnings.py:110} WARNING - /home/airflow/.local/lib/python3.12/site-packages/airflow/task/task_runner/standard_task_runner.py:61: DeprecationWarning: This process (pid=908) is multi-threaded, use of fork() may lead to deadlocks in the child.
  pid = os.fork()

[2025-12-08T09:24:22.969+0700] {standard_task_runner.py:63} INFO - Started process 909 to run task
[2025-12-08T09:24:22.969+0700] {standard_task_runner.py:90} INFO - Running: ['airflow', 'tasks', 'run', 'dm_mplus_billing_dmart', 'dm_mplus_billing', 'manual__2025-12-08T02:24:21.468998+00:00', '--job-id', '89', '--raw', '--subdir', 'DAGS_FOLDER/dmart/dm_mplus_billing.py', '--cfg-path', '/tmp/tmpzf3irls3']
[2025-12-08T09:24:22.972+0700] {standard_task_runner.py:91} INFO - Job 89: Subtask dm_mplus_billing
[2025-12-08T09:24:23.064+0700] {task_command.py:426} INFO - Running <TaskInstance: dm_mplus_billing_dmart.dm_mplus_billing manual__2025-12-08T02:24:21.468998+00:00 [running]> on host 455f26e89cec
[2025-12-08T09:24:23.190+0700] {taskinstance.py:2644} INFO - Exporting env vars: AIRFLOW_CTX_DAG_OWNER='airflow' AIRFLOW_CTX_DAG_ID='dm_mplus_billing_dmart' AIRFLOW_CTX_TASK_ID='dm_mplus_billing' AIRFLOW_CTX_EXECUTION_DATE='2025-12-08T02:24:21.468998+00:00' AIRFLOW_CTX_TRY_NUMBER='1' AIRFLOW_CTX_DAG_RUN_ID='manual__2025-12-08T02:24:21.468998+00:00'
[2025-12-08T09:24:23.191+0700] {taskinstance.py:430} INFO - ::endgroup::
[2025-12-08T09:24:23.204+0700] {subprocess.py:63} INFO - Tmp dir root location: /tmp
[2025-12-08T09:24:23.206+0700] {subprocess.py:75} INFO - Running command: ['/usr/bin/bash', '-c', 'cd /script/dmart ; python dm_mplus_billing.py || exit 3']
[2025-12-08T09:24:23.216+0700] {subprocess.py:86} INFO - Output:
[2025-12-08T09:24:24.511+0700] {subprocess.py:93} INFO - 2025-12-08 09:24:24,511 - INFO - Running DBT: dbt run --select tag:dm_mplus_billing --target ref_prod --project-dir /script/dbt --profiles-dir /script/dbt
[2025-12-08T09:24:31.508+0700] {subprocess.py:93} INFO - 2025-12-08 09:24:31,507 - INFO - DBT run completed successfully.
[2025-12-08T09:24:31.551+0700] {subprocess.py:93} INFO - 2025-12-08 09:24:31,551 - INFO - Mengambil data dari refine.dm_mplus_billing ...
[2025-12-08T09:24:31.564+0700] {subprocess.py:93} INFO - /script/dmart/dm_mplus_billing.py:122: UserWarning: pandas only supports SQLAlchemy connectable (engine/connection) or database string URI or sqlite3 DBAPI2 connection. Other DBAPI2 objects are not tested. Please consider using SQLAlchemy.
[2025-12-08T09:24:31.565+0700] {subprocess.py:93} INFO -   df = pd.read_sql(query, raw_conn)
[2025-12-08T09:24:31.567+0700] {subprocess.py:93} INFO - 2025-12-08 09:24:31,567 - INFO - Jumlah baris di refine: 100
[2025-12-08T09:24:31.568+0700] {subprocess.py:93} INFO - 2025-12-08 09:24:31,567 - INFO - Menulis data ke dmart.dm_mplus_billing menggunakan Psycopg2 COPY...
[2025-12-08T09:24:31.594+0700] {subprocess.py:93} INFO - 2025-12-08 09:24:31,594 - INFO - Berhasil upload 100 rows ke dmart.dm_mplus_billing
[2025-12-08T09:24:31.615+0700] {subprocess.py:93} INFO - 2025-12-08 09:24:31,615 - INFO - Tabel 'refine.dm_mplus_billing' (Refine) berhasil dihapus
[2025-12-08T09:24:31.616+0700] {subprocess.py:93} INFO - [0m02:24:28  Running with dbt=1.7.0
[2025-12-08T09:24:31.617+0700] {subprocess.py:93} INFO - [0m02:24:29  Registered adapter: postgres=1.7.0
[2025-12-08T09:24:31.618+0700] {subprocess.py:93} INFO - [0m02:24:29  [[33mWARNING[0m]: Configuration paths exist in your dbt_project.yml file which do not apply to any resources.
[2025-12-08T09:24:31.619+0700] {subprocess.py:93} INFO - There are 1 unused configuration paths:
[2025-12-08T09:24:31.620+0700] {subprocess.py:93} INFO - - models.mplus_dbt.example
[2025-12-08T09:24:31.621+0700] {subprocess.py:93} INFO - [0m02:24:29  Found 2 models, 0 sources, 0 exposures, 0 metrics, 401 macros, 0 groups, 0 semantic models
[2025-12-08T09:24:31.621+0700] {subprocess.py:93} INFO - [0m02:24:29
[2025-12-08T09:24:31.622+0700] {subprocess.py:93} INFO - [0m02:24:29  Concurrency: 1 threads (target='ref_prod')
[2025-12-08T09:24:31.623+0700] {subprocess.py:93} INFO - [0m02:24:29
[2025-12-08T09:24:31.624+0700] {subprocess.py:93} INFO - [0m02:24:29  1 of 1 START sql table model refine.dm_mplus_billing ........................... [RUN]
[2025-12-08T09:24:31.624+0700] {subprocess.py:93} INFO - [0m02:24:29  1 of 1 OK created sql table model refine.dm_mplus_billing ...................... [[32mSELECT 100[0m in 0.24s]
[2025-12-08T09:24:31.625+0700] {subprocess.py:93} INFO - [0m02:24:29
[2025-12-08T09:24:31.626+0700] {subprocess.py:93} INFO - [0m02:24:29  Finished running 1 table model in 0 hours 0 minutes and 0.49 seconds (0.49s).
[2025-12-08T09:24:31.627+0700] {subprocess.py:93} INFO - [0m02:24:29
[2025-12-08T09:24:31.627+0700] {subprocess.py:93} INFO - [0m02:24:29  [32mCompleted successfully[0m
[2025-12-08T09:24:31.628+0700] {subprocess.py:93} INFO - [0m02:24:29
[2025-12-08T09:24:31.628+0700] {subprocess.py:93} INFO - [0m02:24:29  Done. PASS=1 WARN=0 ERROR=0 SKIP=0 TOTAL=1
[2025-12-08T09:24:31.629+0700] {subprocess.py:93} INFO - 
[2025-12-08T09:24:31.733+0700] {subprocess.py:97} INFO - Command exited with return code 0
[2025-12-08T09:24:31.734+0700] {taskinstance.py:441} INFO - ::group::Post task execution logs
[2025-12-08T09:24:31.784+0700] {taskinstance.py:1205} INFO - Marking task as SUCCESS. dag_id=dm_mplus_billing_dmart, task_id=dm_mplus_billing, execution_date=20251208T022421, start_date=20251208T022422, end_date=20251208T022431
[2025-12-08T09:24:31.843+0700] {local_task_job_runner.py:240} INFO - Task exited with return code 0
[2025-12-08T09:24:31.871+0700] {taskinstance.py:3482} INFO - 0 downstream tasks scheduled from follow-on schedule check
[2025-12-08T09:24:31.874+0700] {local_task_job_runner.py:222} INFO - ::endgroup::
