[2025-12-08T01:37:50.698+0000] {local_task_job_runner.py:120} INFO - ::group::Pre task execution logs
[2025-12-08T01:37:50.730+0000] {taskinstance.py:2073} INFO - Dependencies all met for dep_context=non-requeueable deps ti=<TaskInstance: dm_mplus_stt_dmart.dm_mplus_billing manual__2025-12-08T01:37:49.730481+00:00 [queued]>
[2025-12-08T01:37:50.739+0000] {taskinstance.py:2073} INFO - Dependencies all met for dep_context=requeueable deps ti=<TaskInstance: dm_mplus_stt_dmart.dm_mplus_billing manual__2025-12-08T01:37:49.730481+00:00 [queued]>
[2025-12-08T01:37:50.740+0000] {taskinstance.py:2303} INFO - Starting attempt 1 of 1
[2025-12-08T01:37:50.755+0000] {taskinstance.py:2327} INFO - Executing <Task(BashOperator): dm_mplus_billing> on 2025-12-08 01:37:49.730481+00:00
[2025-12-08T01:37:50.760+0000] {warnings.py:110} WARNING - /home/airflow/.local/lib/python3.12/site-packages/airflow/task/task_runner/standard_task_runner.py:61: DeprecationWarning: This process (pid=717) is multi-threaded, use of fork() may lead to deadlocks in the child.
  pid = os.fork()

[2025-12-08T01:37:50.764+0000] {standard_task_runner.py:63} INFO - Started process 718 to run task
[2025-12-08T01:37:50.762+0000] {standard_task_runner.py:90} INFO - Running: ['airflow', 'tasks', 'run', 'dm_mplus_stt_dmart', 'dm_mplus_billing', 'manual__2025-12-08T01:37:49.730481+00:00', '--job-id', '48', '--raw', '--subdir', 'DAGS_FOLDER/dmart/dm_mplus_billing.py', '--cfg-path', '/tmp/tmpabe8ts7l']
[2025-12-08T01:37:50.765+0000] {standard_task_runner.py:91} INFO - Job 48: Subtask dm_mplus_billing
[2025-12-08T01:37:50.852+0000] {task_command.py:426} INFO - Running <TaskInstance: dm_mplus_stt_dmart.dm_mplus_billing manual__2025-12-08T01:37:49.730481+00:00 [running]> on host a1c568a6392d
[2025-12-08T01:37:50.972+0000] {taskinstance.py:2644} INFO - Exporting env vars: AIRFLOW_CTX_DAG_OWNER='airflow' AIRFLOW_CTX_DAG_ID='dm_mplus_stt_dmart' AIRFLOW_CTX_TASK_ID='dm_mplus_billing' AIRFLOW_CTX_EXECUTION_DATE='2025-12-08T01:37:49.730481+00:00' AIRFLOW_CTX_TRY_NUMBER='1' AIRFLOW_CTX_DAG_RUN_ID='manual__2025-12-08T01:37:49.730481+00:00'
[2025-12-08T01:37:50.973+0000] {taskinstance.py:430} INFO - ::endgroup::
[2025-12-08T01:37:50.987+0000] {subprocess.py:63} INFO - Tmp dir root location: /tmp
[2025-12-08T01:37:50.988+0000] {subprocess.py:75} INFO - Running command: ['/usr/bin/bash', '-c', 'cd /script/dmart ; python dm_mplus_billing.py || exit 3']
[2025-12-08T01:37:50.998+0000] {subprocess.py:86} INFO - Output:
[2025-12-08T01:37:52.162+0000] {subprocess.py:93} INFO - 2025-12-08 01:37:52,162 - INFO - Running DBT: dbt run --select tag:dm_mplus_billing --target ref_prod --project-dir /script/dbt --profiles-dir /script/dbt
[2025-12-08T01:37:57.719+0000] {subprocess.py:93} INFO - 2025-12-08 01:37:57,719 - INFO - DBT run completed successfully.
[2025-12-08T01:37:57.748+0000] {subprocess.py:93} INFO - 2025-12-08 01:37:57,748 - INFO - Mengambil data dari refine.dm_mplus_billing ...
[2025-12-08T01:37:57.780+0000] {subprocess.py:93} INFO - /script/dmart/dm_mplus_billing.py:63: UserWarning: pandas only supports SQLAlchemy connectable (engine/connection) or database string URI or sqlite3 DBAPI2 connection. Other DBAPI2 objects are not tested. Please consider using SQLAlchemy.
[2025-12-08T01:37:57.781+0000] {subprocess.py:93} INFO -   df = pd.read_sql(query, raw_conn)
[2025-12-08T01:37:57.783+0000] {subprocess.py:93} INFO - 2025-12-08 01:37:57,783 - INFO - Jumlah baris di refine: 100
[2025-12-08T01:37:57.784+0000] {subprocess.py:93} INFO - 2025-12-08 01:37:57,784 - INFO - Menulis data ke dmart.dm_mplus_billing menggunakan COPY...
[2025-12-08T01:37:57.785+0000] {subprocess.py:93} INFO - 2025-12-08 01:37:57,785 - ERROR - Script execution failed during COPY: relation "dmart.dm_mplus_billing" does not exist
[2025-12-08T01:37:57.786+0000] {subprocess.py:93} INFO - 
[2025-12-08T01:37:57.787+0000] {subprocess.py:93} INFO - 2025-12-08 01:37:57,786 - ERROR - Script execution failed: relation "dmart.dm_mplus_billing" does not exist
[2025-12-08T01:37:57.788+0000] {subprocess.py:93} INFO - Traceback (most recent call last):
[2025-12-08T01:37:57.788+0000] {subprocess.py:93} INFO -   File "/script/dmart/dm_mplus_billing.py", line 117, in main
[2025-12-08T01:37:57.789+0000] {subprocess.py:93} INFO -     copy_refine_to_dmart()
[2025-12-08T01:37:57.789+0000] {subprocess.py:93} INFO -   File "/script/dmart/dm_mplus_billing.py", line 75, in copy_refine_to_dmart
[2025-12-08T01:37:57.790+0000] {subprocess.py:93} INFO -     cur.execute(f'TRUNCATE TABLE "{target_schema}"."{table}"')
[2025-12-08T01:37:57.790+0000] {subprocess.py:93} INFO - psycopg2.errors.UndefinedTable: relation "dmart.dm_mplus_billing" does not exist
[2025-12-08T01:37:57.791+0000] {subprocess.py:93} INFO - 
[2025-12-08T01:37:57.791+0000] {subprocess.py:93} INFO - [0m01:37:55  Running with dbt=1.7.0
[2025-12-08T01:37:57.792+0000] {subprocess.py:93} INFO - [0m01:37:55  Registered adapter: postgres=1.7.0
[2025-12-08T01:37:57.793+0000] {subprocess.py:93} INFO - [0m01:37:55  [[33mWARNING[0m]: Configuration paths exist in your dbt_project.yml file which do not apply to any resources.
[2025-12-08T01:37:57.793+0000] {subprocess.py:93} INFO - There are 1 unused configuration paths:
[2025-12-08T01:37:57.793+0000] {subprocess.py:93} INFO - - models.mplus_dbt.example
[2025-12-08T01:37:57.794+0000] {subprocess.py:93} INFO - [0m01:37:55  Found 2 models, 0 sources, 0 exposures, 0 metrics, 401 macros, 0 groups, 0 semantic models
[2025-12-08T01:37:57.794+0000] {subprocess.py:93} INFO - [0m01:37:55
[2025-12-08T01:37:57.795+0000] {subprocess.py:93} INFO - [0m01:37:55  Concurrency: 1 threads (target='ref_prod')
[2025-12-08T01:37:57.795+0000] {subprocess.py:93} INFO - [0m01:37:55
[2025-12-08T01:37:57.795+0000] {subprocess.py:93} INFO - [0m01:37:55  1 of 1 START sql table model refine.dm_mplus_billing ........................... [RUN]
[2025-12-08T01:37:57.796+0000] {subprocess.py:93} INFO - [0m01:37:56  1 of 1 OK created sql table model refine.dm_mplus_billing ...................... [[32mSELECT 100[0m in 0.19s]
[2025-12-08T01:37:57.796+0000] {subprocess.py:93} INFO - [0m01:37:56
[2025-12-08T01:37:57.796+0000] {subprocess.py:93} INFO - [0m01:37:56  Finished running 1 table model in 0 hours 0 minutes and 0.37 seconds (0.37s).
[2025-12-08T01:37:57.797+0000] {subprocess.py:93} INFO - [0m01:37:56
[2025-12-08T01:37:57.797+0000] {subprocess.py:93} INFO - [0m01:37:56  [32mCompleted successfully[0m
[2025-12-08T01:37:57.797+0000] {subprocess.py:93} INFO - [0m01:37:56
[2025-12-08T01:37:57.798+0000] {subprocess.py:93} INFO - [0m01:37:56  Done. PASS=1 WARN=0 ERROR=0 SKIP=0 TOTAL=1
[2025-12-08T01:37:57.798+0000] {subprocess.py:93} INFO - 
[2025-12-08T01:37:57.799+0000] {subprocess.py:93} INFO - Traceback (most recent call last):
[2025-12-08T01:37:57.799+0000] {subprocess.py:93} INFO -   File "/script/dmart/dm_mplus_billing.py", line 126, in <module>
[2025-12-08T01:37:57.800+0000] {subprocess.py:93} INFO -     main()
[2025-12-08T01:37:57.800+0000] {subprocess.py:93} INFO -   File "/script/dmart/dm_mplus_billing.py", line 117, in main
[2025-12-08T01:37:57.801+0000] {subprocess.py:93} INFO -     copy_refine_to_dmart()
[2025-12-08T01:37:57.802+0000] {subprocess.py:93} INFO -   File "/script/dmart/dm_mplus_billing.py", line 75, in copy_refine_to_dmart
[2025-12-08T01:37:57.802+0000] {subprocess.py:93} INFO -     cur.execute(f'TRUNCATE TABLE "{target_schema}"."{table}"')
[2025-12-08T01:37:57.803+0000] {subprocess.py:93} INFO - psycopg2.errors.UndefinedTable: relation "dmart.dm_mplus_billing" does not exist
[2025-12-08T01:37:57.804+0000] {subprocess.py:93} INFO - 
[2025-12-08T01:37:57.904+0000] {subprocess.py:97} INFO - Command exited with return code 3
[2025-12-08T01:37:57.905+0000] {taskinstance.py:441} INFO - ::group::Post task execution logs
[2025-12-08T01:37:57.928+0000] {taskinstance.py:2890} ERROR - Task failed with exception
Traceback (most recent call last):
  File "/home/airflow/.local/lib/python3.12/site-packages/airflow/models/taskinstance.py", line 465, in _execute_task
    result = _execute_callable(context=context, **execute_callable_kwargs)
             ^^^^^^^^^^^^^^^^^^^^^^^^^^^^^^^^^^^^^^^^^^^^^^^^^^^^^^^^^^^^^
  File "/home/airflow/.local/lib/python3.12/site-packages/airflow/models/taskinstance.py", line 432, in _execute_callable
    return execute_callable(context=context, **execute_callable_kwargs)
           ^^^^^^^^^^^^^^^^^^^^^^^^^^^^^^^^^^^^^^^^^^^^^^^^^^^^^^^^^^^^
  File "/home/airflow/.local/lib/python3.12/site-packages/airflow/models/baseoperator.py", line 400, in wrapper
    return func(self, *args, **kwargs)
           ^^^^^^^^^^^^^^^^^^^^^^^^^^^
  File "/home/airflow/.local/lib/python3.12/site-packages/airflow/operators/bash.py", line 243, in execute
    raise AirflowException(
airflow.exceptions.AirflowException: Bash command failed. The command returned a non-zero exit code 3.
[2025-12-08T01:37:57.933+0000] {taskinstance.py:1205} INFO - Marking task as FAILED. dag_id=dm_mplus_stt_dmart, task_id=dm_mplus_billing, execution_date=20251208T013749, start_date=20251208T013750, end_date=20251208T013757
[2025-12-08T01:37:57.950+0000] {standard_task_runner.py:110} ERROR - Failed to execute job 48 for task dm_mplus_billing (Bash command failed. The command returned a non-zero exit code 3.; 718)
[2025-12-08T01:37:57.985+0000] {local_task_job_runner.py:240} INFO - Task exited with return code 1
[2025-12-08T01:37:58.009+0000] {taskinstance.py:3482} INFO - 0 downstream tasks scheduled from follow-on schedule check
[2025-12-08T01:37:58.012+0000] {local_task_job_runner.py:222} INFO - ::endgroup::
