[2025-12-08T01:40:28.249+0000] {local_task_job_runner.py:120} INFO - ::group::Pre task execution logs
[2025-12-08T01:40:28.278+0000] {taskinstance.py:2073} INFO - Dependencies all met for dep_context=non-requeueable deps ti=<TaskInstance: dm_mplus_stt_dmart.dm_mplus_billing manual__2025-12-08T01:40:27.010127+00:00 [queued]>
[2025-12-08T01:40:28.286+0000] {taskinstance.py:2073} INFO - Dependencies all met for dep_context=requeueable deps ti=<TaskInstance: dm_mplus_stt_dmart.dm_mplus_billing manual__2025-12-08T01:40:27.010127+00:00 [queued]>
[2025-12-08T01:40:28.288+0000] {taskinstance.py:2303} INFO - Starting attempt 1 of 1
[2025-12-08T01:40:28.302+0000] {taskinstance.py:2327} INFO - Executing <Task(BashOperator): dm_mplus_billing> on 2025-12-08 01:40:27.010127+00:00
[2025-12-08T01:40:28.309+0000] {warnings.py:110} WARNING - /home/airflow/.local/lib/python3.12/site-packages/airflow/task/task_runner/standard_task_runner.py:61: DeprecationWarning: This process (pid=773) is multi-threaded, use of fork() may lead to deadlocks in the child.
  pid = os.fork()

[2025-12-08T01:40:28.310+0000] {standard_task_runner.py:63} INFO - Started process 774 to run task
[2025-12-08T01:40:28.312+0000] {standard_task_runner.py:90} INFO - Running: ['airflow', 'tasks', 'run', 'dm_mplus_stt_dmart', 'dm_mplus_billing', 'manual__2025-12-08T01:40:27.010127+00:00', '--job-id', '49', '--raw', '--subdir', 'DAGS_FOLDER/dmart/dm_mplus_billing.py', '--cfg-path', '/tmp/tmpv0iwpd3t']
[2025-12-08T01:40:28.314+0000] {standard_task_runner.py:91} INFO - Job 49: Subtask dm_mplus_billing
[2025-12-08T01:40:28.403+0000] {task_command.py:426} INFO - Running <TaskInstance: dm_mplus_stt_dmart.dm_mplus_billing manual__2025-12-08T01:40:27.010127+00:00 [running]> on host a1c568a6392d
[2025-12-08T01:40:28.547+0000] {taskinstance.py:2644} INFO - Exporting env vars: AIRFLOW_CTX_DAG_OWNER='airflow' AIRFLOW_CTX_DAG_ID='dm_mplus_stt_dmart' AIRFLOW_CTX_TASK_ID='dm_mplus_billing' AIRFLOW_CTX_EXECUTION_DATE='2025-12-08T01:40:27.010127+00:00' AIRFLOW_CTX_TRY_NUMBER='1' AIRFLOW_CTX_DAG_RUN_ID='manual__2025-12-08T01:40:27.010127+00:00'
[2025-12-08T01:40:28.548+0000] {taskinstance.py:430} INFO - ::endgroup::
[2025-12-08T01:40:28.574+0000] {subprocess.py:63} INFO - Tmp dir root location: /tmp
[2025-12-08T01:40:28.576+0000] {subprocess.py:75} INFO - Running command: ['/usr/bin/bash', '-c', 'cd /script/dmart ; python dm_mplus_billing.py || exit 3']
[2025-12-08T01:40:28.589+0000] {subprocess.py:86} INFO - Output:
[2025-12-08T01:40:29.769+0000] {subprocess.py:93} INFO - 2025-12-08 01:40:29,769 - INFO - Running DBT: dbt run --select tag:dm_mplus_billing --target ref_prod --project-dir /script/dbt --profiles-dir /script/dbt
[2025-12-08T01:40:35.990+0000] {subprocess.py:93} INFO - 2025-12-08 01:40:35,989 - INFO - DBT run completed successfully.
[2025-12-08T01:40:36.042+0000] {subprocess.py:93} INFO - 2025-12-08 01:40:36,042 - INFO - Mengambil data dari refine.dm_mplus_billing ...
[2025-12-08T01:40:36.052+0000] {subprocess.py:93} INFO - /script/dmart/dm_mplus_billing.py:58: UserWarning: pandas only supports SQLAlchemy connectable (engine/connection) or database string URI or sqlite3 DBAPI2 connection. Other DBAPI2 objects are not tested. Please consider using SQLAlchemy.
[2025-12-08T01:40:36.052+0000] {subprocess.py:93} INFO -   df = pd.read_sql(query, raw_conn)
[2025-12-08T01:40:36.055+0000] {subprocess.py:93} INFO - 2025-12-08 01:40:36,055 - INFO - Jumlah baris di refine: 100
[2025-12-08T01:40:36.056+0000] {subprocess.py:93} INFO - 2025-12-08 01:40:36,056 - INFO - Memastikan tabel tujuan dmart.dm_mplus_billing sudah dibuat...
[2025-12-08T01:40:36.057+0000] {subprocess.py:93} INFO - /script/dmart/dm_mplus_billing.py:63: UserWarning: pandas only supports SQLAlchemy connectable (engine/connection) or database string URI or sqlite3 DBAPI2 connection. Other DBAPI2 objects are not tested. Please consider using SQLAlchemy.
[2025-12-08T01:40:36.057+0000] {subprocess.py:93} INFO -   df.head(0).to_sql(
[2025-12-08T01:40:36.062+0000] {subprocess.py:93} INFO - 2025-12-08 01:40:36,058 - ERROR - Script execution failed: 'Engine' object has no attribute 'cursor'
[2025-12-08T01:40:36.063+0000] {subprocess.py:93} INFO - Traceback (most recent call last):
[2025-12-08T01:40:36.064+0000] {subprocess.py:93} INFO -   File "/script/dmart/dm_mplus_billing.py", line 121, in main
[2025-12-08T01:40:36.064+0000] {subprocess.py:93} INFO -     copy_refine_to_dmart()
[2025-12-08T01:40:36.065+0000] {subprocess.py:93} INFO -   File "/script/dmart/dm_mplus_billing.py", line 63, in copy_refine_to_dmart
[2025-12-08T01:40:36.065+0000] {subprocess.py:93} INFO -     df.head(0).to_sql(
[2025-12-08T01:40:36.066+0000] {subprocess.py:93} INFO -   File "/home/airflow/.local/lib/python3.12/site-packages/pandas/util/_decorators.py", line 333, in wrapper
[2025-12-08T01:40:36.066+0000] {subprocess.py:93} INFO -     return func(*args, **kwargs)
[2025-12-08T01:40:36.067+0000] {subprocess.py:93} INFO -            ^^^^^^^^^^^^^^^^^^^^^
[2025-12-08T01:40:36.067+0000] {subprocess.py:93} INFO -   File "/home/airflow/.local/lib/python3.12/site-packages/pandas/core/generic.py", line 3087, in to_sql
[2025-12-08T01:40:36.068+0000] {subprocess.py:93} INFO -     return sql.to_sql(
[2025-12-08T01:40:36.068+0000] {subprocess.py:93} INFO -            ^^^^^^^^^^^
[2025-12-08T01:40:36.069+0000] {subprocess.py:93} INFO -   File "/home/airflow/.local/lib/python3.12/site-packages/pandas/io/sql.py", line 842, in to_sql
[2025-12-08T01:40:36.070+0000] {subprocess.py:93} INFO -     return pandas_sql.to_sql(
[2025-12-08T01:40:36.070+0000] {subprocess.py:93} INFO -            ^^^^^^^^^^^^^^^^^^
[2025-12-08T01:40:36.070+0000] {subprocess.py:93} INFO -   File "/home/airflow/.local/lib/python3.12/site-packages/pandas/io/sql.py", line 2850, in to_sql
[2025-12-08T01:40:36.071+0000] {subprocess.py:93} INFO -     table.create()
[2025-12-08T01:40:36.071+0000] {subprocess.py:93} INFO -   File "/home/airflow/.local/lib/python3.12/site-packages/pandas/io/sql.py", line 984, in create
[2025-12-08T01:40:36.072+0000] {subprocess.py:93} INFO -     if self.exists():
[2025-12-08T01:40:36.072+0000] {subprocess.py:93} INFO -        ^^^^^^^^^^^^^
[2025-12-08T01:40:36.073+0000] {subprocess.py:93} INFO -   File "/home/airflow/.local/lib/python3.12/site-packages/pandas/io/sql.py", line 970, in exists
[2025-12-08T01:40:36.073+0000] {subprocess.py:93} INFO -     return self.pd_sql.has_table(self.name, self.schema)
[2025-12-08T01:40:36.074+0000] {subprocess.py:93} INFO -            ^^^^^^^^^^^^^^^^^^^^^^^^^^^^^^^^^^^^^^^^^^^^^
[2025-12-08T01:40:36.074+0000] {subprocess.py:93} INFO -   File "/home/airflow/.local/lib/python3.12/site-packages/pandas/io/sql.py", line 2865, in has_table
[2025-12-08T01:40:36.075+0000] {subprocess.py:93} INFO -     return len(self.execute(query, [name]).fetchall()) > 0
[2025-12-08T01:40:36.075+0000] {subprocess.py:93} INFO -                ^^^^^^^^^^^^^^^^^^^^^^^^^^^
[2025-12-08T01:40:36.076+0000] {subprocess.py:93} INFO -   File "/home/airflow/.local/lib/python3.12/site-packages/pandas/io/sql.py", line 2672, in execute
[2025-12-08T01:40:36.076+0000] {subprocess.py:93} INFO -     cur = self.con.cursor()
[2025-12-08T01:40:36.076+0000] {subprocess.py:93} INFO -           ^^^^^^^^^^^^^^^
[2025-12-08T01:40:36.077+0000] {subprocess.py:93} INFO - AttributeError: 'Engine' object has no attribute 'cursor'
[2025-12-08T01:40:36.077+0000] {subprocess.py:93} INFO - [0m01:40:33  Running with dbt=1.7.0
[2025-12-08T01:40:36.078+0000] {subprocess.py:93} INFO - [0m01:40:33  Registered adapter: postgres=1.7.0
[2025-12-08T01:40:36.078+0000] {subprocess.py:93} INFO - [0m01:40:33  [[33mWARNING[0m]: Configuration paths exist in your dbt_project.yml file which do not apply to any resources.
[2025-12-08T01:40:36.079+0000] {subprocess.py:93} INFO - There are 1 unused configuration paths:
[2025-12-08T01:40:36.080+0000] {subprocess.py:93} INFO - - models.mplus_dbt.example
[2025-12-08T01:40:36.080+0000] {subprocess.py:93} INFO - [0m01:40:33  Found 2 models, 0 sources, 0 exposures, 0 metrics, 401 macros, 0 groups, 0 semantic models
[2025-12-08T01:40:36.081+0000] {subprocess.py:93} INFO - [0m01:40:33
[2025-12-08T01:40:36.081+0000] {subprocess.py:93} INFO - [0m01:40:34  Concurrency: 1 threads (target='ref_prod')
[2025-12-08T01:40:36.082+0000] {subprocess.py:93} INFO - [0m01:40:34
[2025-12-08T01:40:36.082+0000] {subprocess.py:93} INFO - [0m01:40:34  1 of 1 START sql table model refine.dm_mplus_billing ........................... [RUN]
[2025-12-08T01:40:36.083+0000] {subprocess.py:93} INFO - [0m01:40:34  1 of 1 OK created sql table model refine.dm_mplus_billing ...................... [[32mSELECT 100[0m in 0.20s]
[2025-12-08T01:40:36.083+0000] {subprocess.py:93} INFO - [0m01:40:34
[2025-12-08T01:40:36.084+0000] {subprocess.py:93} INFO - [0m01:40:34  Finished running 1 table model in 0 hours 0 minutes and 0.38 seconds (0.38s).
[2025-12-08T01:40:36.085+0000] {subprocess.py:93} INFO - [0m01:40:34
[2025-12-08T01:40:36.086+0000] {subprocess.py:93} INFO - [0m01:40:34  [32mCompleted successfully[0m
[2025-12-08T01:40:36.087+0000] {subprocess.py:93} INFO - [0m01:40:34
[2025-12-08T01:40:36.087+0000] {subprocess.py:93} INFO - [0m01:40:34  Done. PASS=1 WARN=0 ERROR=0 SKIP=0 TOTAL=1
[2025-12-08T01:40:36.088+0000] {subprocess.py:93} INFO - 
[2025-12-08T01:40:36.089+0000] {subprocess.py:93} INFO - Traceback (most recent call last):
[2025-12-08T01:40:36.089+0000] {subprocess.py:93} INFO -   File "/script/dmart/dm_mplus_billing.py", line 130, in <module>
[2025-12-08T01:40:36.090+0000] {subprocess.py:93} INFO -     main()
[2025-12-08T01:40:36.091+0000] {subprocess.py:93} INFO -   File "/script/dmart/dm_mplus_billing.py", line 121, in main
[2025-12-08T01:40:36.091+0000] {subprocess.py:93} INFO -     copy_refine_to_dmart()
[2025-12-08T01:40:36.092+0000] {subprocess.py:93} INFO -   File "/script/dmart/dm_mplus_billing.py", line 63, in copy_refine_to_dmart
[2025-12-08T01:40:36.093+0000] {subprocess.py:93} INFO -     df.head(0).to_sql(
[2025-12-08T01:40:36.093+0000] {subprocess.py:93} INFO -   File "/home/airflow/.local/lib/python3.12/site-packages/pandas/util/_decorators.py", line 333, in wrapper
[2025-12-08T01:40:36.094+0000] {subprocess.py:93} INFO -     return func(*args, **kwargs)
[2025-12-08T01:40:36.094+0000] {subprocess.py:93} INFO -            ^^^^^^^^^^^^^^^^^^^^^
[2025-12-08T01:40:36.095+0000] {subprocess.py:93} INFO -   File "/home/airflow/.local/lib/python3.12/site-packages/pandas/core/generic.py", line 3087, in to_sql
[2025-12-08T01:40:36.095+0000] {subprocess.py:93} INFO -     return sql.to_sql(
[2025-12-08T01:40:36.096+0000] {subprocess.py:93} INFO -            ^^^^^^^^^^^
[2025-12-08T01:40:36.096+0000] {subprocess.py:93} INFO -   File "/home/airflow/.local/lib/python3.12/site-packages/pandas/io/sql.py", line 842, in to_sql
[2025-12-08T01:40:36.097+0000] {subprocess.py:93} INFO -     return pandas_sql.to_sql(
[2025-12-08T01:40:36.097+0000] {subprocess.py:93} INFO -            ^^^^^^^^^^^^^^^^^^
[2025-12-08T01:40:36.098+0000] {subprocess.py:93} INFO -   File "/home/airflow/.local/lib/python3.12/site-packages/pandas/io/sql.py", line 2850, in to_sql
[2025-12-08T01:40:36.098+0000] {subprocess.py:93} INFO -     table.create()
[2025-12-08T01:40:36.099+0000] {subprocess.py:93} INFO -   File "/home/airflow/.local/lib/python3.12/site-packages/pandas/io/sql.py", line 984, in create
[2025-12-08T01:40:36.099+0000] {subprocess.py:93} INFO -     if self.exists():
[2025-12-08T01:40:36.100+0000] {subprocess.py:93} INFO -        ^^^^^^^^^^^^^
[2025-12-08T01:40:36.100+0000] {subprocess.py:93} INFO -   File "/home/airflow/.local/lib/python3.12/site-packages/pandas/io/sql.py", line 970, in exists
[2025-12-08T01:40:36.101+0000] {subprocess.py:93} INFO -     return self.pd_sql.has_table(self.name, self.schema)
[2025-12-08T01:40:36.102+0000] {subprocess.py:93} INFO -            ^^^^^^^^^^^^^^^^^^^^^^^^^^^^^^^^^^^^^^^^^^^^^
[2025-12-08T01:40:36.102+0000] {subprocess.py:93} INFO -   File "/home/airflow/.local/lib/python3.12/site-packages/pandas/io/sql.py", line 2865, in has_table
[2025-12-08T01:40:36.103+0000] {subprocess.py:93} INFO -     return len(self.execute(query, [name]).fetchall()) > 0
[2025-12-08T01:40:36.103+0000] {subprocess.py:93} INFO -                ^^^^^^^^^^^^^^^^^^^^^^^^^^^
[2025-12-08T01:40:36.104+0000] {subprocess.py:93} INFO -   File "/home/airflow/.local/lib/python3.12/site-packages/pandas/io/sql.py", line 2672, in execute
[2025-12-08T01:40:36.105+0000] {subprocess.py:93} INFO -     cur = self.con.cursor()
[2025-12-08T01:40:36.105+0000] {subprocess.py:93} INFO -           ^^^^^^^^^^^^^^^
[2025-12-08T01:40:36.106+0000] {subprocess.py:93} INFO - AttributeError: 'Engine' object has no attribute 'cursor'
[2025-12-08T01:40:36.195+0000] {subprocess.py:97} INFO - Command exited with return code 3
[2025-12-08T01:40:36.196+0000] {taskinstance.py:441} INFO - ::group::Post task execution logs
[2025-12-08T01:40:36.219+0000] {taskinstance.py:2890} ERROR - Task failed with exception
Traceback (most recent call last):
  File "/home/airflow/.local/lib/python3.12/site-packages/airflow/models/taskinstance.py", line 465, in _execute_task
    result = _execute_callable(context=context, **execute_callable_kwargs)
             ^^^^^^^^^^^^^^^^^^^^^^^^^^^^^^^^^^^^^^^^^^^^^^^^^^^^^^^^^^^^^
  File "/home/airflow/.local/lib/python3.12/site-packages/airflow/models/taskinstance.py", line 432, in _execute_callable
    return execute_callable(context=context, **execute_callable_kwargs)
           ^^^^^^^^^^^^^^^^^^^^^^^^^^^^^^^^^^^^^^^^^^^^^^^^^^^^^^^^^^^^
  File "/home/airflow/.local/lib/python3.12/site-packages/airflow/models/baseoperator.py", line 400, in wrapper
    return func(self, *args, **kwargs)
           ^^^^^^^^^^^^^^^^^^^^^^^^^^^
  File "/home/airflow/.local/lib/python3.12/site-packages/airflow/operators/bash.py", line 243, in execute
    raise AirflowException(
airflow.exceptions.AirflowException: Bash command failed. The command returned a non-zero exit code 3.
[2025-12-08T01:40:36.224+0000] {taskinstance.py:1205} INFO - Marking task as FAILED. dag_id=dm_mplus_stt_dmart, task_id=dm_mplus_billing, execution_date=20251208T014027, start_date=20251208T014028, end_date=20251208T014036
[2025-12-08T01:40:36.242+0000] {standard_task_runner.py:110} ERROR - Failed to execute job 49 for task dm_mplus_billing (Bash command failed. The command returned a non-zero exit code 3.; 774)
[2025-12-08T01:40:36.259+0000] {local_task_job_runner.py:240} INFO - Task exited with return code 1
[2025-12-08T01:40:36.293+0000] {taskinstance.py:3482} INFO - 0 downstream tasks scheduled from follow-on schedule check
[2025-12-08T01:40:36.296+0000] {local_task_job_runner.py:222} INFO - ::endgroup::
